
[ â€‰â€‰â€…â€…UTCâ€…â€…â€‰â€‰ ] Logs for helix-dashboard.streamlit.app/
â”€â”€â”€â”€â”€â”€â”€â”€â”€â”€â”€â”€â”€â”€â”€â”€â”€â”€â”€â”€â”€â”€â”€â”€â”€â”€â”€â”€â”€â”€â”€â”€â”€â”€â”€â”€â”€â”€â”€â”€â”€â”€â”€â”€â”€â”€â”€â”€â”€â”€â”€â”€â”€â”€â”€â”€â”€â”€â”€â”€â”€â”€â”€â”€â”€â”€â”€â”€â”€â”€â”€â”€â”€â”€â”€â”€â”€â”€â”€â”€â”€â”€â”€â”€â”€â”€â”€â”€
[20:51:53] ğŸ–¥ Provisioning machine...
[20:51:53] ğŸ› Preparing system...
[20:51:53] â›“ Spinning up manager process...
[20:51:47] ğŸš€ Starting up repository: 'helix-unified', branch: 'main', main module: 'dashboard/streamlit_app.py'
[20:51:47] ğŸ™ Cloning repository...
[20:51:49] ğŸ™ Cloning into '/mount/src/helix-unified'...

[20:51:49] ğŸ™ Cloned repository!
[20:51:49] ğŸ™ Pulling code changes from Github...
[20:51:50] ğŸ“¦ Processing dependencies...

â”€â”€â”€â”€â”€â”€â”€â”€â”€â”€â”€â”€â”€â”€â”€â”€â”€â”€â”€â”€â”€â”€â”€â”€â”€â”€â”€â”€â”€â”€â”€â”€â”€â”€â”€â”€â”€â”€â”€â”€ uv â”€â”€â”€â”€â”€â”€â”€â”€â”€â”€â”€â”€â”€â”€â”€â”€â”€â”€â”€â”€â”€â”€â”€â”€â”€â”€â”€â”€â”€â”€â”€â”€â”€â”€â”€â”€â”€â”€â”€â”€â”€â”€â”€

Using uv pip install.
Using Python 3.13.9 environment at /home/adminuser/venv
Resolved 98 packages in 2.10s
  Ã— Failed to download and build `scipy==1.11.3`
  â•°â”€â–¶ Build backend failed to build wheel through `build_wheel` (exit status:
      1)

      [stdout]
      + meson setup
      /home/adminuser/.cache/uv/sdists-v6/pypi/scipy/1.11.3/9waIY0Nx6Hs7fmnhPxUS6/src
      /home/adminuser/.cache/uv/sdists-v6/pypi/scipy/1.11.3/9waIY0Nx6Hs7fmnhPxUS6/src/.mesonpy-pjxp92ur
      -Dbuildtype=release -Db_ndebug=if-release -Db_vscrt=md
      --native-file=/home/adminuser/.cache/uv/sdists-v6/pypi/scipy/1.11.3/9waIY0Nx6Hs7fmnhPxUS6/src/.mesonpy-pjxp92ur/meson-python-native-file.ini
      The Meson build system
      Version: 1.9.1
      Source dir:
      /home/adminuser/.cache/uv/sdists-v6/pypi/scipy/1.11.3/9waIY0Nx6Hs7fmnhPxUS6/src
      Build dir:
      /home/adminuser/.cache/uv/sdists-v6/pypi/scipy/1.11.3/9waIY0Nx6Hs7fmnhPxUS6/src/.mesonpy-pjxp92ur
      Build type: native build
      Project name: SciPy
      Project version: 1.11.3
      C compiler for the host machine: cc (gcc 12.2.0 "cc (Debian
      12.2.0-14+deb12u1) 12.2.0")
      C linker for the host machine: cc ld.bfd 2.40
      C++ compiler for the host machine: c++ (gcc 12.2.0 "c++ (Debian
      12.2.0-14+deb12u1) 12.2.0")
      C++ linker for the host machine: c++ ld.bfd 2.40
      Cython compiler for the host machine: cython (cython 0.29.37)
      Host machine cpu family: x86_64
      Host machine cpu: x86_64
      Program python found: YES
      (/home/adminuser/.cache/uv/builds-v0/.tmpStn9qP/bin/python)
      Did not find pkg-config by name 'pkg-config'
      Found pkg-config: NO
      Run-time dependency python found: YES 3.13
      Program cython found: YES
      (/home/adminuser/.cache/uv/builds-v0/.tmpStn9qP/bin/cython)
      Compiler for C supports arguments -Wno-unused-but-set-variable: YES
      Compiler for C supports arguments -Wno-unused-function: YES
      Compiler for C supports arguments -Wno-conversion: YES
      Compiler for C supports arguments -Wno-misleading-indentation: YES
      Library m found: YES

      ../meson.build:82:0: ERROR: Unknown compiler(s): [['gfortran'],
      ['flang-new'], ['flang'], ['nvfortran'], ['pgfortran'], ['ifort'],
      ['ifx'], ['g95']]
      The following exception(s) were encountered:
      Running `gfortran --help` gave "[Errno 2] No such file or directory:
      'gfortran'"
      Running `gfortran --version` gave "[Errno 2] No such file or directory:
      'gfortran'"
      Running `gfortran -V` gave "[Errno 2] No such file or directory:
      'gfortran'"
      Running `flang-new --help` gave "[Errno 2] No such file or directory:
      'flang-new'"
      Running `flang-new --version` gave "[Errno 2] No such file or directory:
      'flang-new'"
      Running `flang-new -V` gave "[Errno 2] No such file or directory:
      'flang-new'"
      Running `flang --help` gave "[Errno 2] No such file or directory:
      'flang'"
      Running `flang --version` gave "[Errno 2] No such file or directory:
      'flang'"
      Running `flang -V` gave "[Errno 2] No such file or directory: 'flang'"
      Running `nvfortran --help` gave "[Errno 2] No such file or directory:
      'nvfortran'"
      Running `nvfortran --version` gave "[Errno 2] No such file or directory:
      'nvfortran'"
      Running `nvfortran -V` gave "[Errno 2] No such file or directory:
      'nvfortran'"
      Running `pgfortran --help` gave "[Errno 2] No such file or directory:
      'pgfortran'"
      Running `pgfortran --version` gave "[Errno 2] No such file or directory:
      'pgfortran'"
      Running `pgfortran -V` gave "[Errno 2] No such file or directory:
      'pgfortran'"
      Running `ifort --help` gave "[Errno 2] No such file or directory:
      'ifort'"
      Running `ifort --version` gave "[Errno 2] No such file or directory:
      'ifort'"
      Running `ifort -V` gave "[Errno 2] No such file or directory: 'ifort'"
      Running `ifx --help` gave "[Errno 2] No such file or directory: 'ifx'"
      Running `ifx --version` gave "[Errno 2] No such file or directory:
      'ifx'"
      Running `ifx -V` gave "[Errno 2] No such file or directory: 'ifx'"
      Running `g95 --help` gave "[Errno 2] No such file or directory: 'g95'"
      Running `g95 --version` gave "[Errno 2] No such file or directory:
      'g95'"
      Running `g95 -V` gave "[Errno 2] No such file or directory: 'g95'"

      A full log can be found at
      /home/adminuser/.cache/uv/sdists-v6/pypi/scipy/1.11.3/9waIY0Nx6Hs7fmnhPxUS6/src/.mesonpy-pjxp92ur/meson-logs/meson-log.txt

Checking if Streamlit is installed
Installing rich for an improved exception logging
Using uv pip install.
Using Python 3.13.9 environment at /home/adminuser/venv
Resolved 4 packages in 50ms
Prepared 1 package in 46ms
Installed 4 packages in 17ms
 + markdown-it-py==4.0.0
 + mdurl==0.1.2
 + pygments[2025-10-28 20:52:10.008952] ==2.19.2
 + rich==14.2.0

â”€â”€â”€â”€â”€â”€â”€â”€â”€â”€â”€â”€â”€â”€â”€â”€â”€â”€â”€â”€â”€â”€â”€â”€â”€â”€â”€â”€â”€â”€â”€â”€â”€â”€â”€â”€â”€â”€â”€â”€â”€â”€â”€â”€â”€â”€â”€â”€â”€â”€â”€â”€â”€â”€â”€â”€â”€â”€â”€â”€â”€â”€â”€â”€â”€â”€â”€â”€â”€â”€â”€â”€â”€â”€â”€â”€â”€â”€â”€â”€â”€â”€â”€â”€â”€â”€â”€â”€


â”€â”€â”€â”€â”€â”€â”€â”€â”€â”€â”€â”€â”€â”€â”€â”€â”€â”€â”€â”€â”€â”€â”€â”€â”€â”€â”€â”€â”€â”€â”€â”€â”€â”€â”€â”€â”€â”€â”€â”€ pip â”€â”€â”€â”€â”€â”€â”€â”€â”€â”€â”€â”€â”€â”€â”€â”€â”€â”€â”€â”€â”€â”€â”€â”€â”€â”€â”€â”€â”€â”€â”€â”€â”€â”€â”€â”€â”€â”€â”€â”€â”€â”€â”€

Using standard pip install.
Collecting fastapi==0.115.0 (from -r /mount/src/helix-unified/requirements.txt (line 3))
  Downloading fastapi-0.115.0-py3-none-any.whl.metadata (27 kB)
Collecting uvicorn==0.32.0 (from uvicorn[standard]==0.32.0->-r /mount/src/helix-unified/requirements.txt (line 4))
  Downloading uvicorn-0.32.0-py3-none-any.whl.metadata (6.6 kB)
Collecting python-dotenv==1.0.1 (from -r /mount/src/helix-unified/requirements.txt (line 5))
  Downloading python_dotenv-1.0.1-py3-none-any.whl.metadata (23 kB)
Collecting discord.py==2.4.0 (from -r /mount/src/helix-unified/requirements.txt (line 8))
  Downloading discord.py-2.4.0-py3-none-any.whl.metadata (6.9 kB)
Collecting redis==5.2.0 (from redis[hiredis]==5.2.0->-r /mount/src/helix-unified/requirements.txt (line 11))
  Downloading redis-5.2.0-py3-none-any.whl.metadata (9.1 kB)
Collecting asyncpg==0.30.0 (from -r /mount/src/helix-unified/requirements.txt (line 12))
  Downloading asyncpg-0.30.0-cp313-cp313-manylinux_2_17_x86_64.manylinux2014_x86_64.whl.metadata (5.0 kB)
Collecting sqlalchemy==2.0.23 (from -r /mount/src/helix-unified/requirements.txt (line 13))
  Downloading SQLAlchemy-2.0.23-py3-none-any.whl.metadata (9.6 kB)
Collecting mega.py (from -r /mount/src/helix-unified/requirements.txt (line 15))
  Downloading mega.py-1.0.8-py2.py3-none-any.whl.metadata (6.5 kB)
Collecting pycryptodome (from -r /mount/src/helix-unified/requirements.txt (line 16))
  Downloading pycryptodome-3.23.0-cp37-abi3-manylinux_2_17_x86_64.manylinux2014_x86_64.whl.metadata (3.4 kB)
Collecting numpy==1.26.4 (from -r /mount/src/helix-unified/requirements.txt (line 19))
  Downloading numpy-1.26.4.tar.gz (15.8 MB)
     â”â”â”â”â”â”â”â”â”â”â”â”â”â”â”â”â”â”â”â”â”â”â”â”â”â”â”â”â”â”â”â”â”â”â”â”â”â”â” 15.8/15.8 MB 167.0 MB/s eta 0:00:00[2025-10-28 20:52:12.723644] 
  Installing build dependencies: started
  Installing build dependencies: finished with status 'done'
  Getting requirements to build wheel: started
  Getting requirements to build wheel: finished with status 'done'
  Installing backend dependencies: started
  Installing backend dependencies: finished with status 'done'
  Preparing metadata (pyproject.toml): started
  Preparing metadata (pyproject.toml): still running...
  Preparing metadata (pyproject.toml): finished with status 'done'
Collecting pydub==0.25.1 (from -r /mount/src/helix-unified/requirements.txt (line 20))
  Downloading pydub-0.25.1-py2.py3-none-any.whl.metadata (1.4 kB)
Collecting httpx==0.28.0 (from -r /mount/src/helix-unified/requirements.txt (line 23))
  Downloading httpx-0.28.0-py3-none-any.whl.metadata (7.1 kB)
Collecting aiohttp==3.11.0 (from -r /mount/src/helix-unified/requirements.txt (line 24))
  Downloading aiohttp-3.11.0-cp313-cp313-manylinux_2_17_x86_64.manylinux2014_x86_64.whl.metadata (7.7 kB)
Collecting requests==2.31.0 (from -r /mount/src/helix-unified/requirements.txt (line 25))
  Downloading requests-2.31.0-py3-none-any.whl.metadata (4.6 kB)
Collecting aiofiles==23.2.1 (from -r /mount/src/helix-unified/requirements.txt (line 30))
  Downloading aiofiles-23.2.1-py3-none-any.whl.metadata (9.7 kB)
Collecting sentry-sdk==2.19.0 (from sentry-sdk[fastapi]==2.19.0->-r /mount/src/helix-unified/requirements.txt (line 33))
  Downloading sentry_sdk-2.19.0-py2.py3-none-any.whl.metadata (9.9 kB)
Collecting streamlit==1.40.0 (from -r /mount/src/helix-unified/requirements.txt (line 36))
  Downloading streamlit-1.40.0-py2.py3-none-any.whl.metadata (8.5 kB)
Collecting plotly==5.18.0 (from -r /mount/src/helix-unified/requirements.txt (line 37))
  Downloading plotly-5.18.0-py3-none-any.whl.metadata (7.0 kB)
Collecting pandas==2.1.3 (from -r /mount/src/helix-unified/requirements.txt (line 38))
  Downloading pandas-2.1.3.tar.gz (4.3 MB)
     â”â”â”â”â”â”â”â”â”â”â”â”â”â”â”â”â”â”â”â”â”â”â”â”â”â”â”â”â”â”â”â”â”â”â”â”â”â”â”â” 4.3/4.3 MB 179.1 MB/s eta 0:00:00[2025-10-28 20:53:57.555457] 
  Installing build dependencies: started
  Installing build dependencies: still running...
[20:51:47] ğŸš€ Starting up repository: 'helix-unified', branch: 'main', main module: 'dashboard/streamlit_app.py'
[20:51:47] ğŸ™ Cloning repository...
[20:51:49] ğŸ™ Cloning into '/mount/src/helix-unified'...

[20:51:49] ğŸ™ Cloned repository!
[20:51:49] ğŸ™ Pulling code changes from Github...
[20:51:50] ğŸ“¦ Processing dependencies...

â”€â”€â”€â”€â”€â”€â”€â”€â”€â”€â”€â”€â”€â”€â”€â”€â”€â”€â”€â”€â”€â”€â”€â”€â”€â”€â”€â”€â”€â”€â”€â”€â”€â”€â”€â”€â”€â”€â”€â”€ uv â”€â”€â”€â”€â”€â”€â”€â”€â”€â”€â”€â”€â”€â”€â”€â”€â”€â”€â”€â”€â”€â”€â”€â”€â”€â”€â”€â”€â”€â”€â”€â”€â”€â”€â”€â”€â”€â”€â”€â”€â”€â”€â”€

Using uv pip install.
Using Python 3.13.9 environment at /home/adminuser/venv
Resolved 98 packages in 2.10s
  Ã— Failed to download and build `scipy==1.11.3`
  â•°â”€â–¶ Build backend failed to build wheel through `build_wheel` (exit status:
      1)

      [stdout]
      + meson setup
      /home/adminuser/.cache/uv/sdists-v6/pypi/scipy/1.11.3/9waIY0Nx6Hs7fmnhPxUS6/src
      /home/adminuser/.cache/uv/sdists-v6/pypi/scipy/1.11.3/9waIY0Nx6Hs7fmnhPxUS6/src/.mesonpy-pjxp92ur
      -Dbuildtype=release -Db_ndebug=if-release -Db_vscrt=md
      --native-file=/home/adminuser/.cache/uv/sdists-v6/pypi/scipy/1.11.3/9waIY0Nx6Hs7fmnhPxUS6/src/.mesonpy-pjxp92ur/meson-python-native-file.ini
      The Meson build system
      Version: 1.9.1
      Source dir:
      /home/adminuser/.cache/uv/sdists-v6/pypi/scipy/1.11.3/9waIY0Nx6Hs7fmnhPxUS6/src
      Build dir:
      /home/adminuser/.cache/uv/sdists-v6/pypi/scipy/1.11.3/9waIY0Nx6Hs7fmnhPxUS6/src/.mesonpy-pjxp92ur
      Build type: native build
      Project name: SciPy
      Project version: 1.11.3
      C compiler for the host machine: cc (gcc 12.2.0 "cc (Debian
      12.2.0-14+deb12u1) 12.2.0")
      C linker for the host machine: cc ld.bfd 2.40
      C++ compiler for the host machine: c++ (gcc 12.2.0 "c++ (Debian
      12.2.0-14+deb12u1) 12.2.0")
      C++ linker for the host machine: c++ ld.bfd 2.40
      Cython compiler for the host machine: cython (cython 0.29.37)
      Host machine cpu family: x86_64
      Host machine cpu: x86_64
      Program python found: YES
      (/home/adminuser/.cache/uv/builds-v0/.tmpStn9qP/bin/python)
      Did not find pkg-config by name 'pkg-config'
      Found pkg-config: NO
      Run-time dependency python found: YES 3.13
      Program cython found: YES
      (/home/adminuser/.cache/uv/builds-v0/.tmpStn9qP/bin/cython)
      Compiler for C supports arguments -Wno-unused-but-set-variable: YES
      Compiler for C supports arguments -Wno-unused-function: YES
      Compiler for C supports arguments -Wno-conversion: YES
      Compiler for C supports arguments -Wno-misleading-indentation: YES
      Library m found: YES

      ../meson.build:82:0: ERROR: Unknown compiler(s): [['gfortran'],
      ['flang-new'], ['flang'], ['nvfortran'], ['pgfortran'], ['ifort'],
      ['ifx'], ['g95']]
      The following exception(s) were encountered:
      Running `gfortran --help` gave "[Errno 2] No such file or directory:
      'gfortran'"
      Running `gfortran --version` gave "[Errno 2] No such file or directory:
      'gfortran'"
      Running `gfortran -V` gave "[Errno 2] No such file or directory:
      'gfortran'"
      Running `flang-new --help` gave "[Errno 2] No such file or directory:
      'flang-new'"
      Running `flang-new --version` gave "[Errno 2] No such file or directory:
      'flang-new'"
      Running `flang-new -V` gave "[Errno 2] No such file or directory:
      'flang-new'"
      Running `flang --help` gave "[Errno 2] No such file or directory:
      'flang'"
      Running `flang --version` gave "[Errno 2] No such file or directory:
      'flang'"
      Running `flang -V` gave "[Errno 2] No such file or directory: 'flang'"
      Running `nvfortran --help` gave "[Errno 2] No such file or directory:
      'nvfortran'"
      Running `nvfortran --version` gave "[Errno 2] No such file or directory:
      'nvfortran'"
      Running `nvfortran -V` gave "[Errno 2] No such file or directory:
      'nvfortran'"
      Running `pgfortran --help` gave "[Errno 2] No such file or directory:
      'pgfortran'"
      Running `pgfortran --version` gave "[Errno 2] No such file or directory:
      'pgfortran'"
      Running `pgfortran -V` gave "[Errno 2] No such file or directory:
      'pgfortran'"
      Running `ifort --help` gave "[Errno 2] No such file or directory:
      'ifort'"
      Running `ifort --version` gave "[Errno 2] No such file or directory:
      'ifort'"
      Running `ifort -V` gave "[Errno 2] No such file or directory: 'ifort'"
      Running `ifx --help` gave "[Errno 2] No such file or directory: 'ifx'"
      Running `ifx --version` gave "[Errno 2] No such file or directory:
      'ifx'"
      Running `ifx -V` gave "[Errno 2] No such file or directory: 'ifx'"
      Running `g95 --help` gave "[Errno 2] No such file or directory: 'g95'"
      Running `g95 --version` gave "[Errno 2] No such file or directory:
      'g95'"
      Running `g95 -V` gave "[Errno 2] No such file or directory: 'g95'"

      A full log can be found at
      /home/adminuser/.cache/uv/sdists-v6/pypi/scipy/1.11.3/9waIY0Nx6Hs7fmnhPxUS6/src/.mesonpy-pjxp92ur/meson-logs/meson-log.txt

Checking if Streamlit is installed
Installing rich for an improved exception logging
Using uv pip install.
Using Python 3.13.9 environment at /home/adminuser/venv
Resolved 4 packages in 50ms
Prepared 1 package in 46ms
Installed 4 packages in 17ms
 + markdown-it-py==4.0.0
 + mdurl==0.1.2
 + pygments[2025-10-28 20:52:10.008952] ==2.19.2
 + rich==14.2.0

â”€â”€â”€â”€â”€â”€â”€â”€â”€â”€â”€â”€â”€â”€â”€â”€â”€â”€â”€â”€â”€â”€â”€â”€â”€â”€â”€â”€â”€â”€â”€â”€â”€â”€â”€â”€â”€â”€â”€â”€â”€â”€â”€â”€â”€â”€â”€â”€â”€â”€â”€â”€â”€â”€â”€â”€â”€â”€â”€â”€â”€â”€â”€â”€â”€â”€â”€â”€â”€â”€â”€â”€â”€â”€â”€â”€â”€â”€â”€â”€â”€â”€â”€â”€â”€â”€â”€â”€


â”€â”€â”€â”€â”€â”€â”€â”€â”€â”€â”€â”€â”€â”€â”€â”€â”€â”€â”€â”€â”€â”€â”€â”€â”€â”€â”€â”€â”€â”€â”€â”€â”€â”€â”€â”€â”€â”€â”€â”€ pip â”€â”€â”€â”€â”€â”€â”€â”€â”€â”€â”€â”€â”€â”€â”€â”€â”€â”€â”€â”€â”€â”€â”€â”€â”€â”€â”€â”€â”€â”€â”€â”€â”€â”€â”€â”€â”€â”€â”€â”€â”€â”€â”€

Using standard pip install.
Collecting fastapi==0.115.0 (from -r /mount/src/helix-unified/requirements.txt (line 3))
  Downloading fastapi-0.115.0-py3-none-any.whl.metadata (27 kB)
Collecting uvicorn==0.32.0 (from uvicorn[standard]==0.32.0->-r /mount/src/helix-unified/requirements.txt (line 4))
  Downloading uvicorn-0.32.0-py3-none-any.whl.metadata (6.6 kB)
Collecting python-dotenv==1.0.1 (from -r /mount/src/helix-unified/requirements.txt (line 5))
  Downloading python_dotenv-1.0.1-py3-none-any.whl.metadata (23 kB)
Collecting discord.py==2.4.0 (from -r /mount/src/helix-unified/requirements.txt (line 8))
  Downloading discord.py-2.4.0-py3-none-any.whl.metadata (6.9 kB)
Collecting redis==5.2.0 (from redis[hiredis]==5.2.0->-r /mount/src/helix-unified/requirements.txt (line 11))
  Downloading redis-5.2.0-py3-none-any.whl.metadata (9.1 kB)
Collecting asyncpg==0.30.0 (from -r /mount/src/helix-unified/requirements.txt (line 12))
  Downloading asyncpg-0.30.0-cp313-cp313-manylinux_2_17_x86_64.manylinux2014_x86_64.whl.metadata (5.0 kB)
Collecting sqlalchemy==2.0.23 (from -r /mount/src/helix-unified/requirements.txt (line 13))
  Downloading SQLAlchemy-2.0.23-py3-none-any.whl.metadata (9.6 kB)
Collecting mega.py (from -r /mount/src/helix-unified/requirements.txt (line 15))
  Downloading mega.py-1.0.8-py2.py3-none-any.whl.metadata (6.5 kB)
Collecting pycryptodome (from -r /mount/src/helix-unified/requirements.txt (line 16))
  Downloading pycryptodome-3.23.0-cp37-abi3-manylinux_2_17_x86_64.manylinux2014_x86_64.whl.metadata (3.4 kB)
Collecting numpy==1.26.4 (from -r /mount/src/helix-unified/requirements.txt (line 19))
  Downloading numpy-1.26.4.tar.gz (15.8 MB)
     â”â”â”â”â”â”â”â”â”â”â”â”â”â”â”â”â”â”â”â”â”â”â”â”â”â”â”â”â”â”â”â”â”â”â”â”â”â”â” 15.8/15.8 MB 167.0 MB/s eta 0:00:00[2025-10-28 20:52:12.723644] 
  Installing build dependencies: started
  Installing build dependencies: finished with status 'done'
  Getting requirements to build wheel: started
  Getting requirements to build wheel: finished with status 'done'
  Installing backend dependencies: started
  Installing backend dependencies: finished with status 'done'
  Preparing metadata (pyproject.toml): started
  Preparing metadata (pyproject.toml): still running...
  Preparing metadata (pyproject.toml): finished with status 'done'
Collecting pydub==0.25.1 (from -r /mount/src/helix-unified/requirements.txt (line 20))
  Downloading pydub-0.25.1-py2.py3-none-any.whl.metadata (1.4 kB)
Collecting httpx==0.28.0 (from -r /mount/src/helix-unified/requirements.txt (line 23))
  Downloading httpx-0.28.0-py3-none-any.whl.metadata (7.1 kB)
Collecting aiohttp==3.11.0 (from -r /mount/src/helix-unified/requirements.txt (line 24))
  Downloading aiohttp-3.11.0-cp313-cp313-manylinux_2_17_x86_64.manylinux2014_x86_64.whl.metadata (7.7 kB)
Collecting requests==2.31.0 (from -r /mount/src/helix-unified/requirements.txt (line 25))
  Downloading requests-2.31.0-py3-none-any.whl.metadata (4.6 kB)
Collecting aiofiles==23.2.1 (from -r /mount/src/helix-unified/requirements.txt (line 30))
  Downloading aiofiles-23.2.1-py3-none-any.whl.metadata (9.7 kB)
Collecting sentry-sdk==2.19.0 (from sentry-sdk[fastapi]==2.19.0->-r /mount/src/helix-unified/requirements.txt (line 33))
  Downloading sentry_sdk-2.19.0-py2.py3-none-any.whl.metadata (9.9 kB)
Collecting streamlit==1.40.0 (from -r /mount/src/helix-unified/requirements.txt (line 36))
  Downloading streamlit-1.40.0-py2.py3-none-any.whl.metadata (8.5 kB)
Collecting plotly==5.18.0 (from -r /mount/src/helix-unified/requirements.txt (line 37))
  Downloading plotly-5.18.0-py3-none-any.whl.metadata (7.0 kB)
Collecting pandas==2.1.3 (from -r /mount/src/helix-unified/requirements.txt (line 38))
  Downloading pandas-2.1.3.tar.gz (4.3 MB)
     â”â”â”â”â”â”â”â”â”â”â”â”â”â”â”â”â”â”â”â”â”â”â”â”â”â”â”â”â”â”â”â”â”â”â”â”â”â”â”â” 4.3/4.3 MB 179.1 MB/s eta 0:00:00[2025-10-28 20:53:57.555457] 
  Installing build dependencies: started
  Installing build dependencies: still running...
  Installing build dependencies: finished with status 'done'
  Getting requirements to build wheel: started
  Getting requirements to build wheel: finished with status 'done'
  Installing backend dependencies: started
  Installing backend dependencies: finished with status 'done'
  Preparing metadata (pyproject.toml): started
  Preparing metadata (pyproject.toml): finished with status 'error'
  error: subprocess-exited-with-error
  
  Ã— Preparing metadata (pyproject.toml) did not run successfully.
  â”‚ exit code: 1
  â•°â”€> [105 lines of output]
      + meson setup /tmp/pip-install-ee0qrdq2/pandas_25a1a2fa167d4171bf8f3780f234fd89 /tmp/pip-install-ee0qrdq2/pandas_25a1a2fa167d4171bf8f3780f234fd89/.mesonpy-_4xf3vjw/build -Dbuildtype=release -Db_ndebug=if-release -Db_vscrt=md --vsenv --native-file=/tmp/pip-install-ee0qrdq2/pandas_25a1a2fa167d4171bf8f3780f234fd89/.mesonpy-_4xf3vjw/build/meson-python-native-file.ini
      The Meson build system
      Version: 1.2.1
      Source dir: /tmp/pip-install-ee0qrdq2/pandas_25a1a2fa167d4171bf8f3780f234fd89
      Build dir: /tmp/pip-install-ee0qrdq2/pandas_25a1a2fa167d4171bf8f3780f234fd89/.mesonpy-_4xf3vjw/build
      Build type: native build
      Project name: pandas
      Project version: 2.1.3
      C compiler for the host machine: cc (gcc 12.2.0 "cc (Debian 12.2.0-14+deb12u1) 12.2.0")
      C linker for the host machine: cc ld.bfd 2.40
      C++ compiler for the host machine: c++ (gcc 12.2.0 "c++ (Debian 12.2.0-14+deb12u1) 12.2.0")
      C++ linker for the host machine: c++ ld.bfd 2.40
      Cython compiler for the host machine: cython (cython 0.29.37)
      Host machine cpu family: x86_64
      Host machine cpu: x86_64
      Program python found: YES (/home/adminuser/venv/bin/python)
      Did not find pkg-config by name 'pkg-config'
      Found Pkg-config: NO
      Run-time dependency python found: YES 3.13
      Build targets in project: 53
      
      pandas 2.1.3
      
        User defined options
          Native files: /tmp/pip-install-ee0qrdq2/pandas_25a1a2fa167d4171bf8f3780f234fd89/.mesonpy-_4xf3vjw/build/meson-python-native-file.ini
          buildtype   : release
          vsenv       : True
          b_ndebug    : if-release
          b_vscrt     : md
      
      Found ninja-1.13.0.git.kitware.jobserver-pipe-1 at /tmp/pip-build-env-1lrmkt0l/normal/bin/ninja
      
      Visual Studio environment is needed to run Ninja. It is recommended to use Meson wrapper:
      /tmp/pip-build-env-1lrmkt0l/overlay/bin/meson compile -C .
      + /tmp/pip-build-env-1lrmkt0l/normal/bin/ninja
      [1/151] Generating pandas/_libs/khash_primitive_helper_pxi with a custom command
      [2/151] Generating pandas/_libs/algos_take_helper_pxi with a custom command
      [3/151] Generating pandas/_libs/algos_common_helper_pxi with a custom command
      [4/151] Generating pandas/_libs/hashtable_func_helper_pxi with a custom command
      [5/151] Generating pandas/_libs/index_class_helper_pxi with a custom command
      [6/151] Generating pandas/_libs/intervaltree_helper_pxi with a custom command
      [7/151] Generating pandas/_libs/hashtable_class_helper_pxi with a custom command
      [8/151] Generating pandas/_libs/sparse_op_helper_pxi with a custom command
      [9/151] Compiling Cython source /tmp/pip-install-ee0qrdq2/pandas_25a1a2fa167d4171bf8f3780f234fd89/pandas/_libs/tslibs/base.pyx
      [10/151] Compiling Cython source /tmp/pip-install-ee0qrdq2/pandas_25a1a2fa167d4171bf8f3780f234fd89/pandas/_libs/tslibs/ccalendar.pyx
      [11/151] Compiling Cython source /tmp/pip-install-ee0qrdq2/pandas_25a1a2fa167d4171bf8f3780f234fd89/pandas/_libs/tslibs/nattype.pyx
      [12/151] Compiling Cython source /tmp/pip-install-ee0qrdq2/pandas_25a1a2fa167d4171bf8f3780f234fd89/pandas/_libs/tslibs/dtypes.pyx
      [13/151] Compiling Cython source /tmp/pip-install-ee0qrdq2/pandas_25a1a2fa167d4171bf8f3780f234fd89/pandas/_libs/tslibs/np_datetime.pyx
      [14/151] Compiling Cython source /tmp/pip-install-ee0qrdq2/pandas_25a1a2fa167d4171bf8f3780f234fd89/pandas/_libs/arrays.pyx
      [15/151] Compiling Cython source /tmp/pip-install-ee0qrdq2/pandas_25a1a2fa167d4171bf8f3780f234fd89/pandas/_libs/indexing.pyx
      [16/151] Compiling Cython source /tmp/pip-install-ee0qrdq2/pandas_25a1a2fa167d4171bf8f3780f234fd89/pandas/_libs/tslibs/timezones.pyx
      [17/151] Compiling Cython source /tmp/pip-install-ee0qrdq2/pandas_25a1a2fa167d4171bf8f3780f234fd89/pandas/_libs/tslibs/fields.pyx
      [18/151] Compiling Cython source /tmp/pip-install-ee0qrdq2/pandas_25a1a2fa167d4171bf8f3780f234fd89/pandas/_libs/tslibs/conversion.pyx
      [19/151] Compiling Cython source /tmp/pip-install-ee0qrdq2/pandas_25a1a2fa167d4171bf8f3780f234fd89/pandas/_libs/tslibs/tzconversion.pyx
      [20/151] Compiling Cython source /tmp/pip-install-ee0qrdq2/pandas_25a1a2fa167d4171bf8f3780f234fd89/pandas/_libs/tslibs/parsing.pyx
      [21/151] Compiling Cython source /tmp/pip-install-ee0qrdq2/pandas_25a1a2fa167d4171bf8f3780f234fd89/pandas/_libs/tslibs/vectorized.pyx
      [22/151] Compiling Cython source /tmp/pip-install-ee0qrdq2/pandas_25a1a2fa167d4171bf8f3780f234fd89/pandas/_libs/tslibs/strptime.pyx
      [23/151] Compiling Cython source /tmp/pip-install-ee0qrdq2/pandas_25a1a2fa167d4171bf8f3780f234fd89/pandas/_libs/hashing.pyx
      [24/151] Compiling Cython source /tmp/pip-install-ee0qrdq2/pandas_25a1a2fa167d4171bf8f3780f234fd89/pandas/_libs/tslibs/offsets.pyx
      [25/151] Compiling Cython source /tmp/pip-install-ee0qrdq2/pandas_25a1a2fa167d4171bf8f3780f234fd89/pandas/_libs/ops_dispatch.pyx
      [26/151] Compiling Cython source /tmp/pip-install-ee0qrdq2/pandas_25a1a2fa167d4171bf8f3780f234fd89/pandas/_libs/tslibs/timestamps.pyx
      [27/151] Compiling Cython source /tmp/pip-install-ee0qrdq2/pandas_25a1a2fa167d4171bf8f3780f234fd89/pandas/_libs/properties.pyx
      [28/151] Compiling Cython source /tmp/pip-install-ee0qrdq2/pandas_25a1a2fa167d4171bf8f3780f234fd89/pandas/_libs/tslibs/period.pyx
      [29/151] Compiling Cython source /tmp/pip-install-ee0qrdq2/pandas_25a1a2fa167d4171bf8f3780f234fd89/pandas/_libs/missing.pyx
      [30/151] Compiling Cython source /tmp/pip-install-ee0qrdq2/pandas_25a1a2fa167d4171bf8f3780f234fd89/pandas/_libs/tslibs/timedeltas.pyx
      [31/151] Compiling Cython source /tmp/pip-install-ee0qrdq2/pandas_25a1a2fa167d4171bf8f3780f234fd89/pandas/_libs/byteswap.pyx
      [32/151] Compiling Cython source /tmp/pip-install-ee0qrdq2/pandas_25a1a2fa167d4171bf8f3780f234fd89/pandas/_libs/internals.pyx
      [33/151] Compiling C object pandas/_libs/tslibs/base.cpython-313-x86_64-linux-gnu.so.p/meson-generated_pandas__libs_tslibs_base.pyx.c.o
      FAILED: [code=1] pandas/_libs/tslibs/base.cpython-313-x86_64-linux-gnu.so.p/meson-generated_pandas__libs_tslibs_base.pyx.c.o
      cc -Ipandas/_libs/tslibs/base.cpython-313-x86_64-linux-gnu.so.p -Ipandas/_libs/tslibs -I../../pandas/_libs/tslibs -I../../../../pip-build-env-1lrmkt0l/overlay/lib/python3.13/site-packages/numpy/core/include -I../../pandas/_libs/include -I/usr/local/include/python3.13 -fvisibility=hidden -fdiagnostics-color=always -DNDEBUG -D_FILE_OFFSET_BITS=64 -w -std=c99 -O3 -DNPY_NO_DEPRECATED_API=0 -DNPY_TARGET_VERSION=NPY_1_21_API_VERSION -fPIC -MD -MQ pandas/_libs/tslibs/base.cpython-313-x86_64-linux-gnu.so.p/meson-generated_pandas__libs_tslibs_base.pyx.c.o -MF pandas/_libs/tslibs/base.cpython-313-x86_64-linux-gnu.so.p/meson-generated_pandas__libs_tslibs_base.pyx.c.o.d -o pandas/_libs/tslibs/base.cpython-313-x86_64-linux-gnu.so.p/meson-generated_pandas__libs_tslibs_base.pyx.c.o -c pandas/_libs/tslibs/base.cpython-313-x86_64-linux-gnu.so.p/pandas/_libs/tslibs/base.pyx.c
      pandas/_libs/tslibs/base.cpython-313-x86_64-linux-gnu.so.p/pandas/_libs/tslibs/base.pyx.c: In function â€˜__Pyx_PyInt_As_longâ€™:
      pandas/_libs/tslibs/base.cpython-313-x86_64-linux-gnu.so.p/pandas/_libs/tslibs/base.pyx.c:5397:27: error: too few arguments to function â€˜_PyLong_AsByteArrayâ€™
       5397 |                 int ret = _PyLong_AsByteArray((PyLongObject *)v,
            |                           ^~~~~~~~~~~~~~~~~~~
      In file included from /usr/local/include/python3.13/longobject.h:107,
                       from /usr/local/include/python3.13/Python.h:82,
                       from pandas/_libs/tslibs/base.cpython-313-x86_64-linux-gnu.so.p/pandas/_libs/tslibs/base.pyx.c:6:
      /usr/local/include/python3.13/cpython/longobject.h:111:17: note: declared here
        111 | PyAPI_FUNC(int) _PyLong_AsByteArray(PyLongObject* v,
            |                 ^~~~~~~~~~~~~~~~~~~
      pandas/_libs/tslibs/base.cpython-313-x86_64-linux-gnu.so.p/pandas/_libs/tslibs/base.pyx.c: In function â€˜__Pyx_PyInt_As_intâ€™:
      pandas/_libs/tslibs/base.cpython-313-x86_64-linux-gnu.so.p/pandas/_libs/tslibs/base.pyx.c:5631:27: error: too few arguments to function â€˜_PyLong_AsByteArrayâ€™
       5631 |                 int ret = _PyLong_AsByteArray((PyLongObject *)v,
            |                           ^~~~~~~~~~~~~~~~~~~
      /usr/local/include/python3.13/cpython/longobject.h:111:17: note: declared here
        111 | PyAPI_FUNC(int) _PyLong_AsByteArray(PyLongObject* v,
            |                 ^~~~~~~~~~~~~~~~~~~
      [34/151] Compiling Cython source /tmp/pip-install-ee0qrdq2/pandas_25a1a2fa167d4171bf8f3780f234fd89/pandas/_libs/testing.pyx
      [35/151] Compiling Cython source /tmp/pip-install-ee0qrdq2/pandas_25a1a2fa167d4171bf8f3780f234fd89/pandas/_libs/window/indexers.pyx
      [36/151] Compiling Cython source /tmp/pip-install-ee0qrdq2/pandas_25a1a2fa167d4171bf8f3780f234fd89/pandas/_libs/sas.pyx
      [37/151] Compiling Cython source /tmp/pip-install-ee0qrdq2/pandas_25a1a2fa167d4171bf8f3780f234fd89/pandas/_libs/reshape.pyx
      [38/151] Compiling Cython source /tmp/pip-install-ee0qrdq2/pandas_25a1a2fa167d4171bf8f3780f234fd89/pandas/_libs/ops.pyx
      [39/151] Compiling Cython source /tmp/pip-install-ee0qrdq2/pandas_25a1a2fa167d4171bf8f3780f234fd89/pandas/_libs/writers.pyx
      [40/151] Compiling Cython source /tmp/pip-install-ee0qrdq2/pandas_25a1a2fa167d4171bf8f3780f234fd89/pandas/_libs/index.pyx
      [41/151] Compiling Cython source /tmp/pip-install-ee0qrdq2/pandas_25a1a2fa167d4171bf8f3780f234fd89/pandas/_libs/tslib.pyx
      [42/151] Compiling Cython source /tmp/pip-install-ee0qrdq2/pandas_25a1a2fa167d4171bf8f3780f234fd89/pandas/_libs/parsers.pyx
      [43/151] Compiling Cython source /tmp/pip-install-ee0qrdq2/pandas_25a1a2fa167d4171bf8f3780f234fd89/pandas/_libs/lib.pyx
      [44/151] Compiling Cython source /tmp/pip-install-ee0qrdq2/pandas_25a1a2fa167d4171bf8f3780f234fd89/pandas/_libs/window/aggregations.pyx
      [45/151] Compiling Cython source /tmp/pip-install-ee0qrdq2/pandas_25a1a2fa167d4171bf8f3780f234fd89/pandas/_libs/interval.pyx
      [46/151] Compiling Cython source /tmp/pip-install-ee0qrdq2/pandas_25a1a2fa167d4171bf8f3780f234fd89/pandas/_libs/sparse.pyx
      [47/151] Compiling Cython source /tmp/pip-install-ee0qrdq2/pandas_25a1a2fa167d4171bf8f3780f234fd89/pandas/_libs/algos.pyx
      [48/151] Compiling Cython source /tmp/pip-install-ee0qrdq2/pandas_25a1a2fa167d4171bf8f3780f234fd89/pandas/_libs/groupby.pyx
      [49/151] Compiling Cython source /tmp/pip-install-ee0qrdq2/pandas_25a1a2fa167d4171bf8f3780f234fd89/pandas/_libs/hashtable.pyx
      [50/151] Compiling Cython source /tmp/pip-install-ee0qrdq2/pandas_25a1a2fa167d4171bf8f3780f234fd89/pandas/_libs/join.pyx
      ninja: build stopped: subcommand failed.
      [end of output]
  
  note: This error originates from a subprocess, and is likely not a problem with pip.
error: metadata-generation-failed

Ã— Encountered error while generating package metadata.
â•°â”€> See above for output.

note: This is an issue with the package mentioned above, not pip.
hint: See above for details.

[notice] A new release of pip is available: 24.0 -> 25.3
[notice] To update, run: pip install --upgrade pip
Checking if Streamlit is installed
Installing rich for an improved exception logging
Using standard pip install.
Collecting rich>=10.14.0
  Downloading rich-14.2.0-py3-none-any.whl.metadata (18 kB)
Collecting markdown-it-py>=2.2.0 (from rich>=10.14.0)
  Downloading markdown_it_py-4.0.0-py3-none-any.whl.metadata (7.3 kB)
Collecting pygments<3.0.0,>=2.13.0 (from rich>=10.14.0)
  Downloading pygments-2.19.2-py3-none-any.whl.metadata (2.5 kB)
Collecting mdurl~=0.1 (from markdown-it-py>=2.2.0->rich>=10.14.0)
  Downloading mdurl-0.1.2-py3-none-any.whl.metadata (1.6 kB)
Downloading rich-14.2.0-py3-none-any.whl (243 kB)
   â”â”â”â”â”â”â”â”â”â”â”â”â”â”â”â”â”â”â”â”â”â”â”â”â”â”â”â”â”â”â”â”â”â”â”â”â”â”â”â” 243.4/243.4 kB 11.5 MB/s eta 0:00:00[2025-10-28 20:56:15.929104] 
Downloading markdown_it_py-4.0.0-py3-none-any.whl (87 kB)
   â”â”â”â”â”â”â”â”â”â”â”â”â”â”â”â”â”â”â”â”â”â”â”â”â”â”â”â”â”â”â”â”â”â”â”â”â”â”â”â” 87.3/87.3 kB 143.4 MB/s eta 0:00:00[2025-10-28 20:56:15.941509] 
Downloading pygments-2.19.2-py3-none-any.whl (1.2 MB)
   â”â”â”â”â”â”â”â”â”â”â”â”â”â”â”â”â”â”â”â”â”â”â”â”â”â”â”â”â”â”â”â”â”â”â”â”â”â”â”â” 1.2/1.2 MB 67.8 MB/s eta 0:00:00[2025-10-28 20:56:15.971348] 
Downloading mdurl-0.1.2-py3-none-any.whl (10.0 kB)
Installing collected packages: pygments, mdurl, markdown-it-py, rich
  Attempting uninstall: pygments
    Found existing installation: Pygments 2.19.2
    Uninstalling Pygments-2.19.2:
      Successfully uninstalled Pygments-2.19.2
  Attempting uninstall: mdurl
    Found existing installation: mdurl 0.1.2
    Uninstalling mdurl-0.1.2:
      Successfully uninstalled mdurl-0.1.2
  Attempting uninstall: markdown-it-py
    Found existing installation: markdown-it-py 4.0.0
    Uninstalling markdown-it-py-4.0.0:
      Successfully uninstalled markdown-it-py-4.0.0
  Attempting uninstall: rich
    Found existing installation: rich 14.2.0
    Uninstalling rich-14.2.0:
      Successfully uninstalled rich-14.2.0
Successfully installed markdown-it-py-4.0.0 mdurl-0.1.2 pygments-2.19.2 rich-14.2.0

[notice] A new release of pip is available: 24.0 -> 25.3
[notice] To update, run: pip install --upgrade pip

â”€â”€â”€â”€â”€â”€â”€â”€â”€â”€â”€â”€â”€â”€â”€â”€â”€â”€â”€â”€â”€â”€â”€â”€â”€â”€â”€â”€â”€â”€â”€â”€â”€â”€â”€â”€â”€â”€â”€â”€â”€â”€â”€â”€â”€â”€â”€â”€â”€â”€â”€â”€â”€â”€â”€â”€â”€â”€â”€â”€â”€â”€â”€â”€â”€â”€â”€â”€â”€â”€â”€â”€â”€â”€â”€â”€â”€â”€â”€â”€â”€â”€â”€â”€â”€â”€â”€â”€

[20:56:17] â—ï¸ installer returned a non-zero exit code
[20:56:17] â—ï¸ Error during processing dependencies! Please fix the error and push an update, or try restarting the app.
[20:56:17] ğŸ™ Pulling code changes from Github...
[20:56:18] ğŸ“¦ Processing dependencies...

â”€â”€â”€â”€â”€â”€â”€â”€â”€â”€â”€â”€â”€â”€â”€â”€â”€â”€â”€â”€â”€â”€â”€â”€â”€â”€â”€â”€â”€â”€â”€â”€â”€â”€â”€â”€â”€â”€â”€â”€ uv â”€â”€â”€â”€â”€â”€â”€â”€â”€â”€â”€â”€â”€â”€â”€â”€â”€â”€â”€â”€â”€â”€â”€â”€â”€â”€â”€â”€â”€â”€â”€â”€â”€â”€â”€â”€â”€â”€â”€â”€â”€â”€â”€

Using uv pip install.
Using Python 3.13.9 environment at /home/adminuser/venv
Resolved 98 packages in 581ms
  Ã— Failed to download and build `scipy==1.11.3`[2025-10-28 20:56:26.202439] 
  â•°â”€â–¶ Build backend failed to build wheel through `[2025-10-28 20:56:26.203169] build_wheel[2025-10-28 20:56:26.203330] ` (exit status:
      1)

      [2025-10-28 20:56:26.203480] [stdout][2025-10-28 20:56:26.203829] 
      + meson setup
      /home/adminuser/.cache/uv/sdists-v6/pypi/scipy/1.11.3/9waIY0Nx6Hs7fmnhPxUS6/src
      /home/adminuser/.cache/uv/sdists-v6/pypi/scipy/1.11.3/9waIY0Nx6Hs7fmnhPxUS6/src/.mesonpy-7yckt7vw
      -Dbuildtype=release -Db_ndebug=if-release -Db_vscrt=md
      --native-file=/home/adminuser/.cache/uv/sdists-v6/pypi/scipy/1.11.3/9waIY0Nx6Hs7fmnhPxUS6/src/.mesonpy-7yckt7vw/meson-python-native-file.ini
      The Meson build system
      Version: 1.9.1
      Source dir:
      /home/adminuser/.cache/uv/sdists-v6/pypi/scipy/1.11.3/9waIY0Nx6Hs7fmnhPxUS6/src
      Build dir:
      /home/adminuser/.cache/uv/sdists-v6/pypi/scipy/1.11.3/9waIY0Nx6Hs7fmnhPxUS6/src/.mesonpy-7yckt7vw
      Build type: native build
      Project name: SciPy
      Project version: 1.11.3
      C compiler for the host machine: cc (gcc 12.2.0 "cc (Debian
      12.2.0-14+deb12u1) 12.2.0")
      C linker for the host machine: cc ld.bfd 2.40
      C++ compiler for the host machine: c++ (gcc 12.2.0 "c++ (Debian
      12.2.0-14+deb12u1) 12.2.0")
      C++ linker for the host machine: c++ ld.bfd 2.40
      Cython compiler for the host machine: cython (cython 0.29.37)
      Host machine cpu family: x86_64
      Host machine cpu: x86_64
      Program python found: YES
      (/home/adminuser/.cache/uv/builds-v0/.tmpODh7OH/bin/python)
      Did not find pkg-config by name 'pkg-config'
      Found pkg-config: NO
      Run-time dependency python found: YES 3.13
      Program cython found: YES
      (/home/adminuser/.cache/uv/builds-v0/.tmpODh7OH/bin/cython)
      Compiler for C supports arguments -Wno-unused-but-set-variable: YES
      Compiler for C supports arguments -Wno-unused-function: YES
      Compiler for C supports arguments -Wno-conversion: YES
      Compiler for C supports arguments -Wno-misleading-indentation: YES
      Library m found: YES

      ../meson.build:82:0: ERROR: Unknown compiler(s): [['gfortran'],
      ['flang-new'], ['flang'], ['nvfortran'], ['pgfortran'], ['ifort'],
      ['ifx'], ['g95']]
      The following exception(s) were encountered:
      Running `gfortran --help` gave "[Errno 2] No such file or directory:
      'gfortran'"
      Running `gfortran --version` gave "[Errno 2] No such file or directory:
      'gfortran'"
      Running `gfortran -V` gave "[Errno 2] No such file or directory:
      'gfortran'"
      Running `flang-new --help` gave "[Errno 2] No such file or directory:
      'flang-new'"
      Running `flang-new --version` gave "[Errno 2] No such file or directory:
      'flang-new'"
      Running `flang-new -V` gave "[Errno 2] No such file or directory:
      'flang-new'"
      Running `flang --help` gave "[Errno 2] No such file or directory:
      'flang'"
      Running `flang --version` gave "[Errno 2] No such file or directory:
      'flang'"
      Running `flang -V` gave "[Errno 2] No such file or directory: 'flang'"
      Running `nvfortran --help` gave "[Errno 2] No such file or directory:
      'nvfortran'"
      Running `nvfortran --version` gave "[Errno 2] No such file or directory:
      'nvfortran'"
      Running `nvfortran -V` gave "[Errno 2] No such file or directory:
      'nvfortran'"
      Running `pgfortran --help` gave "[Errno 2] No such file or directory:
      'pgfortran'"
      Running `pgfortran --version` gave "[Errno 2] No such file or directory:
      'pgfortran'"
      Running `pgfortran -V` gave "[Errno 2] No such file or directory:
      'pgfortran'"
      Running `ifort --help` gave "[Errno 2] No such file or directory:
      'ifort'"
      Running `ifort --version` gave "[Errno 2] No such file or directory:
      'ifort'"
      Running `ifort -V` gave "[Errno 2] No such file or directory: 'ifort'"
      Running `ifx --help` gave "[Errno 2] No such file or directory: 'ifx'"
      Running `ifx --version` gave "[Errno 2] No such file or directory:
      'ifx'"
      Running `ifx -V` gave "[Errno 2] No such file or directory: 'ifx'"
      Running `g95 --help` gave "[Errno 2] No such file or directory: 'g95'"
      Running `g95 --version` gave "[Errno 2] No such file or directory:
      'g95'"
      Running `g95 -V` gave "[Errno 2] No such file or directory: 'g95'"

      A full log can be found at
      /home/adminuser/.cache/uv/sdists-v6/pypi/scipy/1.11.3/9waIY0Nx6Hs7fmnhPxUS6/src/.mesonpy-7yckt7vw/meson-logs/meson-log.txt

Checking if Streamlit is installed
Installing rich for an improved exception logging
Using uv pip install.
Using Python 3.13.9 environment at /home/adminuser/venv
Audited 1 package in 2ms

â”€â”€â”€â”€â”€â”€â”€â”€â”€â”€â”€â”€â”€â”€â”€â”€â”€â”€â”€â”€â”€â”€â”€â”€â”€â”€â”€â”€â”€â”€â”€â”€â”€â”€â”€â”€â”€â”€â”€â”€â”€â”€â”€â”€â”€â”€â”€â”€â”€â”€â”€â”€â”€â”€â”€â”€â”€â”€â”€â”€â”€â”€â”€â”€â”€â”€â”€â”€â”€â”€â”€â”€â”€â”€â”€â”€â”€â”€â”€â”€â”€â”€â”€â”€â”€â”€â”€â”€


â”€â”€â”€â”€â”€â”€â”€â”€â”€â”€â”€â”€â”€â”€â”€â”€â”€â”€â”€â”€â”€â”€â”€â”€â”€â”€â”€â”€â”€â”€â”€â”€â”€â”€â”€â”€â”€â”€â”€â”€ pip â”€â”€â”€â”€â”€â”€â”€â”€â”€â”€â”€â”€â”€â”€â”€â”€â”€â”€â”€â”€â”€â”€â”€â”€â”€â”€â”€â”€â”€â”€â”€â”€â”€â”€â”€â”€â”€â”€â”€â”€â”€â”€â”€

Using standard pip install.
Collecting fastapi==0.115.0 (from -r /mount/src/helix-unified/requirements.txt (line 3))
  Downloading fastapi-0.115.0-py3-none-any.whl.metadata (27 kB)
Collecting uvicorn==0.32.0 (from uvicorn[standard]==0.32.0->-r /mount/src/helix-unified/requirements.txt (line 4))
  Downloading uvicorn-0.32.0-py3-none-any.whl.metadata (6.6 kB)
Collecting python-dotenv==1.0.1 (from -r /mount/src/helix-unified/requirements.txt (line 5))
  Downloading python_dotenv-1.0.1-py3-none-any.whl.metadata (23 kB)
Collecting discord.py==2.4.0 (from -r /mount/src/helix-unified/requirements.txt (line 8))
  Downloading discord.py-2.4.0-py3-none-any.whl.metadata (6.9 kB)
Collecting redis==5.2.0 (from redis[hiredis]==5.2.0->-r /mount/src/helix-unified/requirements.txt (line 11))
  Downloading redis-5.2.0-py3-none-any.whl.metadata (9.1 kB)
Collecting asyncpg==0.30.0 (from -r /mount/src/helix-unified/requirements.txt (line 12))
  Downloading asyncpg-0.30.0-cp313-cp313-manylinux_2_17_x86_64.manylinux2014_x86_64.whl.metadata (5.0 kB)
Collecting sqlalchemy==2.0.23 (from -r /mount/src/helix-unified/requirements.txt (line 13))
  Downloading SQLAlchemy-2.0.23-py3-none-any.whl.metadata (9.6 kB)
Collecting mega.py (from -r /mount/src/helix-unified/requirements.txt (line 15))
  Downloading mega.py-1.0.8-py2.py3-none-any.whl.metadata (6.5 kB)
Collecting pycryptodome (from -r /mount/src/helix-unified/requirements.txt (line 16))
  Downloading pycryptodome-3.23.0-cp37-abi3-manylinux_2_17_x86_64.manylinux2014_x86_64.whl.metadata (3.4 kB)
Collecting numpy==1.26.4 (from -r /mount/src/helix-unified/requirements.txt (line 19))
  Downloading numpy-1.26.4.tar.gz (15.8 MB)
     â”â”â”â”â”â”â”â”â”â”â”â”â”â”â”â”â”â”â”â”â”â”â”â”â”â”â”â”â”â”â”â”â”â”â”â”â”â”â” 15.8/15.8 MB 189.8 MB/s eta 0:00:00[2025-10-28 20:56:29.875555] 
  Installing build dependencies: started
  Installing build dependencies: finished with status 'done'
  Getting requirements to build wheel: started
  Getting requirements to build wheel: finished with status 'done'
  Installing backend dependencies: started
  Installing backend dependencies: finished with status 'done'
  Preparing metadata (pyproject.toml): started
  Preparing metadata (pyproject.toml): still running...
  Preparing metadata (pyproject.toml): finished with status 'done'
Collecting pydub==0.25.1 (from -r /mount/src/helix-unified/requirements.txt (line 20))
  Downloading pydub-0.25.1-py2.py3-none-any.whl.metadata (1.4 kB)
Collecting httpx==0.28.0 (from -r /mount/src/helix-unified/requirements.txt (line 23))
  Downloading httpx-0.28.0-py3-none-any.whl.metadata (7.1 kB)
Collecting aiohttp==3.11.0 (from -r /mount/src/helix-unified/requirements.txt (line 24))
  Downloading aiohttp-3.11.0-cp313-cp313-manylinux_2_17_x86_64.manylinux2014_x86_64.whl.metadata (7.7 kB)
Collecting requests==2.31.0 (from -r /mount/src/helix-unified/requirements.txt (line 25))
  Downloading requests-2.31.0-py3-none-any.whl.metadata (4.6 kB)
Collecting aiofiles==23.2.1 (from -r /mount/src/helix-unified/requirements.txt (line 30))
  Downloading aiofiles-23.2.1-py3-none-any.whl.metadata (9.7 kB)
Collecting sentry-sdk==2.19.0 (from sentry-sdk[fastapi]==2.19.0->-r /mount/src/helix-unified/requirements.txt (line 33))
  Downloading sentry_sdk-2.19.0-py2.py3-none-any.whl.metadata (9.9 kB)
Collecting streamlit==1.40.0 (from -r /mount/src/helix-unified/requirements.txt (line 36))
  Downloading streamlit-1.40.0-py2.py3-none-any.whl.metadata (8.5 kB)
Collecting plotly==5.18.0 (from -r /mount/src/helix-unified/requirements.txt (line 37))
  Downloading plotly-5.18.0-py3-none-any.whl.metadata (7.0 kB)
Collecting pandas==2.1.3 (from -r /mount/src/helix-unified/requirements.txt (line 38))
  Downloading pandas-2.1.3.tar.gz (4.3 MB)
     â”â”â”â”â”â”â”â”â”â”â”â”â”â”â”â”â”â”â”â”â”â”â”â”â”â”â”â”â”â”â”â”â”â”â”â”â”â”â”â” 4.3/4.3 MB 187.2 MB/s eta 0:00:00[2025-10-28 20:58:16.915575] 
  Installing build dependencies: started