
[ â€‰â€‰â€…â€…UTCâ€…â€…â€‰â€‰ ] Logs for samsara-helix-collective.streamlit.app/
â”€â”€â”€â”€â”€â”€â”€â”€â”€â”€â”€â”€â”€â”€â”€â”€â”€â”€â”€â”€â”€â”€â”€â”€â”€â”€â”€â”€â”€â”€â”€â”€â”€â”€â”€â”€â”€â”€â”€â”€â”€â”€â”€â”€â”€â”€â”€â”€â”€â”€â”€â”€â”€â”€â”€â”€â”€â”€â”€â”€â”€â”€â”€â”€â”€â”€â”€â”€â”€â”€â”€â”€â”€â”€â”€â”€â”€â”€â”€â”€â”€â”€â”€â”€â”€â”€â”€â”€
[00:34:03] ğŸ–¥ Provisioning machine...
[00:34:03] ğŸ› Preparing system...
[00:34:03] â›“ Spinning up manager process...
[00:32:54] ğŸš€ Starting up repository: 'helix-unified', branch: 'main', main module: 'frontend/streamlit_app.py'
[00:32:54] ğŸ™ Cloning repository...
[00:32:57] ğŸ™ Cloning into '/mount/src/helix-unified'...

[00:32:57] ğŸ™ Cloned repository!
[00:32:57] ğŸ™ Pulling code changes from Github...
[00:32:58] ğŸ“¦ Processing dependencies...

â”€â”€â”€â”€â”€â”€â”€â”€â”€â”€â”€â”€â”€â”€â”€â”€â”€â”€â”€â”€â”€â”€â”€â”€â”€â”€â”€â”€â”€â”€â”€â”€â”€â”€â”€â”€â”€â”€â”€â”€ uv â”€â”€â”€â”€â”€â”€â”€â”€â”€â”€â”€â”€â”€â”€â”€â”€â”€â”€â”€â”€â”€â”€â”€â”€â”€â”€â”€â”€â”€â”€â”€â”€â”€â”€â”€â”€â”€â”€â”€â”€â”€â”€â”€

Using uv pip install.
Using Python 3.13.9 environment at /home/adminuser/venv
Resolved 67 packages in 1.74s
  Ã— Failed to download and build `pydantic-core==2.14.6`
  â•°â”€â–¶ Build backend failed to build wheel through `build_wheel` (exit status:
      1)

      [stdout]
      Running `maturin pep517 build-wheel -i
      /home/adminuser/.cache/uv/builds-v0/.tmpE2rWF9/bin/python
      --compatibility off`
      Rust not found, installing into a temporary directory
      cargo 1.91.0 (ea2d97820 2025-10-10)

      [stderr]
      Python reports SOABI: cpython-313-x86_64-linux-gnu
      Computed rustc target triple: x86_64-unknown-linux-gnu
      Installation directory: /home/adminuser/.cache/puccinialin
      Downloading rustup-init from
      https://static.rust-lang.org/rustup/dist/x86_64-unknown-linux-gnu/rustup-init
      Downloading rustup-init:   0%|          | 0.00/20.9M [00:00<?,
      ?B/s]Downloading rustup-init:  43%|â–ˆâ–ˆâ–ˆâ–ˆâ–     | 8.98M/20.9M [00:00<00:00,
      89.7MB/s]Downloading rustup-init: 100%|â–ˆâ–ˆâ–ˆâ–ˆâ–ˆâ–ˆâ–ˆâ–ˆâ–ˆâ–ˆ| 20.9M/20.9M
      [00:00<00:00, 123MB/s]
      Installing rust to /home/adminuser/.cache/puccinialin/rustup
      info: profile set to 'minimal'
      info: default host triple is x86_64-unknown-linux-gnu
      info: syncing channel updates for 'stable-x86_64-unknown-linux-gnu'
      info: latest update on 2025-10-30, rust version 1.91.0 (f8297e351
      2025-10-28)
      info: downloading component 'cargo'
      info: downloading component 'rust-std'
      info: downloading component 'rustc'
      info: installing component 'cargo'
      info: installing component 'rust-std'
      info: installing component 'rustc'
      info: default toolchain set to 'stable-x86_64-unknown-linux-gnu'
      Checking if cargo is installed
          Updating crates.io index
       Downloading crates ...
        Downloaded equivalent v1.0.1
        Downloaded enum_dispatch v0.3.12
        Downloaded autocfg v1.1.0
        Downloaded bitflags v1.3.2
        Downloaded static_assertions v1.1.0
        Downloaded cc v1.0.79
      [2025-11-07 00:33:20.773338]   Downloaded python3-dll-a v0.2.9
        Downloaded getrandom v0.2.10
        Downloaded lexical-core v0.8.5
        Downloaded hashbrown v0.14.0
        Downloaded heck v0.4.1
        Downloaded aho-corasick v1.0.2
        Downloaded strum v0.25.0
        Downloaded unindent v0.2.3
        Downloaded pyo3-macros v0.20.0
        Downloaded windows-targets v0.48.1
        Downloaded form_urlencoded v1.2.0
        Downloaded version_check v0.9.4
        Downloaded wasi v0.11.0+wasi-snapshot-preview1
        Downloaded unicode-bidi v0.3.13
        Downloaded uuid v1.5.0
        Downloaded pyo3-ffi v0.20.0
        Downloaded url v2.4.1
        Downloaded zerocopy v0.7.20
        Downloaded unicode-normalization v0.1.22
        Downloaded num-bigint v0.4.4
        Downloaded serde_json v1.0.108
        Downloaded idna v0.4.0
        Downloaded lexical-parse-float v0.8.5
        Downloaded lexical-write-float v0.8.5
        Downloaded syn v2.0.38
        Downloaded regex v1.10.2
        Downloaded jiter v0.0.4
        Downloaded serde v1.0.190
        Downloaded regex-syntax v0.8.2
        Downloaded memchr v2.6.3
        Downloaded windows_aarch64_gnullvm v0.48.0
        Downloaded windows_x86_64_gnullvm v0.48.0
        Downloaded lexical-util v0.8.5
        Downloaded indexmap v2.0.0
        Downloaded pyo3 v0.20.0
        Downloaded unicode-ident v1.0.10
        Downloaded tinyvec v1.6.0
        Downloaded speedate v0.13.0
        Downloaded pyo3-macros-backend v0.20.0
        Downloaded proc-macro2 v1.0.69
        Downloaded zerocopy-derive v0.7.20
        Downloaded parking_lot v0.12.1
        Downloaded once_cell v1.18.0
        Downloaded num-traits v0.2.16
        Downloaded lexical-write-integer v0.8.5
        Downloaded windows_x86_64_msvc v0.48.0
        Downloaded regex-automata v0.4.3
        Downloaded windows_aarch64_msvc v0.48.0
        Downloaded lexical-parse-integer v0.8.6
        Downloaded windows_x86_64_gnu v0.48.0
        Downloaded windows_i686_msvc v0.48.0
        Downloaded libc v0.2.147
        Downloaded windows_i686_gnu v0.48.0
        Downloaded smallvec v1.11.1
        Downloaded serde_derive v1.0.190
        Downloaded ryu v1.0.14
        Downloaded quote v1.0.29
        Downloaded parking_lot_core v0.9.8
        Downloaded lock_api v0.4.10
        Downloaded target-lexicon v0.12.9
        Downloaded pyo3-build-config v0.20.0
        Downloaded strum_macros v0.25.3
        Downloaded scopeguard v1.1.0
        Downloaded rustversion v1.0.13
        Downloaded redox_syscall v0.3.5
        Downloaded indoc v2.0.4
        Downloaded percent-encoding v2.3.0
        Downloaded num-integer v0.1.45
        Downloaded tinyvec_macros v0.1.1
        Downloaded itoa v1.0.8
        Downloaded base64 v0.21.5
        Downloaded ahash v0.8.6
        Downloaded memoffset v0.9.0
        Downloaded cfg-if v1.0.0
      ğŸ“¦ Including license file `LICENSE`
      ğŸ¹ Building a mixed python/rust project
      ğŸ”— Found pyo3 bindings
      ğŸ Found CPython 3.13 at
      /home/adminuser/.cache/uv/builds-v0/.tmpE2rWF9/bin/python
      ğŸ“¡ Using build options features, bindings from pyproject.toml
         Compiling autocfg v1.1.0
         Compiling proc-macro2 v1.0.69
         Compiling unicode-ident v1.0.10
         Compiling target-lexicon v0.12.9
         Compiling quote v1.0.29
         Compiling python3-dll-a v0.2.9
         Compiling once_cell v1.18.0
         Compiling libc v0.2.147
         Compiling heck v0.4.1
         Compiling static_assertions v1.1.0
         Compiling version_check v0.9.4
         Compiling cfg-if v1.0.0
         Compiling parking_lot_core v0.9.8
         Compiling rustversion v1.0.13
         Compiling scopeguard v1.1.0
         Compiling smallvec v1.11.1
         Compiling tinyvec_macros v0.1.1
         Compiling memchr v2.6.3
         Compiling lexical-util v0.8.5
         Compiling tinyvec v1.6.0
         Compiling[2025-11-07 00:33:20.773900]  serde v1.0.190
         Compiling percent-encoding v2.3.0
         Compiling unindent v0.2.3
         Compiling zerocopy v0.7.20
         Compiling serde_json v1.0.108
         Compiling num-traits v0.2.16
         Compiling lock_api v0.4.10
         Compiling num-integer v0.1.45
         Compiling memoffset v0.9.0
         Compiling num-bigint v0.4.4
         Compiling ahash v0.8.6
         Compiling unicode-bidi v0.3.13
         Compiling equivalent v1.0.1
         Compiling regex-syntax v0.8.2
         Compiling indoc v2.0.4
         Compiling hashbrown v0.14.0
         Compiling form_urlencoded v1.2.0
         Compiling pyo3-build-config v0.20.0
         Compiling aho-corasick v1.0.2
         Compiling itoa v1.0.8
         Compiling ryu v1.0.14
         Compiling syn v2.0.38
         Compiling uuid v1.5.0
         Compiling lexical-parse-integer v0.8.6
         Compiling lexical-write-integer v0.8.5
         Compiling getrandom v0.2.10
         Compiling base64 v0.21.5
         Compiling lexical-parse-float v0.8.5
         Compiling unicode-normalization v0.1.22
         Compiling lexical-write-float v0.8.5
         Compiling parking_lot v0.12.1
         Compiling indexmap v2.0.0
         Compiling idna v0.4.0
         Compiling lexical-core v0.8.5
         Compiling pyo3-ffi v0.20.0
         Compiling pyo3 v0.20.0
         Compiling pydantic-core v2.14.6
      (/home/adminuser/.cache/uv/sdists-v6/pypi/pydantic-core/2.14.6/QRHUBTBD0ZncO1S8GqaHT/src)
         Compiling url v2.4.1
      error: failed to run custom build command for `pydantic-core v2.14.6
      (/home/adminuser/.cache/uv/sdists-v6/pypi/pydantic-core/2.14.6/QRHUBTBD0ZncO1S8GqaHT/src)`

      Caused by:
        process didn't exit successfully:
      `/home/adminuser/.cache/uv/sdists-v6/pypi/pydantic-core/2.14.6/QRHUBTBD0ZncO1S8GqaHT/src/target/release/build/pydantic-core-32d324720076a5ad/build-script-build`
      (exit status: 101)
        --- stdout
        cargo:rustc-cfg=Py_3_6
        cargo:rustc-cfg=Py_3_7
        cargo:rustc-cfg=Py_3_8
        cargo:rustc-cfg=Py_3_9
        cargo:rustc-cfg=Py_3_10
        cargo:rustc-cfg=Py_3_11
        cargo:rustc-cfg=Py_3_12
        cargo:rustc-cfg=Py_3_13
        cargo:rerun-if-changed=python/pydantic_core/core_schema.py
        cargo:rerun-if-changed=generate_self_schema.py

        --- stderr
        Traceback (most recent call last):
          File
      "/home/adminuser/.cache/uv/sdists-v6/pypi/pydantic-core/2.14.6/QRHUBTBD0ZncO1S8GqaHT/src/generate_self_schema.py",
      line 192, in eval_forward_ref
            return type_._evaluate(core_schema.__dict__, None, set())
                   ~~~~~~~~~~~~~~~^^^^^^^^^^^^^^^^^^^^^^^^^^^^^^^^^^^
        TypeError: ForwardRef._evaluate() missing 1 required keyword-only
      argument: 'recursive_guard'

        During handling of the above exception, another exception occurred:

        Traceback (most recent call last):
          File
      "/home/adminuser/.cache/uv/sdists-v6/pypi/pydantic-core/2.14.6/QRHUBTBD0ZncO1S8GqaHT/src/generate_self_schema.py",
      line 240, in <module>
            main()
            ~~~~^^
          File
      "/home/adminuser/.cache/uv/sdists-v6/pypi/pydantic-core/2.14.6/QRHUBTBD0ZncO1S8GqaHT/src/generate_self_schema.py",
      line 210, in main
            value = get_schema(s, definitions)
          File
      "/home/adminuser/.cache/uv/sdists-v6/pypi/pydantic-core/2.14.6/QRHUBTBD0ZncO1S8GqaHT/src/generate_self_schema.py",
      line 54, in get_schema
            return type_dict_schema(obj, definitions)
          File
      "/home/adminuser/.cache/uv/sdists-v6/pypi/pydantic-core/2.14.6/QRHUBTBD0ZncO1S8GqaHT/src/generate_self_schema.py",
      line 152, in type_dict_schema
            field_type = eval_forward_ref(field_type)
          File
      "/home/adminuser/.cache/uv/sdists-v6/pypi/pydantic-core/2.14.6/QRHUBTBD0ZncO1S8GqaHT/src/generate_self_schema.py",
      line 195, in eval_forward_ref
            return type_._evaluate(core_schema.__dict__, None)
                   ~~~~~~~~~~~~~~~^^^^^^^^^^^^^^^^^^^^^^^^^^^^
        TypeError: ForwardRef._evaluate() missing 1 required keyword-only
      argument: 'recursive_guard'

        thread 'main' (2344) panicked at build.rs:29:9:
        generate_self_schema.py failed with exit status: 1
        note: run with `RUST_BACKTRACE=1` environment variable to display
      a backtrace
      warning: build failed, waiting for other jobs to finish...
      ğŸ’¥ maturin failed
        Caused by: Failed to build a native library through cargo
        Caused by: Cargo build finished with "exit status:
      101": `env -u CARGO PYO3_BUILD_EXTENSION_MODULE="1"
      PYO3_ENVIRONMENT_SIGNATURE="cpython-3.13-64bit"
      PYO3_PYTHON="/home/adminuser/.cache/uv/builds-v0/.tmpE2rWF9/bin/python"
      PYTHON_SYS_EXECUTABLE="/home/adminuser/.cache/uv/builds-v0/.tmpE2rWF9/bin/python"
      "cargo" "rustc" "--features" "pyo3/extension-module"
      "--message-format" "json-render-diagnostics" "--manifest-path"
      "/home/adminuser/.cache/uv/sdists-v6/pypi/pydantic-core/2.14.6/QRHUBTBD0ZncO1S8GqaHT/src/Cargo.toml"
      "--release" "--lib" "--crate-type" "cdylib"`
      Error: command ['maturin', 'pep517', 'build-wheel', '-i',
      '/home/adminuser/.cache/uv/builds-v0/.tmpE2rWF9/bin/python',
      '--compatibility', 'off'] returned non-zero exit status 1

  help: `pydantic-core` was included because `pydantic==2.5.3` depends on
        `pydantic-core`
Checking if Streamlit is installed
Installing rich for an improved exception logging
Using uv pip install.
Using Python 3.13.9 environment at /home/adminuser/venv
Resolved 4 packages in 44ms
Prepared 1 package in 46ms
Installed 4 packages in 13ms
 + markdown-it-py==4.0.0
 + mdurl==0.1.2
 + pygments==[2025-11-07 00:33:20.918040] 2.19.2
 + rich==14.2.0

â”€â”€â”€â”€â”€â”€â”€â”€â”€â”€â”€â”€â”€â”€â”€â”€â”€â”€â”€â”€â”€â”€â”€â”€â”€â”€â”€â”€â”€â”€â”€â”€â”€â”€â”€â”€â”€â”€â”€â”€â”€â”€â”€â”€â”€â”€â”€â”€â”€â”€â”€â”€â”€â”€â”€â”€â”€â”€â”€â”€â”€â”€â”€â”€â”€â”€â”€â”€â”€â”€â”€â”€â”€â”€â”€â”€â”€â”€â”€â”€â”€â”€â”€â”€â”€â”€â”€â”€


â”€â”€â”€â”€â”€â”€â”€â”€â”€â”€â”€â”€â”€â”€â”€â”€â”€â”€â”€â”€â”€â”€â”€â”€â”€â”€â”€â”€â”€â”€â”€â”€â”€â”€â”€â”€â”€â”€â”€â”€ pip â”€â”€â”€â”€â”€â”€â”€â”€â”€â”€â”€â”€â”€â”€â”€â”€â”€â”€â”€â”€â”€â”€â”€â”€â”€â”€â”€â”€â”€â”€â”€â”€â”€â”€â”€â”€â”€â”€â”€â”€â”€â”€â”€

Using standard pip install.
Collecting fastapi==0.115.0 (from -r /mount/src/helix-unified/requirements.txt (line 6))
  Downloading fastapi-0.115.0-py3-none-any.whl.metadata (27 kB)
Collecting python-dotenv==1.0.1 (from -r /mount/src/helix-unified/requirements.txt (line 7))
  Downloading python_dotenv-1.0.1-py3-none-any.whl.metadata (23 kB)
Collecting httpx==0.28.0 (from -r /mount/src/helix-unified/requirements.txt (line 10))
  Downloading httpx-0.28.0-py3-none-any.whl.metadata (7.1 kB)
Collecting aiohttp==3.11.0 (from -r /mount/src/helix-unified/requirements.txt (line 11))
  Downloading aiohttp-3.11.0-cp313-cp313-manylinux_2_17_x86_64.manylinux2014_x86_64.whl.metadata (7.7 kB)
Collecting requests==2.31.0 (from -r /mount/src/helix-unified/requirements.txt (line 12))
  Downloading requests-2.31.0-py3-none-any.whl.metadata (4.6 kB)
Collecting streamlit==1.40.0 (from -r /mount/src/helix-unified/requirements.txt (line 15))
  Downloading streamlit-1.40.0-py2.py3-none-any.whl.metadata (8.5 kB)
Collecting plotly==5.18.0 (from -r /mount/src/helix-unified/requirements.txt (line 16))
  Downloading plotly-5.18.0-py3-none-any.whl.metadata (7.0 kB)
Collecting pyyaml==6.0.1 (from -r /mount/src/helix-unified/requirements.txt (line 19))
  Downloading PyYAML-6.0.1.tar.gz (125 kB)
     â”â”â”â”â”â”â”â”â”â”â”â”â”â”â”â”â”â”â”â”â”â”â”â”â”â”â”â”â”â”â”â”â”â”â”â”â”â” 125.2/125.2 kB 13.9 MB/s eta 0:00:00[2025-11-07 00:33:24.105707] 
  Installing build dependencies: started
  Installing build dependencies: finished with status 'done'
  Getting requirements to build wheel: started
  Getting requirements to build wheel: finished with status 'done'
  Preparing metadata (pyproject.toml): started
  Preparing metadata (pyproject.toml): finished with status 'done'
Collecting pydantic==2.5.3 (from -r /mount/src/helix-unified/requirements.txt (line 20))
  Downloading pydantic-2.5.3-py3-none-any.whl.metadata (65 kB)
     â”â”â”â”â”â”â”â”â”â”â”â”â”â”â”â”â”â”â”â”â”â”â”â”â”â”â”â”â”â”â”â”â”â”â”â”â”â”â” 65.6/65.6 kB 178.5 MB/s eta 0:00:00[2025-11-07 00:33:29.497337] 
Collecting notion-client==2.5.0 (from -r /mount/src/helix-unified/requirements.txt (line 23))
  Downloading notion_client-2.5.0-py2.py3-none-any.whl.metadata (11 kB)
Collecting pycryptodome (from -r /mount/src/helix-unified/requirements.txt (line 28))
  Downloading pycryptodome-3.23.0-cp37-abi3-manylinux_2_17_x86_64.manylinux2014_x86_64.whl.metadata (3.4 kB)
Collecting mega.py (from -r /mount/src/helix-unified/requirements.txt (line 29))
  Downloading mega.py-1.0.8-py2.py3-none-any.whl.metadata (6.5 kB)
Collecting starlette<0.39.0,>=0.37.2 (from fastapi==0.115.0->-r /mount/src/helix-unified/requirements.txt (line 6))
  Downloading starlette-0.38.6-py3-none-any.whl.metadata (6.0 kB)
Collecting typing-extensions>=4.8.0 (from fastapi==0.115.0->-r /mount/src/helix-unified/requirements.txt (line 6))
  Downloading typing_extensions-4.15.0-py3-none-any.whl.metadata (3.3 kB)
Collecting anyio (from httpx==0.28.0->-r /mount/src/helix-unified/requirements.txt (line 10))
  Downloading anyio-4.11.0-py3-none-any.whl.metadata (4.1 kB)
Collecting certifi (from httpx==0.28.0->-r /mount/src/helix-unified/requirements.txt (line 10))
  Downloading certifi-2025.10.5-py3-none-any.whl.metadata (2.5 kB)
Collecting httpcore==1.* (from httpx==0.28.0->-r /mount/src/helix-unified/requirements.txt (line 10))
  Downloading httpcore-1.0.9-py3-none-any.whl.metadata (21 kB)
Collecting idna (from httpx==0.28.0->-r /mount/src/helix-unified/requirements.txt (line 10))
  Downloading idna-3.11-py3-none-any.whl.metadata (8.4 kB)
Collecting aiohappyeyeballs>=2.3.0 (from aiohttp==3.11.0->-r /mount/src/helix-unified/requirements.txt (line 11))
  Downloading aiohappyeyeballs-2.6.1-py3-none-any.whl.metadata (5.9 kB)
Collecting aiosignal>=1.1.2 (from aiohttp==3.11.0->-r /mount/src/helix-unified/requirements.txt (line 11))
  Downloading aiosignal-1.4.0-py3-none-any.whl.metadata (3.7 kB)
Collecting attrs>=17.3.0 (from aiohttp==3.11.0->-r /mount/src/helix-unified/requirements.txt (line 11))
  Downloading attrs-25.4.0-py3-none-any.whl.metadata (10 kB)
Collecting frozenlist>=1.1.1 (from aiohttp==3.11.0->-r /mount/src/helix-unified/requirements.txt (line 11))
  Downloading frozenlist-1.8.0-cp313-cp313-manylinux1_x86_64.manylinux_2_28_x86_64.manylinux_2_5_x86_64.whl.metadata (20 kB)
Collecting multidict<7.0,>=4.5 (from aiohttp==3.11.0->-r /mount/src/helix-unified/requirements.txt (line 11))
  Downloading multidict-6.7.0-cp313-cp313-manylinux2014_x86_64.manylinux_2_17_x86_64.manylinux_2_28_x86_64.whl.metadata (5.3 kB)
Collecting propcache>=0.2.0 (from aiohttp==3.11.0->-r /mount/src/helix-unified/requirements.txt (line 11))
  Downloading propcache-0.4.1-cp313-cp313-manylinux2014_x86_64.manylinux_2_17_x86_64.manylinux_2_28_x86_64.whl.metadata (13 kB)
Collecting yarl<2.0,>=1.17.0 (from aiohttp==3.11.0->-r /mount/src/helix-unified/requirements.txt (line 11))
  Downloading yarl-1.22.0-cp313-cp313-manylinux2014_x86_64.manylinux_2_17_x86_64.manylinux_2_28_x86_64.whl.metadata (75 kB)
     â”â”â”â”â”â”â”â”â”â”â”â”â”â”â”â”â”â”â”â”â”â”â”â”â”â”â”â”â”â”â”â”â”â”â”â”â”â”â” 75.1/75.1 kB 194.8 MB/s eta 0:00:00[2025-11-07 00:33:31.205415] 
Collecting charset-normalizer<4,>=2 (from requests==2.31.0->-r /mount/src/helix-unified/requirements.txt (line 12))
  Downloading charset_normalizer-3.4.4-cp313-cp313-manylinux2014_x86_64.manylinux_2_17_x86_64.manylinux_2_28_x86_64.whl.metadata (37 kB)
Collecting urllib3<3,>=1.21.1 (from requests==2.31.0->-r /mount/src/helix-unified/requirements.txt (line 12))
  Downloading urllib3-2.5.0-py3-none-any.whl.metadata (6.5 kB)
Collecting altair<6,>=4.0 (from streamlit==1.40.0->-r /mount/src/helix-unified/requirements.txt (line 15))
  Downloading altair-5.5.0-py3-none-any.whl.metadata (11 kB)
Collecting blinker<2,>=1.0.0 (from streamlit==1.40.0->-r /mount/src/helix-unified/requirements.txt (line 15))
  Downloading blinker-1.9.0-py3-none-any.whl.metadata (1.6 kB)
Collecting cachetools<6,>=4.0 (from streamlit==1.40.0->-r /mount/src/helix-unified/requirements.txt (line 15))
  Downloading cachetools-5.5.2-py3-none-any.whl.metadata (5.4 kB)
Collecting click<9,>=7.0 (from streamlit==1.40.0->-r /mount/src/helix-unified/requirements.txt (line 15))
  Downloading click-8.3.0-py3-none-any.whl.metadata (2.6 kB)
Collecting numpy<3,>=1.20 (from streamlit==1.40.0->-r /mount/src/helix-unified/requirements.txt (line 15))
  Downloading numpy-2.3.4-cp313-cp313-manylinux_2_27_x86_64.manylinux_2_28_x86_64.whl.metadata (62 kB)
     â”â”â”â”â”â”â”â”â”â”â”â”â”â”â”â”â”â”â”â”â”â”â”â”â”â”â”â”â”â”â”â”â”â”â”â”â”â”â” 62.1/62.1 kB 157.8 MB/s eta 0:00:00[2025-11-07 00:33:31.869403] 
Collecting packaging<25,>=20 (from streamlit==1.40.0->-r /mount/src/helix-unified/requirements.txt (line 15))
  Downloading packaging-24.2-py3-none-any.whl.metadata (3.2 kB)
Collecting pandas<3,>=1.4.0 (from streamlit==1.40.0->-r /mount/src/helix-unified/requirements.txt (line 15))
  Downloading pandas-2.3.3-cp313-cp313-manylinux_2_24_x86_64.manylinux_2_28_x86_64.whl.metadata (91 kB)
     â”â”â”â”â”â”â”â”â”â”â”â”â”â”â”â”â”â”â”â”â”â”â”â”â”â”â”â”â”â”â”â”â”â”â”â”â”â”â” 91.2/91.2 kB 196.3 MB/s eta 0:00:00[2025-11-07 00:33:32.101434] 
Collecting pillow<12,>=7.1.0 (from streamlit==1.40.0->-r /mount/src/helix-unified/requirements.txt (line 15))
  Downloading pillow-11.3.0-cp313-cp313-manylinux_2_27_x86_64.manylinux_2_28_x86_64.whl.metadata (9.0 kB)
Collecting protobuf<6,>=3.20 (from streamlit==1.40.0->-r /mount/src/helix-unified/requirements.txt (line 15))
  Downloading protobuf-5.29.5-cp38-abi3-manylinux2014_x86_64.whl.metadata (592 bytes)
Collecting pyarrow>=7.0 (from streamlit==1.40.0->-r /mount/src/helix-unified/requirements.txt (line 15))
  Downloading pyarrow-22.0.0-cp313-cp313-manylinux_2_28_x86_64.whl.metadata (3.2 kB)
Collecting rich<14,>=10.14.0 (from streamlit==1.40.0->-r /mount/src/helix-unified/requirements.txt (line 15))
  Downloading rich-13.9.4-py3-none-any.whl.metadata (18 kB)
Collecting tenacity<10,>=8.1.0 (from streamlit==1.40.0->-r /mount/src/helix-unified/requirements.txt (line 15))
  Downloading tenacity-9.1.2-py3-none-any.whl.metadata (1.2 kB)
Collecting toml<2,>=0.10.1 (from streamlit==1.40.0->-r /mount/src/helix-unified/requirements.txt (line 15))
  Downloading toml-0.10.2-py2.py3-none-any.whl.metadata (7.1 kB)
Collecting gitpython!=3.1.19,<4,>=3.0.7 (from streamlit==1.40.0->-r /mount/src/helix-unified/requirements.txt (line 15))
  Downloading gitpython-3.1.45-py3-none-any.whl.metadata (13 kB)
Collecting pydeck<1,>=0.8.0b4 (from streamlit==1.40.0->-r /mount/src/helix-unified/requirements.txt (line 15))
  Downloading pydeck-0.9.1-py2.py3-none-any.whl.metadata (4.1 kB)
Collecting tornado<7,>=6.0.3 (from streamlit==1.40.0->-r /mount/src/helix-unified/requirements.txt (line 15))
  Downloading tornado-6.5.2-cp39-abi3-manylinux_2_5_x86_64.manylinux1_x86_64.manylinux_2_17_x86_64.manylinux2014_x86_64.whl.metadata (2.8 kB)
Collecting watchdog<6,>=2.1.5 (from streamlit==1.40.0->-r /mount/src/helix-unified/requirements.txt (line 15))
  Downloading watchdog-5.0.3-py3-none-manylinux2014_x86_64.whl.metadata (41 kB)
     â”â”â”â”â”â”â”â”â”â”â”â”â”â”â”â”â”â”â”â”â”â”â”â”â”â”â”â”â”â”â”â”â”â”â”â”â”â”â” 41.9/41.9 kB 146.3 MB/s eta 0:00:00[2025-11-07 00:33:33.206404] 
Collecting annotated-types>=0.4.0 (from pydantic==2.5.3->-r /mount/src/helix-unified/requirements.txt (line 20))
  Downloading annotated_types-0.7.0-py3-none-any.whl.metadata (15 kB)
Collecting pydantic-core==2.14.6 (from pydantic==2.5.3->-r /mount/src/helix-unified/requirements.txt (line 20))
  Downloading pydantic_core-2.14.6.tar.gz (360 kB)
     â”â”â”â”â”â”â”â”â”â”â”â”â”â”â”â”â”â”â”â”â”â”â”â”â”â”â”â”â”â”â”â”â”â”â”â”â”â” 360.3/360.3 kB 46.7 MB/s eta 0:00:00[2025-11-07 00:33:34.295907] 
  Installing build dependencies: started
  Installing build dependencies: finished with status 'done'
  Getting requirements to build wheel: started
  Getting requirements to build wheel: finished with status 'done'
  Installing backend dependencies: started
  Installing backend dependencies: finished with status 'done'
  Preparing metadata (pyproject.toml): started
  Preparing metadata (pyproject.toml): finished with status 'done'
Collecting h11>=0.16 (from httpcore==1.*->httpx==0.28.0->-r /mount/src/helix-unified/requirements.txt (line 10))
  Downloading h11-0.16.0-py3-none-any.whl.metadata (8.3 kB)
Collecting pathlib==1.0.1 (from mega.py->-r /mount/src/helix-unified/requirements.txt (line 29))
  Downloading pathlib-1.0.1-py3-none-any.whl.metadata (5.1 kB)
INFO: pip is looking at multiple versions of mega-py to determine which version is compatible with other requirements. This could take a while.
Collecting mega.py (from -r /mount/src/helix-unified/requirements.txt (line 29))
  Downloading mega.py-1.0.7-py2.py3-none-any.whl.metadata (7.2 kB)
  Downloading mega.py-1.0.6-py2.py3-none-any.whl.metadata (7.0 kB)
  Downloading mega.py-1.0.5-py2.py3-none-any.whl.metadata (6.9 kB)
Collecting pycrypto (from mega.py->-r /mount/src/helix-unified/requirements.txt (line 29))
  Downloading pycrypto-2.6.1.tar.gz (446 kB)
     â”â”â”â”â”â”â”â”â”â”â”â”â”â”â”â”â”â”â”â”â”â”â”â”â”â”â”â”â”â”â”â”â”â”â”â”â” 446.2/446.2 kB 212.7 MB/s eta 0:00:00[2025-11-07 00:33:39.575764] 
  Installing build dependencies: started
  Installing build dependencies: finished with status 'done'
  Getting requirements to build wheel: started
  Getting requirements to build wheel: finished with status 'done'
  Preparing metadata (pyproject.toml): started
  Preparing metadata (pyproject.toml): finished with status 'done'
Collecting mega.py (from -r /mount/src/helix-unified/requirements.txt (line 29))
  Downloading mega.py-1.0.4-py2.py3-none-any.whl.metadata (6.8 kB)
  Downloading mega.py-1.0.3-py2.py3-none-any.whl.metadata (6.7 kB)
  Downloading mega.py-1.0.2-py2.py3-none-any.whl.metadata (6.5 kB)
  Downloading mega.py-1.0.1-py2.py3-none-any.whl.metadata (6.4 kB)
INFO: pip is still looking at multiple versions of mega-py to determine which version is compatible with other requirements. This could take a while.
  Downloading mega.py-1.0.0-py2.py3-none-any.whl.metadata (6.3 kB)
Collecting python2-secrets==1.0.5 (from mega.py->-r /mount/src/helix-unified/requirements.txt (line 29))
  Downloading python2_secrets-1.0.5-py2.py3-none-any.whl.metadata (1.9 kB)
Collecting jinja2 (from altair<6,>=4.0->streamlit==1.40.0->-r /mount/src/helix-unified/requirements.txt (line 15))
  Downloading jinja2-3.1.6-py3-none-any.whl.metadata (2.9 kB)
Collecting jsonschema>=3.0 (from altair<6,>=4.0->streamlit==1.40.0->-r /mount/src/helix-unified/requirements.txt (line 15))
  Downloading jsonschema-4.25.1-py3-none-any.whl.metadata (7.6 kB)
Collecting narwhals>=1.14.2 (from altair<6,>=4.0->streamlit==1.40.0->-r /mount/src/helix-unified/requirements.txt (line 15))
  Downloading narwhals-2.10.2-py3-none-any.whl.metadata (11 kB)
Collecting gitdb<5,>=4.0.1 (from gitpython!=3.1.19,<4,>=3.0.7->streamlit==1.40.0->-r /mount/src/helix-unified/requirements.txt (line 15))
  Downloading gitdb-4.0.12-py3-none-any.whl.metadata (1.2 kB)
Collecting python-dateutil>=2.8.2 (from pandas<3,>=1.4.0->streamlit==1.40.0->-r /mount/src/helix-unified/requirements.txt (line 15))
  Downloading python_dateutil-2.9.0.post0-py2.py3-none-any.whl.metadata (8.4 kB)
Collecting pytz>=2020.1 (from pandas<3,>=1.4.0->streamlit==1.40.0->-r /mount/src/helix-unified/requirements.txt (line 15))
  Downloading pytz-2025.2-py2.py3-none-any.whl.metadata (22 kB)
Collecting tzdata>=2022.7 (from pandas<3,>=1.4.0->streamlit==1.40.0->-r /mount/src/helix-unified/requirements.txt (line 15))
  Downloading tzdata-2025.2-py2.py3-none-any.whl.metadata (1.4 kB)
Collecting markdown-it-py>=2.2.0 (from rich<14,>=10.14.0->streamlit==1.40.0->-r /mount/src/helix-unified/requirements.txt (line 15))
  Downloading markdown_it_py-4.0.0-py3-none-any.whl.metadata (7.3 kB)
Collecting pygments<3.0.0,>=2.13.0 (from rich<14,>=10.14.0->streamlit==1.40.0->-r /mount/src/helix-unified/requirements.txt (line 15))
  Downloading pygments-2.19.2-py3-none-any.whl.metadata (2.5 kB)
Collecting sniffio>=1.1 (from anyio->httpx==0.28.0->-r /mount/src/helix-unified/requirements.txt (line 10))
  Downloading sniffio-1.3.1-py3-none-any.whl.metadata (3.9 kB)
Collecting smmap<6,>=3.0.1 (from gitdb<5,>=4.0.1->gitpython!=3.1.19,<4,>=3.0.7->streamlit==1.40.0->-r /mount/src/helix-unified/requirements.txt (line 15))
  Downloading smmap-5.0.2-py3-none-any.whl.metadata (4.3 kB)
Collecting MarkupSafe>=2.0 (from jinja2->altair<6,>=4.0->streamlit==1.40.0->-r /mount/src/helix-unified/requirements.txt (line 15))
  Downloading markupsafe-3.0.3-cp313-cp313-manylinux2014_x86_64.manylinux_2_17_x86_64.manylinux_2_28_x86_64.whl.metadata (2.7 kB)
Collecting jsonschema-specifications>=2023.03.6 (from jsonschema>=3.0->altair<6,>=4.0->streamlit==1.40.0->-r /mount/src/helix-unified/requirements.txt (line 15))
  Downloading jsonschema_specifications-2025.9.1-py3-none-any.whl.metadata (2.9 kB)
Collecting referencing>=0.28.4 (from jsonschema>=3.0->altair<6,>=4.0->streamlit==1.40.0->-r /mount/src/helix-unified/requirements.txt (line 15))
  Downloading referencing-0.37.0-py3-none-any.whl.metadata (2.8 kB)
Collecting rpds-py>=0.7.1 (from jsonschema>=3.0->altair<6,>=4.0->streamlit==1.40.0->-r /mount/src/helix-unified/requirements.txt (line 15))
  Downloading rpds_py-0.28.0-cp313-cp313-manylinux_2_17_x86_64.manylinux2014_x86_64.whl.metadata (4.1 kB)
Collecting mdurl~=0.1 (from markdown-it-py>=2.2.0->rich<14,>=10.14.0->streamlit==1.40.0->-r /mount/src/helix-unified/requirements.txt (line 15))
  Downloading mdurl-0.1.2-py3-none-any.whl.metadata (1.6 kB)
Collecting six>=1.5 (from python-dateutil>=2.8.2->pandas<3,>=1.4.0->streamlit==1.40.0->-r /mount/src/helix-unified/requirements.txt (line 15))
  Downloading six-1.17.0-py2.py3-none-any.whl.metadata (1.7 kB)
Downloading fastapi-0.115.0-py3-none-any.whl (94 kB)
   â”â”â”â”â”â”â”â”â”â”â”â”â”â”â”â”â”â”â”â”â”â”â”â”â”â”â”â”â”â”â”â”â”â”â”â”â”â”â”â” 94.6/94.6 kB 166.8 MB/s eta 0:00:00[2025-11-07 00:33:44.452763] 
Downloading python_dotenv-1.0.1-py3-none-any.whl (19 kB)
Downloading httpx-0.28.0-py3-none-any.whl (73 kB)
   â”â”â”â”â”â”â”â”â”â”â”â”â”â”â”â”â”â”â”â”â”â”â”â”â”â”â”â”â”â”â”â”â”â”â”â”â”â”â”â” 73.6/73.6 kB 169.1 MB/s eta 0:00:00[2025-11-07 00:33:44.474552] 
Downloading aiohttp-3.11.0-cp313-cp313-manylinux_2_17_x86_64.manylinux2014_x86_64.whl (1.7 MB)
   â”â”â”â”â”â”â”â”â”â”â”â”â”â”â”â”â”â”â”â”â”â”â”â”â”â”â”â”â”â”â”â”â”â”â”â”â”â”â”â” 1.7/1.7 MB 140.1 MB/s eta 0:00:00[2025-11-07 00:33:44.504212] 
Downloading requests-2.31.0-py3-none-any.whl (62 kB)
   â”â”â”â”â”â”â”â”â”â”â”â”â”â”â”â”â”â”â”â”â”â”â”â”â”â”â”â”â”â”â”â”â”â”â”â”â”â”â”â” 62.6/62.6 kB 198.2 MB/s eta 0:00:00[2025-11-07 00:33:44.515441] 
Downloading streamlit-1.40.0-py2.py3-none-any.whl (8.6 MB)
   â”â”â”â”â”â”â”â”â”â”â”â”â”â”â”â”â”â”â”â”â”â”â”â”â”â”â”â”â”â”â”â”â”â”â”â”â”â”â”â” 8.6/8.6 MB 152.2 MB/s eta 0:00:00[2025-11-07 00:33:44.593344] 
Downloading plotly-5.18.0-py3-none-any.whl (15.6 MB)
   â”â”â”â”â”â”â”â”â”â”â”â”â”â”â”â”â”â”â”â”â”â”â”â”â”â”â”â”â”â”â”â”â”â”â”â”â”â”â”â” 15.6/15.6 MB 144.5 MB/s eta 0:00:00[2025-11-07 00:33:44.709583] 
Downloading pydantic-2.5.3-py3-none-any.whl (381 kB)
   â”â”â”â”â”â”â”â”â”â”â”â”â”â”â”â”â”â”â”â”â”â”â”â”â”â”â”â”â”â”â”â”â”â”â”â”â”â”â” 381.9/381.9 kB 132.5 MB/s eta 0:00:00[2025-11-07 00:33:44.725361] 
Downloading notion_client-2.5.0-py2.py3-none-any.whl (14 kB)
Downloading httpcore-1.0.9-py3-none-any.whl (78 kB)
   â”â”â”â”â”â”â”â”â”â”â”â”â”â”â”â”â”â”â”â”â”â”â”â”â”â”â”â”â”â”â”â”â”â”â”â”â”â”â”â” 78.8/78.8 kB 104.0 MB/s eta 0:00:00[2025-11-07 00:33:44.751136] 
Downloading pycryptodome-3.23.0-cp37-abi3-manylinux_2_17_x86_64.manylinux2014_x86_64.whl (2.3 MB)
   â”â”â”â”â”â”â”â”â”â”â”â”â”â”â”â”â”â”â”â”â”â”â”â”â”â”â”â”â”â”â”â”â”â”â”â”â”â”â”â” 2.3/2.3 MB 93.7 MB/s eta 0:00:00[2025-11-07 00:33:44.788462] 
Downloading mega.py-1.0.0-py2.py3-none-any.whl (14 kB)
Downloading pathlib-1.0.1-py3-none-any.whl (14 kB)
Downloading python2_secrets-1.0.5-py2.py3-none-any.whl (3.3 kB)
Downloading aiohappyeyeballs-2.6.1-py3-none-any.whl (15 kB)
Downloading aiosignal-1.4.0-py3-none-any.whl (7.5 kB)
Downloading altair-5.5.0-py3-none-any.whl (731 kB)
   â”â”â”â”â”â”â”â”â”â”â”â”â”â”â”â”â”â”â”â”â”â”â”â”â”â”â”â”â”â”â”â”â”â”â”â”â”â”â”â” 731.2/731.2 kB 88.3 MB/s eta 0:00:00[2025-11-07 00:33:44.865042] 
Downloading annotated_types-0.7.0-py3-none-any.whl (13 kB)
Downloading attrs-25.4.0-py3-none-any.whl (67 kB)
   â”â”â”â”â”â”â”â”â”â”â”â”â”â”â”â”â”â”â”â”â”â”â”â”â”â”â”â”â”â”â”â”â”â”â”â”â”â”â”â” 67.6/67.6 kB 107.1 MB/s eta 0:00:00[2025-11-07 00:33:44.887106] 
Downloading blinker-1.9.0-py3-none-any.whl (8.5 kB)
Downloading cachetools-5.5.2-py3-none-any.whl (10 kB)
Downloading certifi-2025.10.5-py3-none-any.whl (163 kB)
   â”â”â”â”â”â”â”â”â”â”â”â”â”â”â”â”â”â”â”â”â”â”â”â”â”â”â”â”â”â”â”â”â”â”â”â”â”â”â” 163.3/163.3 kB 202.8 MB/s eta 0:00:00[2025-11-07 00:33:44.918142] 
Downloading charset_normalizer-3.4.4-cp313-cp313-manylinux2014_x86_64.manylinux_2_17_x86_64.manylinux_2_28_x86_64.whl (153 kB)
   â”â”â”â”â”â”â”â”â”â”â”â”â”â”â”â”â”â”â”â”â”â”â”â”â”â”â”â”â”â”â”â”â”â”â”â”â”â”â” 153.1/153.1 kB 213.5 MB/s eta 0:00:00[2025-11-07 00:33:44.930296] 
Downloading click-8.3.0-py3-none-any.whl (107 kB)
   â”â”â”â”â”â”â”â”â”â”â”â”â”â”â”â”â”â”â”â”â”â”â”â”â”â”â”â”â”â”â”â”â”â”â”â”â”â”â” 107.3/107.3 kB 196.6 MB/s eta 0:00:00[2025-11-07 00:33:44.943060] 
Downloading frozenlist-1.8.0-cp313-cp313-manylinux1_x86_64.manylinux_2_28_x86_64.manylinux_2_5_x86_64.whl (234 kB)
   â”â”â”â”â”â”â”â”â”â”â”â”â”â”â”â”â”â”â”â”â”â”â”â”â”â”â”â”â”â”â”â”â”â”â”â”â”â”â” 234.4/234.4 kB 103.6 MB/s eta 0:00:00[2025-11-07 00:33:44.956712] 
Downloading gitpython-3.1.45-py3-none-any.whl (208 kB)
   â”â”â”â”â”â”â”â”â”â”â”â”â”â”â”â”â”â”â”â”â”â”â”â”â”â”â”â”â”â”â”â”â”â”â”â”â”â”â” 208.2/208.2 kB 209.3 MB/s eta 0:00:00[2025-11-07 00:33:44.968889] 
Downloading idna-3.11-py3-none-any.whl (71 kB)
   â”â”â”â”â”â”â”â”â”â”â”â”â”â”â”â”â”â”â”â”â”â”â”â”â”â”â”â”â”â”â”â”â”â”â”â”â”â”â”â” 71.0/71.0 kB 164.3 MB/s eta 0:00:00[2025-11-07 00:33:44.980365] 
Downloading multidict-6.7.0-cp313-cp313-manylinux2014_x86_64.manylinux_2_17_x86_64.manylinux_2_28_x86_64.whl (254 kB)
   â”â”â”â”â”â”â”â”â”â”â”â”â”â”â”â”â”â”â”â”â”â”â”â”â”â”â”â”â”â”â”â”â”â”â”â”â”â”â” 254.9/254.9 kB 203.0 MB/s eta 0:00:00[2025-11-07 00:33:44.994771] 
Downloading numpy-2.3.4-cp313-cp313-manylinux_2_27_x86_64.manylinux_2_28_x86_64.whl (16.6 MB)
   â”â”â”â”â”â”â”â”â”â”â”â”â”â”â”â”â”â”â”â”â”â”â”â”â”â”â”â”â”â”â”â”â”â”â”â”â”â”â”â” 16.6/16.6 MB 86.8 MB/s eta 0:00:00[2025-11-07 00:33:45.196234] 
Downloading packaging-24.2-py3-none-any.whl (65 kB)
   â”â”â”â”â”â”â”â”â”â”â”â”â”â”â”â”â”â”â”â”â”â”â”â”â”â”â”â”â”â”â”â”â”â”â”â”â”â”â”â” 65.5/65.5 kB 143.4 MB/s eta 0:00:00[2025-11-07 00:33:45.208618] 
Downloading pandas-2.3.3-cp313-cp313-manylinux_2_24_x86_64.manylinux_2_28_x86_64.whl (12.3 MB)
   â”â”â”â”â”â”â”â”â”â”â”â”â”â”â”â”â”â”â”â”â”â”â”â”â”â”â”â”â”â”â”â”â”â”â”â”â”â”â”â” 12.3/12.3 MB 88.4 MB/s eta 0:00:00[2025-11-07 00:33:45.358015] 
Downloading pillow-11.3.0-cp313-cp313-manylinux_2_27_x86_64.manylinux_2_28_x86_64.whl (6.6 MB)
   â”â”â”â”â”â”â”â”â”â”â”â”â”â”â”â”â”â”â”â”â”â”â”â”â”â”â”â”â”â”â”â”â”â”â”â”â”â”â”â” 6.6/6.6 MB 67.6 MB/s eta 0:00:00[2025-11-07 00:33:45.470937] 
Downloading propcache-0.4.1-cp313-cp313-manylinux2014_x86_64.manylinux_2_17_x86_64.manylinux_2_28_x86_64.whl (204 kB)
   â”â”â”â”â”â”â”â”â”â”â”â”â”â”â”â”â”â”â”â”â”â”â”â”â”â”â”â”â”â”â”â”â”â”â”â”â”â”â” 204.4/204.4 kB 174.2 MB/s eta 0:00:00[2025-11-07 00:33:45.483048] 
Downloading protobuf-5.29.5-cp38-abi3-manylinux2014_x86_64.whl (319 kB)
   â”â”â”â”â”â”â”â”â”â”â”â”â”â”â”â”â”â”â”â”â”â”â”â”â”â”â”â”â”â”â”â”â”â”â”â”â”â”â” 319.9/319.9 kB 165.4 MB/s eta 0:00:00[2025-11-07 00:33:45.496070] 
Downloading pyarrow-22.0.0-cp313-cp313-manylinux_2_28_x86_64.whl (47.7 MB)
   â”â”â”â”â”â”â”â”â”â”â”â”â”â”â”â”â”â”â”â”â”â”â”â”â”â”â”â”â”â”â”â”â”â”â”â”â”â”â”â” 47.7/47.7 MB 77.9 MB/s eta 0:00:00[2025-11-07 00:33:46.172754] 
Downloading pydeck-0.9.1-py2.py3-none-any.whl (6.9 MB)
   â”â”â”â”â”â”â”â”â”â”â”â”â”â”â”â”â”â”â”â”â”â”â”â”â”â”â”â”â”â”â”â”â”â”â”â”â”â”â”â” 6.9/6.9 MB 79.9 MB/s eta 0:00:00[2025-11-07 00:33:46.271967] 
Downloading rich-13.9.4-py3-none-any.whl (242 kB)
   â”â”â”â”â”â”â”â”â”â”â”â”â”â”â”â”â”â”â”â”â”â”â”â”â”â”â”â”â”â”â”â”â”â”â”â”â”â”â” 242.4/242.4 kB 165.9 MB/s eta 0:00:00[2025-11-07 00:33:46.284613] 
Downloading starlette-0.38.6-py3-none-any.whl (71 kB)
   â”â”â”â”â”â”â”â”â”â”â”â”â”â”â”â”â”â”â”â”â”â”â”â”â”â”â”â”â”â”â”â”â”â”â”â”â”â”â”â” 71.5/71.5 kB 167.5 MB/s eta 0:00:00[2025-11-07 00:33:46.296246] 
Downloading anyio-4.11.0-py3-none-any.whl (109 kB)
   â”â”â”â”â”â”â”â”â”â”â”â”â”â”â”â”â”â”â”â”â”â”â”â”â”â”â”â”â”â”â”â”â”â”â”â”â”â”â” 109.1/109.1 kB 156.3 MB/s eta 0:00:00[2025-11-07 00:33:46.308896] 
Downloading tenacity-9.1.2-py3-none-any.whl (28 kB)
Downloading toml-0.10.2-py2.py3-none-any.whl (16 kB)
Downloading tornado-6.5.2-cp39-abi3-manylinux_2_5_x86_64.manylinux1_x86_64.manylinux_2_17_x86_64.manylinux2014_x86_64.whl (443 kB)
   â”â”â”â”â”â”â”â”â”â”â”â”â”â”â”â”â”â”â”â”â”â”â”â”â”â”â”â”â”â”â”â”â”â”â”â”â”â”â” 443.9/443.9 kB 149.0 MB/s eta 0:00:00[2025-11-07 00:33:46.342135] 
Downloading typing_extensions-4.15.0-py3-none-any.whl (44 kB)
   â”â”â”â”â”â”â”â”â”â”â”â”â”â”â”â”â”â”â”â”â”â”â”â”â”â”â”â”â”â”â”â”â”â”â”â”â”â”â”â” 44.6/44.6 kB 131.1 MB/s eta 0:00:00[2025-11-07 00:33:46.353515] 
Downloading urllib3-2.5.0-py3-none-any.whl (129 kB)
   â”â”â”â”â”â”â”â”â”â”â”â”â”â”â”â”â”â”â”â”â”â”â”â”â”â”â”â”â”â”â”â”â”â”â”â”â”â”â” 129.8/129.8 kB 193.7 MB/s eta 0:00:00[2025-11-07 00:33:46.365323] 
Downloading watchdog-5.0.3-py3-none-manylinux2014_x86_64.whl (79 kB)
   â”â”â”â”â”â”â”â”â”â”â”â”â”â”â”â”â”â”â”â”â”â”â”â”â”â”â”â”â”â”â”â”â”â”â”â”â”â”â”â” 79.3/79.3 kB 157.7 MB/s eta 0:00:00[2025-11-07 00:33:46.377552] 
Downloading yarl-1.22.0-cp313-cp313-manylinux2014_x86_64.manylinux_2_17_x86_64.manylinux_2_28_x86_64.whl (377 kB)
   â”â”â”â”â”â”â”â”â”â”â”â”â”â”â”â”â”â”â”â”â”â”â”â”â”â”â”â”â”â”â”â”â”â”â”â”â”â”â” 377.1/377.1 kB 145.0 MB/s eta 0:00:00[2025-11-07 00:33:46.392289] 
Downloading gitdb-4.0.12-py3-none-any.whl (62 kB)
   â”â”â”â”â”â”â”â”â”â”â”â”â”â”â”â”â”â”â”â”â”â”â”â”â”â”â”â”â”â”â”â”â”â”â”â”â”â”â”â” 62.8/62.8 kB 179.6 MB/s eta 0:00:00[2025-11-07 00:33:46.403957] 
Downloading h11-0.16.0-py3-none-any.whl (37 kB)
Downloading jinja2-3.1.6-py3-none-any.whl (134 kB)
   â”â”â”â”â”â”â”â”â”â”â”â”â”â”â”â”â”â”â”â”â”â”â”â”â”â”â”â”â”â”â”â”â”â”â”â”â”â”â” 134.9/134.9 kB 173.4 MB/s eta 0:00:00[2025-11-07 00:33:46.425739] 
Downloading jsonschema-4.25.1-py3-none-any.whl (90 kB)
   â”â”â”â”â”â”â”â”â”â”â”â”â”â”â”â”â”â”â”â”â”â”â”â”â”â”â”â”â”â”â”â”â”â”â”â”â”â”â”â” 90.0/90.0 kB 151.2 MB/s eta 0:00:00[2025-11-07 00:33:46.437450] 
Downloading markdown_it_py-4.0.0-py3-none-any.whl (87 kB)
   â”â”â”â”â”â”â”â”â”â”â”â”â”â”â”â”â”â”â”â”â”â”â”â”â”â”â”â”â”â”â”â”â”â”â”â”â”â”â”â” 87.3/87.3 kB 165.5 MB/s eta 0:00:00[2025-11-07 00:33:46.449346] 
Downloading narwhals-2.10.2-py3-none-any.whl (419 kB)
   â”â”â”â”â”â”â”â”â”â”â”â”â”â”â”â”â”â”â”â”â”â”â”â”â”â”â”â”â”â”â”â”â”â”â”â”â”â”â” 419.6/419.6 kB 130.9 MB/s eta 0:00:00[2025-11-07 00:33:46.463720] 
Downloading pygments-2.19.2-py3-none-any.whl (1.2 MB)
   â”â”â”â”â”â”â”â”â”â”â”â”â”â”â”â”â”â”â”â”â”â”â”â”â”â”â”â”â”â”â”â”â”â”â”â”â”â”â”â” 1.2/1.2 MB 84.4 MB/s eta 0:00:00[2025-11-07 00:33:46.489301] 
Downloading python_dateutil-2.9.0.post0-py2.py3-none-any.whl (229 kB)
   â”â”â”â”â”â”â”â”â”â”â”â”â”â”â”â”â”â”â”â”â”â”â”â”â”â”â”â”â”â”â”â”â”â”â”â”â”â”â” 229.9/229.9 kB 194.6 MB/s eta 0:00:00[2025-11-07 00:33:46.502567] 
Downloading pytz-2025.2-py2.py3-none-any.whl (509 kB)
   â”â”â”â”â”â”â”â”â”â”â”â”â”â”â”â”â”â”â”â”â”â”â”â”â”â”â”â”â”â”â”â”â”â”â”â”â”â”â” 509.2/509.2 kB 156.7 MB/s eta 0:00:00[2025-11-07 00:33:46.517985] 
Downloading sniffio-1.3.1-py3-none-any.whl (10 kB)
Downloading tzdata-2025.2-py2.py3-none-any.whl (347 kB)
   â”â”â”â”â”â”â”â”â”â”â”â”â”â”â”â”â”â”â”â”â”â”â”â”â”â”â”â”â”â”â”â”â”â”â”â”â”â”â” 347.8/347.8 kB 177.0 MB/s eta 0:00:00[2025-11-07 00:33:46.541859] 
Downloading jsonschema_specifications-2025.9.1-py3-none-any.whl (18 kB)
Downloading markupsafe-3.0.3-cp313-cp313-manylinux2014_x86_64.manylinux_2_17_x86_64.manylinux_2_28_x86_64.whl (22 kB)
Downloading mdurl-0.1.2-py3-none-any.whl (10.0 kB)
Downloading referencing-0.37.0-py3-none-any.whl (26 kB)
Downloading rpds_py-0.28.0-cp313-cp313-manylinux_2_17_x86_64.manylinux2014_x86_64.whl (385 kB)
   â”â”â”â”â”â”â”â”â”â”â”â”â”â”â”â”â”â”â”â”â”â”â”â”â”â”â”â”â”â”â”â”â”â”â”â”â”â”â” 385.7/385.7 kB 132.3 MB/s eta 0:00:00[2025-11-07 00:33:46.591780] 
Downloading six-1.17.0-py2.py3-none-any.whl (11 kB)
Downloading smmap-5.0.2-py3-none-any.whl (24 kB)
Building wheels for collected packages: pyyaml, pydantic-core, pycrypto
  Building wheel for pyyaml (pyproject.toml): started
  Building wheel for pyyaml (pyproject.toml): finished with status 'done'
  Created wheel for pyyaml: filename=pyyaml-6.0.1-cp313-cp313-linux_x86_64.whl size=45459 sha256=11fe901b16a834796a351a126b1a3c5368e14037b436697faef14f2486ec3ac3
  Stored in directory: /tmp/pip-ephem-wheel-cache-5w7q7p28/wheels/9c/9e/34/1e1548811b63a9d001469f21797e8b7d5c216d8eb928e7d6ad
  Building wheel for pydantic-core (pyproject.toml): started
  Building wheel for pydantic-core (pyproject.toml): finished with status 'error'
  error: subprocess-exited-with-error
  
  Ã— Building wheel for pydantic-core (pyproject.toml) did not run successfully.
  â”‚ exit code: 1
  â•°â”€> [130 lines of output]
      Running `maturin pep517 build-wheel -i /home/adminuser/venv/bin/python --compatibility off`
      Python reports SOABI: cpython-313-x86_64-linux-gnu
      Computed rustc target triple: x86_64-unknown-linux-gnu
      Installation directory: /home/adminuser/.cache/puccinialin
      Rustup already downloaded
      Installing rust to /home/adminuser/.cache/puccinialin/rustup
      warn: It looks like you have an existing rustup settings file at:
      warn: /home/adminuser/.rustup/settings.toml
      warn: Rustup will install the default toolchain as specified in the settings file,
      warn: instead of the one inferred from the default host triple.
      info: profile set to 'minimal'
      info: default host triple is x86_64-unknown-linux-gnu
      warn: Updating existing toolchain, profile choice will be ignored
      info: syncing channel updates for 'stable-x86_64-unknown-linux-gnu'
      info: default toolchain set to 'stable-x86_64-unknown-linux-gnu'
      Checking if cargo is installed
      cargo 1.91.0 (ea2d97820 2025-10-10)
      ğŸ“¦ Including license file `LICENSE`
      ğŸ¹ Building a mixed python/rust project
      ğŸ”— Found pyo3 bindings
      ğŸ Found CPython 3.13 at /home/adminuser/venv/bin/python
      ğŸ“¡ Using build options features, bindings from pyproject.toml
         Compiling autocfg v1.1.0
         Compiling proc-macro2 v1.0.69
         Compiling quote v1.0.29
         Compiling target-lexicon v0.12.9
         Compiling unicode-ident v1.0.10
         Compiling python3-dll-a v0.2.9
         Compiling once_cell v1.18.0
         Compiling libc v0.2.147
         Compiling static_assertions v1.1.0
         Compiling heck v0.4.1
         Compiling cfg-if v1.0.0
         Compiling version_check v0.9.4
         Compiling parking_lot_core v0.9.8
         Compiling rustversion v1.0.13
         Compiling tinyvec_macros v0.1.1
         Compiling scopeguard v1.1.0
         Compiling smallvec v1.11.1
         Compiling memchr v2.6.3
         Compiling lexical-util v0.8.5
         Compiling tinyvec v1.6.0
         Compiling serde v1.0.190
         Compiling unindent v0.2.3
         Compiling indoc v2.0.4
         Compiling serde_json v1.0.108
         Compiling equivalent v1.0.1
         Compiling zerocopy v0.7.20
         Compiling ahash v0.8.6
         Compiling regex-syntax v0.8.2
         Compiling num-traits v0.2.16
         Compiling lock_api v0.4.10
         Compiling num-integer v0.1.45
         Compiling num-bigint v0.4.4
         Compiling memoffset v0.9.0
         Compiling percent-encoding v2.3.0
         Compiling hashbrown v0.14.0
         Compiling pyo3-build-config v0.20.0
         Compiling aho-corasick v1.0.2
         Compiling unicode-bidi v0.3.13
         Compiling form_urlencoded v1.2.0
         Compiling ryu v1.0.14
         Compiling itoa v1.0.8
         Compiling uuid v1.5.0
         Compiling syn v2.0.38
         Compiling getrandom v0.2.10
         Compiling unicode-normalization v0.1.22
         Compiling base64 v0.21.5
         Compiling parking_lot v0.12.1
         Compiling lexical-write-integer v0.8.5
         Compiling lexical-parse-integer v0.8.6
         Compiling indexmap v2.0.0
         Compiling lexical-write-float v0.8.5
         Compiling lexical-parse-float v0.8.5
         Compiling idna v0.4.0
         Compiling lexical-core v0.8.5
         Compiling pyo3-ffi v0.20.0
         Compiling pyo3 v0.20.0
         Compiling pydantic-core v2.14.6 (/tmp/pip-install-qlrl7j41/pydantic-core_7d32fcc1b38b4e01a8af06c7e96fda71)
         Compiling url v2.4.1
         Compiling regex-automata v0.4.3
      error: failed to run custom build command for `pydantic-core v2.14.6 (/tmp/pip-install-qlrl7j41/pydantic-core_7d32fcc1b38b4e01a8af06c7e96fda71)`
      
      Caused by:
        process didn't exit successfully: `/tmp/pip-install-qlrl7j41/pydantic-core_7d32fcc1b38b4e01a8af06c7e96fda71/target/release/build/pydantic-core-32d324720076a5ad/build-script-build` (exit status: 101)
        --- stdout
        cargo:rustc-cfg=Py_3_6
        cargo:rustc-cfg=Py_3_7
        cargo:rustc-cfg=Py_3_8
        cargo:rustc-cfg=Py_3_9
        cargo:rustc-cfg=Py_3_10
        cargo:rustc-cfg=Py_3_11
        cargo:rustc-cfg=Py_3_12
        cargo:rustc-cfg=Py_3_13
        cargo:rerun-if-changed=python/pydantic_core/core_schema.py
        cargo:rerun-if-changed=generate_self_schema.py
      
        --- stderr
        Traceback (most recent call last):
          File "/tmp/pip-install-qlrl7j41/pydantic-core_7d32fcc1b38b4e01a8af06c7e96fda71/generate_self_schema.py", line 192, in eval_forward_ref
            return type_._evaluate(core_schema.__dict__, None, set())
                   ~~~~~~~~~~~~~~~^^^^^^^^^^^^^^^^^^^^^^^^^^^^^^^^^^^
        TypeError: ForwardRef._evaluate() missing 1 required keyword-only argument: 'recursive_guard'
      
        During handling of the above exception, another exception occurred:
      
        Traceback (most recent call last):
          File "/tmp/pip-install-qlrl7j41/pydantic-core_7d32fcc1b38b4e01a8af06c7e96fda71/generate_self_schema.py", line 240, in <module>
            main()
            ~~~~^^
          File "/tmp/pip-install-qlrl7j41/pydantic-core_7d32fcc1b38b4e01a8af06c7e96fda71/generate_self_schema.py", line 210, in main
            value = get_schema(s, definitions)
          File "/tmp/pip-install-qlrl7j41/pydantic-core_7d32fcc1b38b4e01a8af06c7e96fda71/generate_self_schema.py", line 54, in get_schema
            return type_dict_schema(obj, definitions)
          File "/tmp/pip-install-qlrl7j41/pydantic-core_7d32fcc1b38b4e01a8af06c7e96fda71/generate_self_schema.py", line 152, in type_dict_schema
            field_type = eval_forward_ref(field_type)
          File "/tmp/pip-install-qlrl7j41/pydantic-core_7d32fcc1b38b4e01a8af06c7e96fda71/generate_self_schema.py", line 195, in eval_forward_ref
            return type_._evaluate(core_schema.__dict__, None)
                   ~~~~~~~~~~~~~~~^^^^^^^^^^^^^^^^^^^^^^^^^^^^
        TypeError: ForwardRef._evaluate() missing 1 required keyword-only argument: 'recursive_guard'
      
        thread 'main' (3991) panicked at build.rs:29:9:
        generate_self_schema.py failed with exit status: 1
        note: run with `RUST_BACKTRACE=1` environment variable to display a backtrace
      warning: build failed, waiting for other jobs to finish...
      ğŸ’¥ maturin failed
        Caused by: Failed to build a native library through cargo
        Caused by: Cargo build finished with "exit status: 101": `env -u CARGO PYO3_BUILD_EXTENSION_MODULE="1" PYO3_ENVIRONMENT_SIGNATURE="cpython-3.13-64bit" PYO3_PYTHON="/home/adminuser/venv/bin/python" PYTHON_SYS_EXECUTABLE="/home/adminuser/venv/bin/python" "cargo" "rustc" "--features" "pyo3/extension-module" "--message-format" "json-render-diagnostics" "--manifest-path" "/tmp/pip-install-qlrl7j41/pydantic-core_7d32fcc1b38b4e01a8af06c7e96fda71/Cargo.toml" "--release" "--lib" "--crate-type" "cdylib"`
      Rust not found, installing into a temporary directory
      Error: command ['maturin', 'pep517', 'build-wheel', '-i', '/home/adminuser/venv/bin/python', '--compatibility', 'off'] returned non-zero exit status 1
      [end of output]
  
  note: This error originates from a subprocess, and is likely not a problem with pip.
  ERROR: Failed building wheel for pydantic-core
  Building wheel for pycrypto (pyproject.toml): started
  Building wheel for pycrypto (pyproject.toml): finished with status 'done'
  Created wheel for pycrypto: filename=pycrypto-2.6.1-cp313-cp313-linux_x86_64.whl size=493728 sha256=ab0c6b289a66681dad4ce8a4e4fc2775093a5414b3a699c4107cf4deb5afcead
  Stored in directory: /tmp/pip-ephem-wheel-cache-5w7q7p28/wheels/c7/ae/81/5c1908cbdf01335895e75ce933d098bfcc978a111e861f7b93
Successfully built pyyaml pycrypto
Failed to build pydantic-core
ERROR: Could not build wheels for pydantic-core, which is required to install pyproject.toml-based projects

[notice] A new release of pip is available: 24.0 -> 25.3
[notice] To update, run: pip install --upgrade pip
Checking if Streamlit is installed
Installing rich for an improved exception logging
Using standard pip install.
Collecting rich>=10.14.0
  Downloading rich-14.2.0-py3-none-any.whl.metadata (18 kB)
Collecting markdown-it-py>=2.2.0 (from rich>=10.14.0)
  Downloading markdown_it_py-4.0.0-py3-none-any.whl.metadata (7.3 kB)
Collecting pygments<3.0.0,>=2.13.0 (from rich>=10.14.0)
  Downloading pygments-2.19.2-py3-none-any.whl.metadata (2.5 kB)
Collecting mdurl~=0.1 (from markdown-it-py>=2.2.0->rich>=10.14.0)
  Downloading mdurl-0.1.2-py3-none-any.whl.metadata (1.6 kB)
Downloading rich-14.2.0-py3-none-any.whl (243 kB)
   â”â”â”â”â”â”â”â”â”â”â”â”â”â”â”â”â”â”â”â”â”â”â”â”â”â”â”â”â”â”â”â”â”â”â”â”â”â”â”â” 243.4/243.4 kB 10.0 MB/s eta 0:00:00[2025-11-07 00:34:07.907385] 
Downloading markdown_it_py-4.0.0-py3-none-any.whl (87 kB)
   â”â”â”â”â”â”â”â”â”â”â”â”â”â”â”â”â”â”â”â”â”â”â”â”â”â”â”â”â”â”â”â”â”â”â”â”â”â”â”â” 87.3/87.3 kB 12.6 MB/s eta 0:00:00[2025-11-07 00:34:07.930411] 
Downloading pygments-2.19.2-py3-none-any.whl (1.2 MB)
   â”â”â”â”â”â”â”â”â”â”â”â”â”â”â”â”â”â”â”â”â”â”â”â”â”â”â”â”â”â”â”â”â”â”â”â”â”â”â”â” 1.2/1.2 MB 16.0 MB/s eta 0:00:00[2025-11-07 00:34:08.017633] 
Downloading mdurl-0.1.2-py3-none-any.whl (10.0 kB)
Installing collected packages: pygments, mdurl, markdown-it-py, rich
  Attempting uninstall: pygments
    Found existing installation: Pygments 2.19.2
    Uninstalling Pygments-2.19.2:
      Successfully uninstalled Pygments-2.19.2
  Attempting uninstall: mdurl
    Found existing installation: mdurl 0.1.2
    Uninstalling mdurl-0.1.2:
      Successfully uninstalled mdurl-0.1.2
  Attempting uninstall: markdown-it-py
    Found existing installation: markdown-it-py 4.0.0
    Uninstalling markdown-it-py-4.0.0:
      Successfully uninstalled markdown-it-py-4.0.0
  Attempting uninstall: rich
    Found existing installation: rich 14.2.0
    Uninstalling rich-14.2.0:
      Successfully uninstalled rich-14.2.0
Successfully installed markdown-it-py-4.0.0 mdurl-0.1.2 pygments-2.19.2 rich-14.2.0

[notice] A new release of pip is available: 24.0 -> 25.3
[notice] To update, run: pip install --upgrade pip

â”€â”€â”€â”€â”€â”€â”€â”€â”€â”€â”€â”€â”€â”€â”€â”€â”€â”€â”€â”€â”€â”€â”€â”€â”€â”€â”€â”€â”€â”€â”€â”€â”€â”€â”€â”€â”€â”€â”€â”€â”€â”€â”€â”€â”€â”€â”€â”€â”€â”€â”€â”€â”€â”€â”€â”€â”€â”€â”€â”€â”€â”€â”€â”€â”€â”€â”€â”€â”€â”€â”€â”€â”€â”€â”€â”€â”€â”€â”€â”€â”€â”€â”€â”€â”€â”€â”€â”€

[00:34:10] â—ï¸ installer returned a non-zero exit code
[00:34:10] â—ï¸ Error during processing dependencies! Please fix the error and push an update, or try restarting the app.