
[ â€‰â€‰â€…â€…UTCâ€…â€…â€‰â€‰ ] Logs for samsara-helix-collective.streamlit.app/
â”€â”€â”€â”€â”€â”€â”€â”€â”€â”€â”€â”€â”€â”€â”€â”€â”€â”€â”€â”€â”€â”€â”€â”€â”€â”€â”€â”€â”€â”€â”€â”€â”€â”€â”€â”€â”€â”€â”€â”€â”€â”€â”€â”€â”€â”€â”€â”€â”€â”€â”€â”€â”€â”€â”€â”€â”€â”€â”€â”€â”€â”€â”€â”€â”€â”€â”€â”€â”€â”€â”€â”€â”€â”€â”€â”€â”€â”€â”€â”€â”€â”€â”€â”€â”€â”€â”€â”€
[23:41:13] ğŸ–¥ Provisioning machine...
[23:41:13] ğŸ› Preparing system...
[23:41:13] â›“ Spinning up manager process...
[23:41:01] ğŸš€ Starting up repository: 'helix-unified', branch: 'main', main module: 'frontend/streamlit_app.py'
[23:41:01] ğŸ™ Cloning repository...
[23:41:02] ğŸ™ Cloning into '/mount/src/helix-unified'...

[23:41:02] ğŸ™ Cloned repository!
[23:41:02] ğŸ™ Pulling code changes from Github...
[23:41:04] ğŸ“¦ Processing dependencies...

â”€â”€â”€â”€â”€â”€â”€â”€â”€â”€â”€â”€â”€â”€â”€â”€â”€â”€â”€â”€â”€â”€â”€â”€â”€â”€â”€â”€â”€â”€â”€â”€â”€â”€â”€â”€â”€â”€â”€â”€ uv â”€â”€â”€â”€â”€â”€â”€â”€â”€â”€â”€â”€â”€â”€â”€â”€â”€â”€â”€â”€â”€â”€â”€â”€â”€â”€â”€â”€â”€â”€â”€â”€â”€â”€â”€â”€â”€â”€â”€â”€â”€â”€â”€

Using uv pip install.
Using Python 3.13.9 environment at /home/adminuser/venv
Resolved 77 packages in 953ms
  Ã— Failed to download and build `pydantic-core==2.14.1`
  â•°â”€â–¶ Build backend failed to build wheel through `build_wheel` (exit status:
      1)

      [stdout]
      Running `maturin pep517 build-wheel -i
      /home/adminuser/.cache/uv/builds-v0/.tmpFFY05H/bin/python
      --compatibility off`
      Rust not found, installing into a temporary directory
      cargo 1.90.0 (840b83a10 2025-07-30)

      [stderr]
      Python reports SOABI: cpython-313-x86_64-linux-gnu
      Computed rustc target triple: x86_64-unknown-linux-gnu
      Installation directory: /home/adminuser/.cache/puccinialin
      Downloading rustup-init from
      https://static.rust-lang.org/rustup/dist/x86_64-unknown-linux-gnu/rustup-init
      Downloading rustup-init:   0%|          | 0.00/20.9M [00:00<?,
      ?B/s]Downloading rustup-init:  31%|â–ˆâ–ˆâ–ˆ       | 6.51M/20.9M [00:00<00:00,
      65.1MB/s]Downloading rustup-init:  74%|â–ˆâ–ˆâ–ˆâ–ˆâ–ˆâ–ˆâ–ˆâ–  | 15.4M/20.9M
      [00:00<00:00, 79.1MB/s]Downloading rustup-init: 100%|â–ˆâ–ˆâ–ˆâ–ˆâ–ˆâ–ˆâ–ˆâ–ˆâ–ˆâ–ˆ|
      20.9M/20.9M [00:00<00:00, 85.9MB/s]
      Installing rust to /home/adminuser/.cache/puccinialin/rustup
      info: profile set to 'minimal'
      info: default host triple is x86_64-unknown-linux-gnu
      info: syncing channel updates for 'stable-x86_64-unknown-linux-gnu'
      info: latest update on 2025-09-18, rust version 1.90.0 (1159e78c4
      2025-09-14)
      info: downloading component 'cargo'
      info: downloading component 'rust-std'
      info: downloading component 'rustc'
      info: installing component 'cargo'
      info: installing component 'rust-std'
      info: installing component 'rustc'
      info: default toolchain set to 'stable-x86_64-unknown-linux-gnu'
      Checking if cargo is installed
          Updating crates.io index
       Downloading crates ...
        Downloaded equivalent v1.0.1
        Downloaded cfg-if v1.0.0
        Downloaded bitflags v1.3.2
        Downloaded enum_dispatch v0.3.12
        Downloaded autocfg v1.1.0
        Downloaded cc v1.0.79
        Downloaded base64 v0.21.5
        Downloaded lexical-write-integer v0.8.5
        Downloaded pyo3-build-config v0.20.0
        Downloaded proc-macro2 v1.0.69
        Downloaded redox_syscall v0.3.5
        Downloaded windows_x86_64_msvc v0.48.0
        Downloaded windows-targets v0.48.1
        Downloaded unindent v0.2.3
        Downloaded unicode-bidi v0.3.13
        Downloaded uuid v1.5.0
        Downloaded ryu v1.0.14
        Downloaded lexical-parse-float v0.8.5
        Downloaded zerocopy-derive v0.7.20
        Downloaded lexical-write-float v0.8.5
        Downloaded zerocopy v0.7.20
        Downloaded windows_aarch64_msvc v0.48.0
        Downloaded indexmap v2.0.0
      [2025-10-26 23:41:28.021421]   Downloaded windows_i686_gnu v0.48.0
        Downloaded serde v1.0.190
        Downloaded num-bigint v0.4.4
        Downloaded url v2.4.1
        Downloaded serde_json v1.0.108
        Downloaded windows_aarch64_gnullvm v0.48.0
        Downloaded unicode-normalization v0.1.22
        Downloaded python3-dll-a v0.2.9
        Downloaded hashbrown v0.14.0
        Downloaded regex v1.10.2
        Downloaded unicode-ident v1.0.10
        Downloaded syn v2.0.38
        Downloaded rustversion v1.0.13
        Downloaded regex-syntax v0.8.2
        Downloaded parking_lot_core v0.9.8
        Downloaded windows_i686_msvc v0.48.0
        Downloaded parking_lot v0.12.1
        Downloaded target-lexicon v0.12.9
        Downloaded strum_macros v0.25.3
        Downloaded static_assertions v1.1.0
        Downloaded speedate v0.13.0
        Downloaded pyo3 v0.20.0
        Downloaded quote v1.0.29
        Downloaded memoffset v0.9.0
        Downloaded jiter v0.0.4
        Downloaded tinyvec v1.6.0
        Downloaded strum v0.25.0
        Downloaded serde_derive v1.0.190
        Downloaded scopeguard v1.1.0
        Downloaded idna v0.4.0
        Downloaded wasi v0.11.0+wasi-snapshot-preview1
        Downloaded windows_x86_64_gnu v0.48.0
        Downloaded regex-automata v0.4.3
        Downloaded version_check v0.9.4
        Downloaded tinyvec_macros v0.1.1
        Downloaded smallvec v1.11.1
        Downloaded pyo3-macros-backend v0.20.0
        Downloaded num-integer v0.1.45
        Downloaded memchr v2.6.3
        Downloaded lexical-core v0.8.5
        Downloaded indoc v2.0.4
        Downloaded heck v0.4.1
        Downloaded getrandom v0.2.10
        Downloaded form_urlencoded v1.2.0
        Downloaded windows_x86_64_gnullvm v0.48.0
        Downloaded pyo3-ffi v0.20.0
        Downloaded percent-encoding v2.3.0
        Downloaded lock_api v0.4.10
        Downloaded libc v0.2.147
        Downloaded lexical-parse-integer v0.8.6
        Downloaded itoa v1.0.8
        Downloaded pyo3-macros v0.20.0
        Downloaded once_cell v1.18.0
        Downloaded lexical-util v0.8.5
        Downloaded num-traits v0.2.16
        Downloaded aho-corasick v1.0.2
        Downloaded ahash v0.8.6
      ğŸ“¦ Including license file `LICENSE`
      ğŸ¹ Building a mixed python/rust project
      ğŸ”— Found pyo3 bindings
      ğŸ Found CPython 3.13 at
      /home/adminuser/.cache/uv/builds-v0/.tmpFFY05H/bin/python
      ğŸ“¡ Using build options features, bindings from pyproject.toml
         Compiling autocfg v1.1.0
         Compiling proc-macro2 v1.0.69
         Compiling target-lexicon v0.12.9
         Compiling quote v1.0.29
         Compiling unicode-ident v1.0.10
         Compiling python3-dll-a v0.2.9
         Compiling once_cell v1.18.0
         Compiling libc v0.2.147
         Compiling heck v0.4.1
         Compiling static_assertions v1.1.0
         Compiling version_check v0.9.4
         Compiling cfg-if v1.0.0
         Compiling rustversion v1.0.13
         Compiling parking_lot_core v0.9.8
         Compiling scopeguard v1.1.0
         Compiling tinyvec_macros v0.1.1
         Compiling smallvec v1.11.1
         Compiling lexical-util v0.8.5
         Compiling serde v1.0.190
         Compiling tinyvec v1.6.0
         Compiling memchr v2.6.3
         Compiling[2025-10-26 23:41:28.021656]  indoc v2.0.4
         Compiling unindent v0.2.3
         Compiling percent-encoding v2.3.0
         Compiling unicode-bidi v0.3.13
         Compiling zerocopy v0.7.20
         Compiling serde_json v1.0.108
         Compiling ahash v0.8.6
         Compiling num-traits v0.2.16
         Compiling num-integer v0.1.45
         Compiling lock_api v0.4.10
         Compiling num-bigint v0.4.4
         Compiling memoffset v0.9.0
         Compiling hashbrown v0.14.0
         Compiling regex-syntax v0.8.2
         Compiling equivalent v1.0.1
         Compiling aho-corasick v1.0.2
         Compiling form_urlencoded v1.2.0
         Compiling pyo3-build-config v0.20.0
         Compiling ryu v1.0.14
         Compiling lexical-parse-integer v0.8.6
         Compiling lexical-write-integer v0.8.5
         Compiling getrandom v0.2.10
         Compiling itoa v1.0.8
         Compiling unicode-normalization v0.1.22
         Compiling parking_lot v0.12.1
         Compiling uuid v1.5.0
         Compiling base64 v0.21.5
         Compiling syn v2.0.38
         Compiling lexical-write-float v0.8.5
         Compiling lexical-parse-float v0.8.5
         Compiling indexmap v2.0.0
         Compiling idna v0.4.0
         Compiling lexical-core v0.8.5
         Compiling url v2.4.1
         Compiling pyo3-ffi v0.20.0
         Compiling pyo3 v0.20.0
         Compiling pydantic-core v2.14.1
      (/home/adminuser/.cache/uv/sdists-v6/pypi/pydantic-core/2.14.1/i-nDVXHd6Q_FAgIxyLiL7/src)
      error:[2025-10-26 23:41:28.021832]  failed to run custom build command for `pydantic-core v2.14.1
      (/home/adminuser/.cache/uv/sdists-v6/pypi/pydantic-core/2.14.1/i-nDVXHd6Q_FAgIxyLiL7/src)`

      Caused by:
        process didn't exit successfully:
      `/home/adminuser/.cache/uv/sdists-v6/pypi/pydantic-core/2.14.1/i-nDVXHd6Q_FAgIxyLiL7/src/target/release/build/pydantic-core-368cf53bfce55117/build-script-build`
      (exit status: 101)
        --- stdout
        cargo:rustc-cfg=Py_3_6
        cargo:rustc-cfg=Py_3_7
        cargo:rustc-cfg=Py_3_8
        cargo:rustc-cfg=Py_3_9
        cargo:rustc-cfg=Py_3_10
        cargo:rustc-cfg=Py_3_11
        cargo:rustc-cfg=Py_3_12
        cargo:rustc-cfg=Py_3_13
        cargo:rerun-if-changed=python/pydantic_core/core_schema.py
        cargo:rerun-if-changed=generate_self_schema.py

        --- stderr
        Traceback (most recent call last):
          File
      "/home/adminuser/.cache/uv/sdists-v6/pypi/pydantic-core/2.14.1/i-nDVXHd6Q_FAgIxyLiL7/src/generate_self_schema.py",
      line 192, in eval_forward_ref
            return type_._evaluate(core_schema.__dict__, None, set())
                   ~~~~~~~~~~~~~~~^^^^^^^^^^^^^^^^^^^^^^^^^^^^^^^^^^^
        TypeError: ForwardRef._evaluate() missing 1 required keyword-only
      argument: 'recursive_guard'

        During handling of the above exception, another exception occurred:

        Traceback (most recent call last):
          File
      "/home/adminuser/.cache/uv/sdists-v6/pypi/pydantic-core/2.14.1/i-nDVXHd6Q_FAgIxyLiL7/src/generate_self_schema.py",
      line 240, in <module>
            main()
            ~~~~^^
          File
      "/home/adminuser/.cache/uv/sdists-v6/pypi/pydantic-core/2.14.1/i-nDVXHd6Q_FAgIxyLiL7/src/generate_self_schema.py",
      line 210, in main
            value = get_schema(s, definitions)
          File
      "/home/adminuser/.cache/uv/sdists-v6/pypi/pydantic-core/2.14.1/i-nDVXHd6Q_FAgIxyLiL7/src/generate_self_schema.py",
      line 54, in get_schema
            return type_dict_schema(obj, definitions)
          File
      "/home/adminuser/.cache/uv/sdists-v6/pypi/pydantic-core/2.14.1/i-nDVXHd6Q_FAgIxyLiL7/src/generate_self_schema.py",
      line 152, in type_dict_schema
            field_type = eval_forward_ref(field_type)
          File
      "/home/adminuser/.cache/uv/sdists-v6/pypi/pydantic-core/2.14.1/i-nDVXHd6Q_FAgIxyLiL7/src/generate_self_schema.py",
      line 195, in eval_forward_ref
            return type_._evaluate(core_schema.__dict__, None)
                   ~~~~~~~~~~~~~~~^^^^^^^^^^^^^^^^^^^^^^^^^^^^
        TypeError: ForwardRef._evaluate() missing 1 required keyword-only
      argument: 'recursive_guard'

        thread 'main' panicked at build.rs:29:9:
        generate_self_schema.py failed with exit status: 1
        note: run with `RUST_BACKTRACE=1` environment variable to display
      a backtrace
      warning: build failed, waiting for other jobs to finish...
      ğŸ’¥ maturin failed
        Caused by: Failed to build a native library through cargo
        Caused by: Cargo build finished with "exit status:
      101": `env -u CARGO PYO3_BUILD_EXTENSION_MODULE="1"
      PYO3_ENVIRONMENT_SIGNATURE="cpython-3.13-64bit"
      PYO3_PYTHON="/home/adminuser/.cache/uv/builds-v0/.tmpFFY05H/bin/python"
      PYTHON_SYS_EXECUTABLE="/home/adminuser/.cache/uv/builds-v0/.tmpFFY05H/bin/python"
      "cargo" "rustc" "--features" "pyo3/extension-module"
      "--message-format" "json-render-diagnostics" "--manifest-path"
      "/home/adminuser/.cache/uv/sdists-v6/pypi/pydantic-core/2.14.1/i-nDVXHd6Q_FAgIxyLiL7/src/Cargo.toml"
      "--release" "--lib" "--crate-type" "cdylib"`
      Error: command ['maturin', 'pep517', 'build-wheel', '-i',
      '/home/adminuser/.cache/uv/builds-v0/.tmpFFY05H/bin/python',
      '--compatibility', 'off'] returned non-zero exit status 1

  help: `pydantic-core` was included because `pydantic==2.5.0` depends on
        `pydantic-core`
Checking if Streamlit is installed
Installing rich for an improved exception logging
Using uv pip install.
Using Python 3.13.9 environment at /home/adminuser/venv
Resolved 4 packages in 45ms
Prepared 1 package in 43ms
Installed 4 packages in 16ms
 + markdown-it-py==4.0.0
 + mdurl==0.1.2
 + pygments==2.19.2
 +[2025-10-26 23:41:28.179286]  rich==14.2.0

â”€â”€â”€â”€â”€â”€â”€â”€â”€â”€â”€â”€â”€â”€â”€â”€â”€â”€â”€â”€â”€â”€â”€â”€â”€â”€â”€â”€â”€â”€â”€â”€â”€â”€â”€â”€â”€â”€â”€â”€â”€â”€â”€â”€â”€â”€â”€â”€â”€â”€â”€â”€â”€â”€â”€â”€â”€â”€â”€â”€â”€â”€â”€â”€â”€â”€â”€â”€â”€â”€â”€â”€â”€â”€â”€â”€â”€â”€â”€â”€â”€â”€â”€â”€â”€â”€â”€â”€


â”€â”€â”€â”€â”€â”€â”€â”€â”€â”€â”€â”€â”€â”€â”€â”€â”€â”€â”€â”€â”€â”€â”€â”€â”€â”€â”€â”€â”€â”€â”€â”€â”€â”€â”€â”€â”€â”€â”€â”€ pip â”€â”€â”€â”€â”€â”€â”€â”€â”€â”€â”€â”€â”€â”€â”€â”€â”€â”€â”€â”€â”€â”€â”€â”€â”€â”€â”€â”€â”€â”€â”€â”€â”€â”€â”€â”€â”€â”€â”€â”€â”€â”€â”€

Using standard pip install.
Collecting fastapi==0.115.0 (from -r /mount/src/helix-unified/requirements.txt (line 3))
  Downloading fastapi-0.115.0-py3-none-any.whl.metadata (27 kB)
Collecting uvicorn==0.32.0 (from uvicorn[standard]==0.32.0->-r /mount/src/helix-unified/requirements.txt (line 4))
  Downloading uvicorn-0.32.0-py3-none-any.whl.metadata (6.6 kB)
Collecting python-dotenv==1.0.1 (from -r /mount/src/helix-unified/requirements.txt (line 5))
  Downloading python_dotenv-1.0.1-py3-none-any.whl.metadata (23 kB)
Collecting discord.py==2.4.0 (from -r /mount/src/helix-unified/requirements.txt (line 8))
  Downloading discord.py-2.4.0-py3-none-any.whl.metadata (6.9 kB)
Collecting redis==5.2.0 (from redis[hiredis]==5.2.0->-r /mount/src/helix-unified/requirements.txt (line 11))
  Downloading redis-5.2.0-py3-none-any.whl.metadata (9.1 kB)
Collecting asyncpg==0.30.0 (from -r /mount/src/helix-unified/requirements.txt (line 12))
  Downloading asyncpg-0.30.0-cp313-cp313-manylinux_2_17_x86_64.manylinux2014_x86_64.whl.metadata (5.0 kB)
Collecting sqlalchemy==2.0.23 (from -r /mount/src/helix-unified/requirements.txt (line 13))
  Downloading SQLAlchemy-2.0.23-py3-none-any.whl.metadata (9.6 kB)
Collecting numpy==1.26.4 (from -r /mount/src/helix-unified/requirements.txt (line 16))
  Downloading numpy-1.26.4.tar.gz (15.8 MB)
     â”â”â”â”â”â”â”â”â”â”â”â”â”â”â”â”â”â”â”â”â”â”â”â”â”â”â”â”â”â”â”â”â”â”â”â”â”â”â” 15.8/15.8 MB 180.1 MB/s eta 0:00:00[2025-10-26 23:41:30.926470] 
  Installing build dependencies: started
  Installing build dependencies: finished with status 'done'
  Getting requirements to build wheel: started
  Getting requirements to build wheel: finished with status 'done'
  Installing backend dependencies: started
  Installing backend dependencies: finished with status 'done'
  Preparing metadata (pyproject.toml): started
  Preparing metadata (pyproject.toml): still running...
  Preparing metadata (pyproject.toml): still running...
  Preparing metadata (pyproject.toml): finished with status 'done'
Collecting pydub==0.25.1 (from -r /mount/src/helix-unified/requirements.txt (line 17))
  Downloading pydub-0.25.1-py2.py3-none-any.whl.metadata (1.4 kB)
Collecting httpx==0.28.0 (from -r /mount/src/helix-unified/requirements.txt (line 23))
  Downloading httpx-0.28.0-py3-none-any.whl.metadata (7.1 kB)
Collecting aiohttp==3.11.0 (from -r /mount/src/helix-unified/requirements.txt (line 24))
  Downloading aiohttp-3.11.0-cp313-cp313-manylinux_2_17_x86_64.manylinux2014_x86_64.whl.metadata (7.7 kB)
Collecting requests==2.31.0 (from -r /mount/src/helix-unified/requirements.txt (line 25))
  Downloading requests-2.31.0-py3-none-any.whl.metadata (4.6 kB)
Collecting aiofiles==23.2.1 (from -r /mount/src/helix-unified/requirements.txt (line 30))
  Downloading aiofiles-23.2.1-py3-none-any.whl.metadata (9.7 kB)
Collecting sentry-sdk==2.19.0 (from sentry-sdk[fastapi]==2.19.0->-r /mount/src/helix-unified/requirements.txt (line 33))
  Downloading sentry_sdk-2.19.0-py2.py3-none-any.whl.metadata (9.9 kB)
Collecting streamlit==1.40.0 (from -r /mount/src/helix-unified/requirements.txt (line 36))
  Downloading streamlit-1.40.0-py2.py3-none-any.whl.metadata (8.5 kB)
Collecting plotly==5.18.0 (from -r /mount/src/helix-unified/requirements.txt (line 37))
  Downloading plotly-5.18.0-py3-none-any.whl.metadata (7.0 kB)
Collecting pandas==2.1.3 (from -r /mount/src/helix-unified/requirements.txt (line 38))
  Downloading pandas-2.1.3.tar.gz (4.3 MB)
     â”â”â”â”â”â”â”â”â”â”â”â”â”â”â”â”â”â”â”â”â”â”â”â”â”â”â”â”â”â”â”â”â”â”â”â”â”â”â”â” 4.3/4.3 MB 137.8 MB/s eta 0:00:00[2025-10-26 23:43:41.534875] 
  Installing build dependencies: started
  Installing build dependencies: still running...
  Installing build dependencies: still running...
  Installing build dependencies: finished with status 'done'
  Getting requirements to build wheel: started
  Getting requirements to build wheel: finished with status 'done'
  Installing backend dependencies: started
  Installing backend dependencies: finished with status 'done'
  Preparing metadata (pyproject.toml): started
  Preparing metadata (pyproject.toml): finished with status 'error'
  error: subprocess-exited-with-error
  
  Ã— Preparing metadata (pyproject.toml) did not run successfully.
  â”‚ exit code: 1
  â•°â”€> [105 lines of output]
      + meson setup /tmp/pip-install-exha67mn/pandas_ef5086df2f1146a99e1d91a706c17cbd /tmp/pip-install-exha67mn/pandas_ef5086df2f1146a99e1d91a706c17cbd/.mesonpy-2gtelka3/build -Dbuildtype=release -Db_ndebug=if-release -Db_vscrt=md --vsenv --native-file=/tmp/pip-install-exha67mn/pandas_ef5086df2f1146a99e1d91a706c17cbd/.mesonpy-2gtelka3/build/meson-python-native-file.ini
      The Meson build system
      Version: 1.2.1
      Source dir: /tmp/pip-install-exha67mn/pandas_ef5086df2f1146a99e1d91a706c17cbd
      Build dir: /tmp/pip-install-exha67mn/pandas_ef5086df2f1146a99e1d91a706c17cbd/.mesonpy-2gtelka3/build
      Build type: native build
      Project name: pandas
      Project version: 2.1.3
      C compiler for the host machine: cc (gcc 12.2.0 "cc (Debian 12.2.0-14+deb12u1) 12.2.0")
      C linker for the host machine: cc ld.bfd 2.40
      C++ compiler for the host machine: c++ (gcc 12.2.0 "c++ (Debian 12.2.0-14+deb12u1) 12.2.0")
      C++ linker for the host machine: c++ ld.bfd 2.40
      Cython compiler for the host machine: cython (cython 0.29.37)
      Host machine cpu family: x86_64
      Host machine cpu: x86_64
      Program python found: YES (/home/adminuser/venv/bin/python)
      Did not find pkg-config by name 'pkg-config'
      Found Pkg-config: NO
      Run-time dependency python found: YES 3.13
      Build targets in project: 53
      
      pandas 2.1.3
      
        User defined options
          Native files: /tmp/pip-install-exha67mn/pandas_ef5086df2f1146a99e1d91a706c17cbd/.mesonpy-2gtelka3/build/meson-python-native-file.ini
          buildtype   : release
          vsenv       : True
          b_ndebug    : if-release
          b_vscrt     : md
      
      Found ninja-1.13.0.git.kitware.jobserver-pipe-1 at /tmp/pip-build-env-gmz9egpp/normal/bin/ninja
      
      Visual Studio environment is needed to run Ninja. It is recommended to use Meson wrapper:
      /tmp/pip-build-env-gmz9egpp/overlay/bin/meson compile -C .
      + /tmp/pip-build-env-gmz9egpp/normal/bin/ninja
      [1/151] Generating pandas/_libs/algos_common_helper_pxi with a custom command
      [2/151] Generating pandas/_libs/khash_primitive_helper_pxi with a custom command
      [3/151] Generating pandas/_libs/hashtable_class_helper_pxi with a custom command
      [4/151] Generating pandas/_libs/algos_take_helper_pxi with a custom command
      [5/151] Generating pandas/_libs/hashtable_func_helper_pxi with a custom command
      [6/151] Generating pandas/_libs/index_class_helper_pxi with a custom command
      [7/151] Generating pandas/_libs/intervaltree_helper_pxi with a custom command
      [8/151] Generating pandas/_libs/sparse_op_helper_pxi with a custom command
      [9/151] Compiling Cython source /tmp/pip-install-exha67mn/pandas_ef5086df2f1146a99e1d91a706c17cbd/pandas/_libs/tslibs/base.pyx
      [10/151] Compiling Cython source /tmp/pip-install-exha67mn/pandas_ef5086df2f1146a99e1d91a706c17cbd/pandas/_libs/tslibs/nattype.pyx
      [11/151] Compiling Cython source /tmp/pip-install-exha67mn/pandas_ef5086df2f1146a99e1d91a706c17cbd/pandas/_libs/tslibs/ccalendar.pyx
      [12/151] Compiling Cython source /tmp/pip-install-exha67mn/pandas_ef5086df2f1146a99e1d91a706c17cbd/pandas/_libs/tslibs/dtypes.pyx
      [13/151] Compiling Cython source /tmp/pip-install-exha67mn/pandas_ef5086df2f1146a99e1d91a706c17cbd/pandas/_libs/arrays.pyx
      [14/151] Compiling Cython source /tmp/pip-install-exha67mn/pandas_ef5086df2f1146a99e1d91a706c17cbd/pandas/_libs/tslibs/np_datetime.pyx
      [15/151] Compiling Cython source /tmp/pip-install-exha67mn/pandas_ef5086df2f1146a99e1d91a706c17cbd/pandas/_libs/indexing.pyx
      [16/151] Compiling Cython source /tmp/pip-install-exha67mn/pandas_ef5086df2f1146a99e1d91a706c17cbd/pandas/_libs/tslibs/conversion.pyx
      [17/151] Compiling Cython source /tmp/pip-install-exha67mn/pandas_ef5086df2f1146a99e1d91a706c17cbd/pandas/_libs/tslibs/tzconversion.pyx
      [18/151] Compiling Cython source /tmp/pip-install-exha67mn/pandas_ef5086df2f1146a99e1d91a706c17cbd/pandas/_libs/tslibs/fields.pyx
      [19/151] Compiling Cython source /tmp/pip-install-exha67mn/pandas_ef5086df2f1146a99e1d91a706c17cbd/pandas/_libs/tslibs/strptime.pyx
      [20/151] Compiling Cython source /tmp/pip-install-exha67mn/pandas_ef5086df2f1146a99e1d91a706c17cbd/pandas/_libs/tslibs/parsing.pyx
      [21/151] Compiling Cython source /tmp/pip-install-exha67mn/pandas_ef5086df2f1146a99e1d91a706c17cbd/pandas/_libs/tslibs/offsets.pyx
      [22/151] Compiling Cython source /tmp/pip-install-exha67mn/pandas_ef5086df2f1146a99e1d91a706c17cbd/pandas/_libs/tslibs/timezones.pyx
      [23/151] Compiling Cython source /tmp/pip-install-exha67mn/pandas_ef5086df2f1146a99e1d91a706c17cbd/pandas/_libs/hashing.pyx
      [24/151] Compiling Cython source /tmp/pip-install-exha67mn/pandas_ef5086df2f1146a99e1d91a706c17cbd/pandas/_libs/tslibs/vectorized.pyx
      [25/151] Compiling Cython source /tmp/pip-install-exha67mn/pandas_ef5086df2f1146a99e1d91a706c17cbd/pandas/_libs/ops_dispatch.pyx
      [26/151] Compiling Cython source /tmp/pip-install-exha67mn/pandas_ef5086df2f1146a99e1d91a706c17cbd/pandas/_libs/tslibs/timedeltas.pyx
      [27/151] Compiling Cython source /tmp/pip-install-exha67mn/pandas_ef5086df2f1146a99e1d91a706c17cbd/pandas/_libs/tslibs/timestamps.pyx
      [28/151] Compiling Cython source /tmp/pip-install-exha67mn/pandas_ef5086df2f1146a99e1d91a706c17cbd/pandas/_libs/properties.pyx
      [29/151] Compiling Cython source /tmp/pip-install-exha67mn/pandas_ef5086df2f1146a99e1d91a706c17cbd/pandas/_libs/byteswap.pyx
      [30/151] Compiling Cython source /tmp/pip-install-exha67mn/pandas_ef5086df2f1146a99e1d91a706c17cbd/pandas/_libs/tslibs/period.pyx
      [31/151] Compiling Cython source /tmp/pip-install-exha67mn/pandas_ef5086df2f1146a99e1d91a706c17cbd/pandas/_libs/internals.pyx
      [32/151] Compiling Cython source /tmp/pip-install-exha67mn/pandas_ef5086df2f1146a99e1d91a706c17cbd/pandas/_libs/missing.pyx
      [33/151] Compiling C object pandas/_libs/tslibs/base.cpython-313-x86_64-linux-gnu.so.p/meson-generated_pandas__libs_tslibs_base.pyx.c.o
      FAILED: [code=1] pandas/_libs/tslibs/base.cpython-313-x86_64-linux-gnu.so.p/meson-generated_pandas__libs_tslibs_base.pyx.c.o
      cc -Ipandas/_libs/tslibs/base.cpython-313-x86_64-linux-gnu.so.p -Ipandas/_libs/tslibs -I../../pandas/_libs/tslibs -I../../../../pip-build-env-gmz9egpp/overlay/lib/python3.13/site-packages/numpy/core/include -I../../pandas/_libs/include -I/usr/local/include/python3.13 -fvisibility=hidden -fdiagnostics-color=always -DNDEBUG -D_FILE_OFFSET_BITS=64 -w -std=c99 -O3 -DNPY_NO_DEPRECATED_API=0 -DNPY_TARGET_VERSION=NPY_1_21_API_VERSION -fPIC -MD -MQ pandas/_libs/tslibs/base.cpython-313-x86_64-linux-gnu.so.p/meson-generated_pandas__libs_tslibs_base.pyx.c.o -MF pandas/_libs/tslibs/base.cpython-313-x86_64-linux-gnu.so.p/meson-generated_pandas__libs_tslibs_base.pyx.c.o.d -o pandas/_libs/tslibs/base.cpython-313-x86_64-linux-gnu.so.p/meson-generated_pandas__libs_tslibs_base.pyx.c.o -c pandas/_libs/tslibs/base.cpython-313-x86_64-linux-gnu.so.p/pandas/_libs/tslibs/base.pyx.c
      pandas/_libs/tslibs/base.cpython-313-x86_64-linux-gnu.so.p/pandas/_libs/tslibs/base.pyx.c: In function â€˜__Pyx_PyInt_As_longâ€™:
      pandas/_libs/tslibs/base.cpython-313-x86_64-linux-gnu.so.p/pandas/_libs/tslibs/base.pyx.c:5397:27: error: too few arguments to function â€˜_PyLong_AsByteArrayâ€™
       5397 |                 int ret = _PyLong_AsByteArray((PyLongObject *)v,
            |                           ^~~~~~~~~~~~~~~~~~~
      In file included from /usr/local/include/python3.13/longobject.h:107,
                       from /usr/local/include/python3.13/Python.h:82,
                       from pandas/_libs/tslibs/base.cpython-313-x86_64-linux-gnu.so.p/pandas/_libs/tslibs/base.pyx.c:6:
      /usr/local/include/python3.13/cpython/longobject.h:111:17: note: declared here
        111 | PyAPI_FUNC(int) _PyLong_AsByteArray(PyLongObject* v,
            |                 ^~~~~~~~~~~~~~~~~~~
      pandas/_libs/tslibs/base.cpython-313-x86_64-linux-gnu.so.p/pandas/_libs/tslibs/base.pyx.c: In function â€˜__Pyx_PyInt_As_intâ€™:
      pandas/_libs/tslibs/base.cpython-313-x86_64-linux-gnu.so.p/pandas/_libs/tslibs/base.pyx.c:5631:27: error: too few arguments to function â€˜_PyLong_AsByteArrayâ€™
       5631 |                 int ret = _PyLong_AsByteArray((PyLongObject *)v,
            |                           ^~~~~~~~~~~~~~~~~~~
      /usr/local/include/python3.13/cpython/longobject.h:111:17: note: declared here
        111 | PyAPI_FUNC(int) _PyLong_AsByteArray(PyLongObject* v,
            |                 ^~~~~~~~~~~~~~~~~~~
      [34/151] Compiling Cython source /tmp/pip-install-exha67mn/pandas_ef5086df2f1146a99e1d91a706c17cbd/pandas/_libs/testing.pyx
      [35/151] Compiling Cython source /tmp/pip-install-exha67mn/pandas_ef5086df2f1146a99e1d91a706c17cbd/pandas/_libs/ops.pyx
      [36/151] Compiling Cython source /tmp/pip-install-exha67mn/pandas_ef5086df2f1146a99e1d91a706c17cbd/pandas/_libs/index.pyx
      [37/151] Compiling Cython source /tmp/pip-install-exha67mn/pandas_ef5086df2f1146a99e1d91a706c17cbd/pandas/_libs/sas.pyx
      [38/151] Compiling Cython source /tmp/pip-install-exha67mn/pandas_ef5086df2f1146a99e1d91a706c17cbd/pandas/_libs/reshape.pyx
      [39/151] Compiling Cython source /tmp/pip-install-exha67mn/pandas_ef5086df2f1146a99e1d91a706c17cbd/pandas/_libs/tslib.pyx
      [40/151] Compiling Cython source /tmp/pip-install-exha67mn/pandas_ef5086df2f1146a99e1d91a706c17cbd/pandas/_libs/parsers.pyx
      [41/151] Compiling Cython source /tmp/pip-install-exha67mn/pandas_ef5086df2f1146a99e1d91a706c17cbd/pandas/_libs/window/indexers.pyx
      [42/151] Compiling Cython source /tmp/pip-install-exha67mn/pandas_ef5086df2f1146a99e1d91a706c17cbd/pandas/_libs/lib.pyx
      [43/151] Compiling Cython source /tmp/pip-install-exha67mn/pandas_ef5086df2f1146a99e1d91a706c17cbd/pandas/_libs/writers.pyx
      [44/151] Compiling Cython source /tmp/pip-install-exha67mn/pandas_ef5086df2f1146a99e1d91a706c17cbd/pandas/_libs/window/aggregations.pyx
      [45/151] Compiling Cython source /tmp/pip-install-exha67mn/pandas_ef5086df2f1146a99e1d91a706c17cbd/pandas/_libs/interval.pyx
      [46/151] Compiling Cython source /tmp/pip-install-exha67mn/pandas_ef5086df2f1146a99e1d91a706c17cbd/pandas/_libs/sparse.pyx
      [47/151] Compiling Cython source /tmp/pip-install-exha67mn/pandas_ef5086df2f1146a99e1d91a706c17cbd/pandas/_libs/groupby.pyx
      [48/151] Compiling Cython source /tmp/pip-install-exha67mn/pandas_ef5086df2f1146a99e1d91a706c17cbd/pandas/_libs/hashtable.pyx
      [49/151] Compiling Cython source /tmp/pip-install-exha67mn/pandas_ef5086df2f1146a99e1d91a706c17cbd/pandas/_libs/algos.pyx
      [50/151] Compiling Cython source /tmp/pip-install-exha67mn/pandas_ef5086df2f1146a99e1d91a706c17cbd/pandas/_libs/join.pyx
      ninja: build stopped: subcommand failed.
      [end of output]
  
  note: This error originates from a subprocess, and is likely not a problem with pip.
error: metadata-generation-failed

Ã— Encountered error while generating package metadata.
â•°â”€> See above for output.

note: This is an issue with the package mentioned above, not pip.
hint: See above for details.

[notice] A new release of pip is available: 24.0 -> 25.3
[notice] To update, run: pip install --upgrade pip
Checking if Streamlit is installed
Installing rich for an improved exception logging
Using standard pip install.
Collecting rich>=10.14.0
  Downloading rich-14.2.0-py3-none-any.whl.metadata (18 kB)
Collecting markdown-it-py>=2.2.0 (from rich>=10.14.0)
  Downloading markdown_it_py-4.0.0-py3-none-any.whl.metadata (7.3 kB)
Collecting pygments<3.0.0,>=2.13.0 (from rich>=10.14.0)
  Downloading pygments-2.19.2-py3-none-any.whl.metadata (2.5 kB)
Collecting mdurl~=0.1 (from markdown-it-py>=2.2.0->rich>=10.14.0)
  Downloading mdurl-0.1.2-py3-none-any.whl.metadata (1.6 kB)
Downloading rich-14.2.0-py3-none-any.whl (243 kB)
   â”â”â”â”â”â”â”â”â”â”â”â”â”â”â”â”â”â”â”â”â”â”â”â”â”â”â”â”â”â”â”â”â”â”â”â”â”â”â”â” 243.4/243.4 kB 13.2 MB/s eta 0:00:00[2025-10-26 23:46:37.013557] 
Downloading markdown_it_py-4.0.0-py3-none-any.whl (87 kB)
   â”â”â”â”â”â”â”â”â”â”â”â”â”â”â”â”â”â”â”â”â”â”â”â”â”â”â”â”â”â”â”â”â”â”â”â”â”â”â”â” 87.3/87.3 kB 133.5 MB/s eta 0:00:00[2025-10-26 23:46:37.027491] 
Downloading pygments-2.19.2-py3-none-any.whl (1.2 MB)
   â”â”â”â”â”â”â”â”â”â”â”â”â”â”â”â”â”â”â”â”â”â”â”â”â”â”â”â”â”â”â”â”â”â”â”â”â”â”â”â” 1.2/1.2 MB 78.0 MB/s eta 0:00:00[2025-10-26 23:46:37.057680] 
Downloading mdurl-0.1.2-py3-none-any.whl (10.0 kB)
Installing collected packages: pygments, mdurl, markdown-it-py, rich
  Attempting uninstall: pygments
    Found existing installation: Pygments 2.19.2
    Uninstalling Pygments-2.19.2:
      Successfully uninstalled Pygments-2.19.2
  Attempting uninstall: mdurl
    Found existing installation: mdurl 0.1.2
    Uninstalling mdurl-0.1.2:
      Successfully uninstalled mdurl-0.1.2
  Attempting uninstall: markdown-it-py
    Found existing installation: markdown-it-py 4.0.0
    Uninstalling markdown-it-py-4.0.0:
      Successfully uninstalled markdown-it-py-4.0.0
  Attempting uninstall: rich
    Found existing installation: rich 14.2.0
    Uninstalling rich-14.2.0:
      Successfully uninstalled rich-14.2.0
Successfully installed markdown-it-py-4.0.0 mdurl-0.1.2 pygments-2.19.2 rich-14.2.0

[notice] A new release of pip is available: 24.0 -> 25.3
[notice] To update, run: pip install --upgrade pip

â”€â”€â”€â”€â”€â”€â”€â”€â”€â”€â”€â”€â”€â”€â”€â”€â”€â”€â”€â”€â”€â”€â”€â”€â”€â”€â”€â”€â”€â”€â”€â”€â”€â”€â”€â”€â”€â”€â”€â”€â”€â”€â”€â”€â”€â”€â”€â”€â”€â”€â”€â”€â”€â”€â”€â”€â”€â”€â”€â”€â”€â”€â”€â”€â”€â”€â”€â”€â”€â”€â”€â”€â”€â”€â”€â”€â”€â”€â”€â”€â”€â”€â”€â”€â”€â”€â”€â”€

[23:46:39] â—ï¸ installer returned a non-zero exit code
[23:46:39] â—ï¸ Error during processing dependencies! Please fix the error and push an update, or try restarting the app.
[23:46:39] ğŸ™ Pulling code changes from Github...
[23:46:40] ğŸ“¦ Processing dependencies...

â”€â”€â”€â”€â”€â”€â”€â”€â”€â”€â”€â”€â”€â”€â”€â”€â”€â”€â”€â”€â”€â”€â”€â”€â”€â”€â”€â”€â”€â”€â”€â”€â”€â”€â”€â”€â”€â”€â”€â”€ uv â”€â”€â”€â”€â”€â”€â”€â”€â”€â”€â”€â”€â”€â”€â”€â”€â”€â”€â”€â”€â”€â”€â”€â”€â”€â”€â”€â”€â”€â”€â”€â”€â”€â”€â”€â”€â”€â”€â”€â”€â”€â”€â”€

Using uv pip install.
Using Python 3.13.9 environment at /home/adminuser/venv
Resolved 77 packages in 559ms
  Ã— Failed to download and build `pydantic-core==2.14.1`[2025-10-26 23:46:52.960446] 
  â•°â”€â–¶ Build backend failed to build wheel through `[2025-10-26 23:46:52.961865] build_wheel[2025-10-26 23:46:52.962236] ` (exit status:
      1)

      [2025-10-26 23:46:52.962589] [stdout][2025-10-26 23:46:52.962975] 
      Running `maturin pep517 build-wheel -i
      /home/adminuser/.cache/uv/builds-v0/.tmpPkDiJd/bin/python
      --compatibility off`
      cargo 1.90.0 (840b83a10 2025-07-30)
      Rust not found, installing into a temporary directory

      [2025-10-26 23:46:52.966233] [stderr][2025-10-26 23:46:52.966623] 
      Python reports SOABI: cpython-313-x86_64-linux-gnu
      Computed rustc target triple: x86_64-unknown-linux-gnu
      Installation directory: /home/adminuser/.cache/puccinialin
      Rustup already downloaded
      Installing rust to /home/adminuser/.cache/puccinialin/rustup
      warn: It looks like you have an existing rustup settings file at:
      warn: /home/adminuser/.rustup/settings.toml
      warn: Rustup will install the default toolchain as specified in the
      settings file,
      warn: instead of the one inferred from the default host triple.
      info: profile set to 'minimal'
      info: default host triple is x86_64-unknown-linux-gnu
      warn: Updating existing toolchain, profile choice will be ignored
      info: syncing channel updates for 'stable-x86_64-unknown-linux-gnu'
      info: default toolchain set to 'stable-x86_64-unknown-linux-gnu'
      Checking if cargo is installed
      ğŸ“¦ Including license file `LICENSE`
      ğŸ¹ Building a mixed python/rust project
      ğŸ”— Found pyo3 bindings
      ğŸ Found CPython 3.13 at
      /home/adminuser/.cache/uv/builds-v0/.tmpPkDiJd/bin/python
      ğŸ“¡ Using build options features, bindings from pyproject.toml
      [2025-10-26 23:46:52.973121]    Compiling pyo3-build-config v0.20.0
         Compiling regex-automata v0.4.3
         Compiling pyo3-macros-backend v0.20.0
         Compiling strum_macros v0.25.3
         Compiling serde_derive v1.0.190
         Compiling enum_dispatch v0.3.12
         Compiling pyo3-ffi v0.20.0
         Compiling pyo3 v0.20.0
         Compiling pydantic-core v2.14.1
      (/home/adminuser/.cache/uv/sdists-v6/pypi/pydantic-core/2.14.1/i-nDVXHd6Q_FAgIxyLiL7/src)
         Compiling strum v0.25.0
      error: failed to run custom build command for `pydantic-core v2.14.1
      (/home/adminuser/.cache/uv/sdists-v6/pypi/pydantic-core/2.14.1/i-nDVXHd6Q_FAgIxyLiL7/src)`

      Caused by:
        process didn't exit successfully:
      `/home/adminuser/.cache/uv/sdists-v6/pypi/pydantic-core/2.14.1/i-nDVXHd6Q_FAgIxyLiL7/src/target/release/build/pydantic-core-368cf53bfce55117/build-script-build`
      (exit status: 101)
        --- stdout
        cargo:rustc-cfg=Py_3_6
        cargo:rustc-cfg=Py_3_7
        cargo:rustc-cfg=Py_3_8
        cargo:rustc-cfg=Py_3_9
        cargo:rustc-cfg=Py_3_10
        cargo:rustc-cfg=Py_3_11
        cargo:rustc-cfg=Py_3_12
        cargo:rustc-cfg=Py_3_13
        cargo:rerun-if-changed=python/pydantic_core/core_schema.py
        cargo:rerun-if-changed=generate_self_schema.py

        --- stderr
        Traceback (most recent call last):
          File
      "/home/adminuser/.cache/uv/sdists-v6/pypi/pydantic-core/2.14.1/i-nDVXHd6Q_FAgIxyLiL7/src/generate_self_schema.py",
      line 192, in eval_forward_ref
            return type_._evaluate(core_schema.__dict__, None, set())
                   ~~~~~~~~~~~~~~~^^^^^^^^^^^^^^^^^^^^^^^^^^^^^^^^^^^
        TypeError: ForwardRef._evaluate() missing 1 required keyword-only
      argument: 'recursive_guard'

        During handling of the above exception, another exception occurred:

        Traceback (most recent call last):
          File
      "/home/adminuser/.cache/uv/sdists-v6/pypi/pydantic-core/2.14.1/i-nDVXHd6Q_FAgIxyLiL7/src/generate_self_schema.py",
      line 240, in <module>
            main()
            ~~~~^^
          File
      "/home/adminuser/.cache/uv/sdists-v6/pypi/pydantic-core/2.14.1/i-nDVXHd6Q_FAgIxyLiL7/src/generate_self_schema.py",
      line 210, in main
            value = get_schema(s, definitions)
          File
      "/home/adminuser/.cache/uv/sdists-v6/pypi/pydantic-core/2.14.1/i-nDVXHd6Q_FAgIxyLiL7/src/generate_self_schema.py",
      line 54, in get_schema
            return type_dict_schema(obj, definitions)
          File
      "/home/adminuser/.cache/uv/sdists-v6/pypi/pydantic-core/2.14.1/i-nDVXHd6Q_FAgIxyLiL7/src/generate_self_schema.py",
      line 152, in type_dict_schema
            field_type = eval_forward_ref(field_type)
          File
      "/home/adminuser/.cache/uv/sdists-v6/pypi/pydantic-core/2.14.1/i-nDVXHd6Q_FAgIxyLiL7/src/generate_self_schema.py",
      line 195, in eval_forward_ref
            return type_._evaluate(core_schema.__dict__, None)
                   ~~~~~~~~~~~~~~~^^^^^^^^^^^^^^^^^^^^^^^^^^^^
        TypeError: ForwardRef._evaluate() missing 1 required keyword-only
      argument: 'recursive_guard'

        thread 'main' panicked at build.rs:29:9:
        generate_self_schema.py failed with exit status: 1
        note: run with `RUST_BACKTRACE=1` environment variable to display
      a backtrace
      warning: build failed, waiting for other jobs to finish...
      ğŸ’¥ maturin failed
        Caused by: Failed to build a native library through cargo
        Caused by: Cargo build finished with "exit status:
      101": `env -u CARGO PYO3_BUILD_EXTENSION_MODULE="1"
      PYO3_ENVIRONMENT_SIGNATURE="cpython-3.13-64bit"
      PYO3_PYTHON="/home/adminuser/.cache/uv/builds-v0/.tmpPkDiJd/bin/python"
      PYTHON_SYS_EXECUTABLE="/home/adminuser/.cache/uv/builds-v0/.tmpPkDiJd/bin/python"
      "cargo" "rustc" "--features" "pyo3/extension-module"
      "--message-format" "json-render-diagnostics" "--manifest-path"
      "/home/adminuser/.cache/uv/sdists-v6/pypi/pydantic-core/2.14.1/i-nDVXHd6Q_FAgIxyLiL7/src/Cargo.toml"
      "--release" "--lib" "--crate-type" "cdylib"`
      Error: command ['maturin', 'pep517', 'build-wheel', '-i',
      '/home/adminuser/.cache/uv/builds-v0/.tmpPkDiJd/bin/python',
      '--compatibility', 'off'] returned non-zero exit status 1

  help: `pydantic-core` was included because `pydantic==2.5.0` depends on
        `pydantic-core`
Checking if Streamlit is installed
Installing rich for an improved exception logging
Using uv pip install.
Using Python 3.13.9 environment at /home/adminuser/venv[2025-10-26 23:46:53.060044] 
Audited [2025-10-26 23:46:53.062641] 1 package[2025-10-26 23:46:53.063016]  [2025-10-26 23:46:53.063520] in 3ms[2025-10-26 23:46:53.063850] 

â”€â”€â”€â”€â”€â”€â”€â”€â”€â”€â”€â”€â”€â”€â”€â”€â”€â”€â”€â”€â”€â”€â”€â”€â”€â”€â”€â”€â”€â”€â”€â”€â”€â”€â”€â”€â”€â”€â”€â”€â”€â”€â”€â”€â”€â”€â”€â”€â”€â”€â”€â”€â”€â”€â”€â”€â”€â”€â”€â”€â”€â”€â”€â”€â”€â”€â”€â”€â”€â”€â”€â”€â”€â”€â”€â”€â”€â”€â”€â”€â”€â”€â”€â”€â”€â”€â”€â”€


â”€â”€â”€â”€â”€â”€â”€â”€â”€â”€â”€â”€â”€â”€â”€â”€â”€â”€â”€â”€â”€â”€â”€â”€â”€â”€â”€â”€â”€â”€â”€â”€â”€â”€â”€â”€â”€â”€â”€â”€ pip â”€â”€â”€â”€â”€â”€â”€â”€â”€â”€â”€â”€â”€â”€â”€â”€â”€â”€â”€â”€â”€â”€â”€â”€â”€â”€â”€â”€â”€â”€â”€â”€â”€â”€â”€â”€â”€â”€â”€â”€â”€â”€â”€

Using standard pip install.
Collecting fastapi==0.115.0 (from -r /mount/src/helix-unified/requirements.txt (line 3))
  Downloading fastapi-0.115.0-py3-none-any.whl.metadata (27 kB)
Collecting uvicorn==0.32.0 (from uvicorn[standard]==0.32.0->-r /mount/src/helix-unified/requirements.txt (line 4))
  Downloading uvicorn-0.32.0-py3-none-any.whl.metadata (6.6 kB)
Collecting python-dotenv==1.0.1 (from -r /mount/src/helix-unified/requirements.txt (line 5))
  Downloading python_dotenv-1.0.1-py3-none-any.whl.metadata (23 kB)
Collecting discord.py==2.4.0 (from -r /mount/src/helix-unified/requirements.txt (line 8))
  Downloading discord.py-2.4.0-py3-none-any.whl.metadata (6.9 kB)
Collecting redis==5.2.0 (from redis[hiredis]==5.2.0->-r /mount/src/helix-unified/requirements.txt (line 11))
  Downloading redis-5.2.0-py3-none-any.whl.metadata (9.1 kB)
Collecting asyncpg==0.30.0 (from -r /mount/src/helix-unified/requirements.txt (line 12))
  Downloading asyncpg-0.30.0-cp313-cp313-manylinux_2_17_x86_64.manylinux2014_x86_64.whl.metadata (5.0 kB)
Collecting sqlalchemy==2.0.23 (from -r /mount/src/helix-unified/requirements.txt (line 13))
  Downloading SQLAlchemy-2.0.23-py3-none-any.whl.metadata (9.6 kB)
Collecting numpy==1.26.4 (from -r /mount/src/helix-unified/requirements.txt (line 16))
  Downloading numpy-1.26.4.tar.gz (15.8 MB)
     â”â”â”â”â”â”â”â”â”â”â”â”â”â”â”â”â”â”â”â”â”â”â”â”â”â”â”â”â”â”â”â”â”â”â”â”â”â”â” 15.8/15.8 MB 189.8 MB/s eta 0:00:00
  Installing build dependencies: started
  Installing build dependencies: finished with status 'done'
  Getting requirements to build wheel: started
  Getting requirements to build wheel: finished with status 'done'
  Installing backend dependencies: started
  Installing backend dependencies: finished with status 'done'
  Preparing metadata (pyproject.toml): started
  Preparing metadata (pyproject.toml): still running...
  Preparing metadata (pyproject.toml): finished with status 'done'
Collecting pydub==0.25.1 (from -r /mount/src/helix-unified/requirements.txt (line 17))
  Downloading pydub-0.25.1-py2.py3-none-any.whl.metadata (1.4 kB)
Collecting httpx==0.28.0 (from -r /mount/src/helix-unified/requirements.txt (line 23))
  Downloading httpx-0.28.0-py3-none-any.whl.metadata (7.1 kB)
Collecting aiohttp==3.11.0 (from -r /mount/src/helix-unified/requirements.txt (line 24))
  Downloading aiohttp-3.11.0-cp313-cp313-manylinux_2_17_x86_64.manylinux2014_x86_64.whl.metadata (7.7 kB)
Collecting requests==2.31.0 (from -r /mount/src/helix-unified/requirements.txt (line 25))
  Downloading requests-2.31.0-py3-none-any.whl.metadata (4.6 kB)
Collecting aiofiles==23.2.1 (from -r /mount/src/helix-unified/requirements.txt (line 30))
  Downloading aiofiles-23.2.1-py3-none-any.whl.metadata (9.7 kB)
Collecting sentry-sdk==2.19.0 (from sentry-sdk[fastapi]==2.19.0->-r /mount/src/helix-unified/requirements.txt (line 33))
  Downloading sentry_sdk-2.19.0-py2.py3-none-any.whl.metadata (9.9 kB)
Collecting streamlit==1.40.0 (from -r /mount/src/helix-unified/requirements.txt (line 36))
  Downloading streamlit-1.40.0-py2.py3-none-any.whl.metadata (8.5 kB)
Collecting plotly==5.18.0 (from -r /mount/src/helix-unified/requirements.txt (line 37))
  Downloading plotly-5.18.0-py3-none-any.whl.metadata (7.0 kB)
Collecting pandas==2.1.3 (from -r /mount/src/helix-unified/requirements.txt (line 38))
  Downloading pandas-2.1.3.tar.gz (4.3 MB)
     â”â”â”â”â”â”â”â”â”â”â”â”â”â”â”â”â”â”â”â”â”â”â”â”â”â”â”â”â”â”â”â”â”â”â”â”â”â”â”â” 4.3/4.3 MB 147.0 MB/s eta 0:00:00[2025-10-26 23:48:54.391339] 
  Installing build dependencies: started
  Installing build dependencies: still running...
  Installing build dependencies: finished with status 'done'
  Getting requirements to build wheel: started
  Getting requirements to build wheel: finished with status 'done'
  Installing backend dependencies: started
  Installing backend dependencies: finished with status 'done'
  Preparing metadata (pyproject.toml): started
  Preparing metadata (pyproject.toml): finished with status 'error'
  error: subprocess-exited-with-error
  
  Ã— Preparing metadata (pyproject.toml) did not run successfully.
  â”‚ exit code: 1
  â•°â”€> [105 lines of output]
      + meson setup /tmp/pip-install-m_0tvdoa/pandas_afc9e0c810104b6c9628796fb3cc407b /tmp/pip-install-m_0tvdoa/pandas_afc9e0c810104b6c9628796fb3cc407b/.mesonpy-uqjdg7k9/build -Dbuildtype=release -Db_ndebug=if-release -Db_vscrt=md --vsenv --native-file=/tmp/pip-install-m_0tvdoa/pandas_afc9e0c810104b6c9628796fb3cc407b/.mesonpy-uqjdg7k9/build/meson-python-native-file.ini
      The Meson build system
      Version: 1.2.1
      Source dir: /tmp/pip-install-m_0tvdoa/pandas_afc9e0c810104b6c9628796fb3cc407b
      Build dir: /tmp/pip-install-m_0tvdoa/pandas_afc9e0c810104b6c9628796fb3cc407b/.mesonpy-uqjdg7k9/build
      Build type: native build
      Project name: pandas
      Project version: 2.1.3
      C compiler for the host machine: cc (gcc 12.2.0 "cc (Debian 12.2.0-14+deb12u1) 12.2.0")
      C linker for the host machine: cc ld.bfd 2.40
      C++ compiler for the host machine: c++ (gcc 12.2.0 "c++ (Debian 12.2.0-14+deb12u1) 12.2.0")
      C++ linker for the host machine: c++ ld.bfd 2.40
      Cython compiler for the host machine: cython (cython 0.29.37)
      Host machine cpu family: x86_64
      Host machine cpu: x86_64
      Program python found: YES (/home/adminuser/venv/bin/python)
      Did not find pkg-config by name 'pkg-config'
      Found Pkg-config: NO
      Run-time dependency python found: YES 3.13
      Build targets in project: 53
      
      pandas 2.1.3
      
        User defined options
          Native files: /tmp/pip-install-m_0tvdoa/pandas_afc9e0c810104b6c9628796fb3cc407b/.mesonpy-uqjdg7k9/build/meson-python-native-file.ini
          buildtype   : release
          vsenv       : True
          b_ndebug    : if-release
          b_vscrt     : md
      
      Found ninja-1.13.0.git.kitware.jobserver-pipe-1 at /tmp/pip-build-env-vgji_t_o/normal/bin/ninja
      
      Visual Studio environment is needed to run Ninja. It is recommended to use Meson wrapper:
      /tmp/pip-build-env-vgji_t_o/overlay/bin/meson compile -C .
      + /tmp/pip-build-env-vgji_t_o/normal/bin/ninja
      [1/151] Generating pandas/_libs/sparse_op_helper_pxi with a custom command
      [2/151] Generating pandas/_libs/index_class_helper_pxi with a custom command
      [3/151] Generating pandas/_libs/khash_primitive_helper_pxi with a custom command
      [4/151] Generating pandas/_libs/algos_take_helper_pxi with a custom command
      [5/151] Generating pandas/_libs/hashtable_class_helper_pxi with a custom command
      [6/151] Generating pandas/_libs/intervaltree_helper_pxi with a custom command
      [7/151] Generating pandas/_libs/algos_common_helper_pxi with a custom command
      [8/151] Generating pandas/_libs/hashtable_func_helper_pxi with a custom command
      [9/151] Compiling Cython source /tmp/pip-install-m_0tvdoa/pandas_afc9e0c810104b6c9628796fb3cc407b/pandas/_libs/tslibs/base.pyx
      [10/151] Compiling Cython source /tmp/pip-install-m_0tvdoa/pandas_afc9e0c810104b6c9628796fb3cc407b/pandas/_libs/tslibs/ccalendar.pyx
      [11/151] Compiling Cython source /tmp/pip-install-m_0tvdoa/pandas_afc9e0c810104b6c9628796fb3cc407b/pandas/_libs/tslibs/dtypes.pyx
      [12/151] Compiling Cython source /tmp/pip-install-m_0tvdoa/pandas_afc9e0c810104b6c9628796fb3cc407b/pandas/_libs/tslibs/np_datetime.pyx
      [13/151] Compiling Cython source /tmp/pip-install-m_0tvdoa/pandas_afc9e0c810104b6c9628796fb3cc407b/pandas/_libs/tslibs/nattype.pyx
      [14/151] Compiling Cython source /tmp/pip-install-m_0tvdoa/pandas_afc9e0c810104b6c9628796fb3cc407b/pandas/_libs/arrays.pyx
      [15/151] Compiling Cython source /tmp/pip-install-m_0tvdoa/pandas_afc9e0c810104b6c9628796fb3cc407b/pandas/_libs/indexing.pyx
      [16/151] Compiling Cython source /tmp/pip-install-m_0tvdoa/pandas_afc9e0c810104b6c9628796fb3cc407b/pandas/_libs/tslibs/tzconversion.pyx
      [17/151] Compiling Cython source /tmp/pip-install-m_0tvdoa/pandas_afc9e0c810104b6c9628796fb3cc407b/pandas/_libs/tslibs/vectorized.pyx
      [18/151] Compiling Cython source /tmp/pip-install-m_0tvdoa/pandas_afc9e0c810104b6c9628796fb3cc407b/pandas/_libs/tslibs/timezones.pyx
      [19/151] Compiling Cython source /tmp/pip-install-m_0tvdoa/pandas_afc9e0c810104b6c9628796fb3cc407b/pandas/_libs/tslibs/conversion.pyx
      [20/151] Compiling Cython source /tmp/pip-install-m_0tvdoa/pandas_afc9e0c810104b6c9628796fb3cc407b/pandas/_libs/tslibs/parsing.pyx
      [21/151] Compiling Cython source /tmp/pip-install-m_0tvdoa/pandas_afc9e0c810104b6c9628796fb3cc407b/pandas/_libs/tslibs/fields.pyx
      [22/151] Compiling Cython source /tmp/pip-install-m_0tvdoa/pandas_afc9e0c810104b6c9628796fb3cc407b/pandas/_libs/tslibs/offsets.pyx
      [23/151] Compiling Cython source /tmp/pip-install-m_0tvdoa/pandas_afc9e0c810104b6c9628796fb3cc407b/pandas/_libs/tslibs/strptime.pyx
      [24/151] Compiling Cython source /tmp/pip-install-m_0tvdoa/pandas_afc9e0c810104b6c9628796fb3cc407b/pandas/_libs/tslibs/timestamps.pyx
      [25/151] Compiling Cython source /tmp/pip-install-m_0tvdoa/pandas_afc9e0c810104b6c9628796fb3cc407b/pandas/_libs/ops_dispatch.pyx
      [26/151] Compiling Cython source /tmp/pip-install-m_0tvdoa/pandas_afc9e0c810104b6c9628796fb3cc407b/pandas/_libs/tslibs/timedeltas.pyx
      [27/151] Compiling Cython source /tmp/pip-install-m_0tvdoa/pandas_afc9e0c810104b6c9628796fb3cc407b/pandas/_libs/properties.pyx
      [28/151] Compiling Cython source /tmp/pip-install-m_0tvdoa/pandas_afc9e0c810104b6c9628796fb3cc407b/pandas/_libs/tslibs/period.pyx
      [29/151] Compiling Cython source /tmp/pip-install-m_0tvdoa/pandas_afc9e0c810104b6c9628796fb3cc407b/pandas/_libs/hashing.pyx
      [30/151] Compiling Cython source /tmp/pip-install-m_0tvdoa/pandas_afc9e0c810104b6c9628796fb3cc407b/pandas/_libs/missing.pyx
      [31/151] Compiling Cython source /tmp/pip-install-m_0tvdoa/pandas_afc9e0c810104b6c9628796fb3cc407b/pandas/_libs/byteswap.pyx
      [32/151] Compiling Cython source /tmp/pip-install-m_0tvdoa/pandas_afc9e0c810104b6c9628796fb3cc407b/pandas/_libs/internals.pyx
      [33/151] Compiling C object pandas/_libs/tslibs/base.cpython-313-x86_64-linux-gnu.so.p/meson-generated_pandas__libs_tslibs_base.pyx.c.o
      FAILED: [code=1] pandas/_libs/tslibs/base.cpython-313-x86_64-linux-gnu.so.p/meson-generated_pandas__libs_tslibs_base.pyx.c.o
      cc -Ipandas/_libs/tslibs/base.cpython-313-x86_64-linux-gnu.so.p -Ipandas/_libs/tslibs -I../../pandas/_libs/tslibs -I../../../../pip-build-env-vgji_t_o/overlay/lib/python3.13/site-packages/numpy/core/include -I../../pandas/_libs/include -I/usr/local/include/python3.13 -fvisibility=hidden -fdiagnostics-color=always -DNDEBUG -D_FILE_OFFSET_BITS=64 -w -std=c99 -O3 -DNPY_NO_DEPRECATED_API=0 -DNPY_TARGET_VERSION=NPY_1_21_API_VERSION -fPIC -MD -MQ pandas/_libs/tslibs/base.cpython-313-x86_64-linux-gnu.so.p/meson-generated_pandas__libs_tslibs_base.pyx.c.o -MF pandas/_libs/tslibs/base.cpython-313-x86_64-linux-gnu.so.p/meson-generated_pandas__libs_tslibs_base.pyx.c.o.d -o pandas/_libs/tslibs/base.cpython-313-x86_64-linux-gnu.so.p/meson-generated_pandas__libs_tslibs_base.pyx.c.o -c pandas/_libs/tslibs/base.cpython-313-x86_64-linux-gnu.so.p/pandas/_libs/tslibs/base.pyx.c
      pandas/_libs/tslibs/base.cpython-313-x86_64-linux-gnu.so.p/pandas/_libs/tslibs/base.pyx.c: In function â€˜__Pyx_PyInt_As_longâ€™:
      pandas/_libs/tslibs/base.cpython-313-x86_64-linux-gnu.so.p/pandas/_libs/tslibs/base.pyx.c:5397:27: error: too few arguments to function â€˜_PyLong_AsByteArrayâ€™
       5397 |                 int ret = _PyLong_AsByteArray((PyLongObject *)v,
            |                           ^~~~~~~~~~~~~~~~~~~
      In file included from /usr/local/include/python3.13/longobject.h:107,
                       from /usr/local/include/python3.13/Python.h:82,
                       from pandas/_libs/tslibs/base.cpython-313-x86_64-linux-gnu.so.p/pandas/_libs/tslibs/base.pyx.c:6:
      /usr/local/include/python3.13/cpython/longobject.h:111:17: note: declared here
        111 | PyAPI_FUNC(int) _PyLong_AsByteArray(PyLongObject* v,
            |                 ^~~~~~~~~~~~~~~~~~~
      pandas/_libs/tslibs/base.cpython-313-x86_64-linux-gnu.so.p/pandas/_libs/tslibs/base.pyx.c: In function â€˜__Pyx_PyInt_As_intâ€™:
      pandas/_libs/tslibs/base.cpython-313-x86_64-linux-gnu.so.p/pandas/_libs/tslibs/base.pyx.c:5631:27: error: too few arguments to function â€˜_PyLong_AsByteArrayâ€™
       5631 |                 int ret = _PyLong_AsByteArray((PyLongObject *)v,
            |                           ^~~~~~~~~~~~~~~~~~~
      /usr/local/include/python3.13/cpython/longobject.h:111:17: note: declared here
        111 | PyAPI_FUNC(int) _PyLong_AsByteArray(PyLongObject* v,
            |                 ^~~~~~~~~~~~~~~~~~~
      [34/151] Compiling Cython source /tmp/pip-install-m_0tvdoa/pandas_afc9e0c810104b6c9628796fb3cc407b/pandas/_libs/testing.pyx
      [35/151] Compiling Cython source /tmp/pip-install-m_0tvdoa/pandas_afc9e0c810104b6c9628796fb3cc407b/pandas/_libs/reshape.pyx
      [36/151] Compiling Cython source /tmp/pip-install-m_0tvdoa/pandas_afc9e0c810104b6c9628796fb3cc407b/pandas/_libs/ops.pyx
      [37/151] Compiling Cython source /tmp/pip-install-m_0tvdoa/pandas_afc9e0c810104b6c9628796fb3cc407b/pandas/_libs/sas.pyx
      [38/151] Compiling Cython source /tmp/pip-install-m_0tvdoa/pandas_afc9e0c810104b6c9628796fb3cc407b/pandas/_libs/index.pyx
      [39/151] Compiling Cython source /tmp/pip-install-m_0tvdoa/pandas_afc9e0c810104b6c9628796fb3cc407b/pandas/_libs/window/indexers.pyx
      [40/151] Compiling Cython source /tmp/pip-install-m_0tvdoa/pandas_afc9e0c810104b6c9628796fb3cc407b/pandas/_libs/tslib.pyx
      [41/151] Compiling Cython source /tmp/pip-install-m_0tvdoa/pandas_afc9e0c810104b6c9628796fb3cc407b/pandas/_libs/parsers.pyx
      [42/151] Compiling Cython source /tmp/pip-install-m_0tvdoa/pandas_afc9e0c810104b6c9628796fb3cc407b/pandas/_libs/lib.pyx
      [43/151] Compiling Cython source /tmp/pip-install-m_0tvdoa/pandas_afc9e0c810104b6c9628796fb3cc407b/pandas/_libs/window/aggregations.pyx
      [44/151] Compiling Cython source /tmp/pip-install-m_0tvdoa/pandas_afc9e0c810104b6c9628796fb3cc407b/pandas/_libs/writers.pyx
      [45/151] Compiling Cython source /tmp/pip-install-m_0tvdoa/pandas_afc9e0c810104b6c9628796fb3cc407b/pandas/_libs/interval.pyx
      [46/151] Compiling Cython source /tmp/pip-install-m_0tvdoa/pandas_afc9e0c810104b6c9628796fb3cc407b/pandas/_libs/sparse.pyx
      [47/151] Compiling Cython source /tmp/pip-install-m_0tvdoa/pandas_afc9e0c810104b6c9628796fb3cc407b/pandas/_libs/algos.pyx
      [48/151] Compiling Cython source /tmp/pip-install-m_0tvdoa/pandas_afc9e0c810104b6c9628796fb3cc407b/pandas/_libs/hashtable.pyx
      [49/151] Compiling Cython source /tmp/pip-install-m_0tvdoa/pandas_afc9e0c810104b6c9628796fb3cc407b/pandas/_libs/groupby.pyx
      [50/151] Compiling Cython source /tmp/pip-install-m_0tvdoa/pandas_afc9e0c810104b6c9628796fb3cc407b/pandas/_libs/join.pyx
      ninja: build stopped: subcommand failed.
      [end of output]
  
  note: This error originates from a subprocess, and is likely not a problem with pip.
error: metadata-generation-failed

Ã— Encountered error while generating package metadata.
â•°â”€> See above for output.

note: This is an issue with the package mentioned above, not pip.
hint: See above for details.

[notice] A new release of pip is available: 24.0 -> 25.3
[notice] To update, run: pip install --upgrade pip
Checking if Streamlit is installed
Installing rich for an improved exception logging
Using standard pip install.
Collecting rich>=10.14.0
  Downloading rich-14.2.0-py3-none-any.whl.metadata (18 kB)
Collecting markdown-it-py>=2.2.0 (from rich>=10.14.0)
  Downloading markdown_it_py-4.0.0-py3-none-any.whl.metadata (7.3 kB)
Collecting pygments<3.0.0,>=2.13.0 (from rich>=10.14.0)
  Downloading pygments-2.19.2-py3-none-any.whl.metadata (2.5 kB)
Collecting mdurl~=0.1 (from markdown-it-py>=2.2.0->rich>=10.14.0)
  Downloading mdurl-0.1.2-py3-none-any.whl.metadata (1.6 kB)
Downloading rich-14.2.0-py3-none-any.whl (243 kB)
   â”â”â”â”â”â”â”â”â”â”â”â”â”â”â”â”â”â”â”â”â”â”â”â”â”â”â”â”â”â”â”â”â”â”â”â”â”â”â”â” 243.4/243.4 kB 9.9 MB/s eta 0:00:00[2025-10-26 23:51:19.607699] 
Downloading markdown_it_py-4.0.0-py3-none-any.whl (87 kB)
   â”â”â”â”â”â”â”â”â”â”â”â”â”â”â”â”â”â”â”â”â”â”â”â”â”â”â”â”â”â”â”â”â”â”â”â”â”â”â”â” 87.3/87.3 kB 126.4 MB/s eta 0:00:00[2025-10-26 23:51:19.622975] 
Downloading pygments-2.19.2-py3-none-any.whl (1.2 MB)
   â”â”â”â”â”â”â”â”â”â”â”â”â”â”â”â”â”â”â”â”â”â”â”â”â”â”â”â”â”â”â”â”â”â”â”â”â”â”â”â” 1.2/1.2 MB 63.3 MB/s eta 0:00:00[2025-10-26 23:51:19.656817] 
Downloading mdurl-0.1.2-py3-none-any.whl (10.0 kB)
Installing collected packages: pygments, mdurl, markdown-it-py, rich
  Attempting uninstall: pygments
    Found existing installation: Pygments 2.19.2
    Uninstalling Pygments-2.19.2:
      Successfully uninstalled Pygments-2.19.2
  Attempting uninstall: mdurl
    Found existing installation: mdurl 0.1.2
    Uninstalling mdurl-0.1.2:
      Successfully uninstalled mdurl-0.1.2
  Attempting uninstall: markdown-it-py
    Found existing installation: markdown-it-py 4.0.0
    Uninstalling markdown-it-py-4.0.0:
      Successfully uninstalled markdown-it-py-4.0.0
  Attempting uninstall: rich
    Found existing installation: rich 14.2.0
    Uninstalling rich-14.2.0:
      Successfully uninstalled rich-14.2.0
Successfully installed markdown-it-py-4.0.0 mdurl-0.1.2 pygments-2.19.2 rich-14.2.0

[notice] A new release of pip is available: 24.0 -> 25.3
[notice] To update, run: pip install --upgrade pip

â”€â”€â”€â”€â”€â”€â”€â”€â”€â”€â”€â”€â”€â”€â”€â”€â”€â”€â”€â”€â”€â”€â”€â”€â”€â”€â”€â”€â”€â”€â”€â”€â”€â”€â”€â”€â”€â”€â”€â”€â”€â”€â”€â”€â”€â”€â”€â”€â”€â”€â”€â”€â”€â”€â”€â”€â”€â”€â”€â”€â”€â”€â”€â”€â”€â”€â”€â”€â”€â”€â”€â”€â”€â”€â”€â”€â”€â”€â”€â”€â”€â”€â”€â”€â”€â”€â”€â”€

[23:51:21] â—ï¸ installer returned a non-zero exit code