
[ â€‰â€‰â€…â€…UTCâ€…â€…â€‰â€‰ ] Logs for helix-dashboard.streamlit.app/
â”€â”€â”€â”€â”€â”€â”€â”€â”€â”€â”€â”€â”€â”€â”€â”€â”€â”€â”€â”€â”€â”€â”€â”€â”€â”€â”€â”€â”€â”€â”€â”€â”€â”€â”€â”€â”€â”€â”€â”€â”€â”€â”€â”€â”€â”€â”€â”€â”€â”€â”€â”€â”€â”€â”€â”€â”€â”€â”€â”€â”€â”€â”€â”€â”€â”€â”€â”€â”€â”€â”€â”€â”€â”€â”€â”€â”€â”€â”€â”€â”€â”€â”€â”€â”€â”€â”€â”€
[15:59:12] ğŸ–¥ Provisioning machine...
[15:59:12] ğŸ› Preparing system...
[15:59:12] â›“ Spinning up manager process...
[15:58:59] ğŸš€ Starting up repository: 'helix-unified', branch: 'main', main module: 'dashboard/streamlit_app.py'
[15:58:59] ğŸ™ Cloning repository...
[15:59:01] ğŸ™ Cloning into '/mount/src/helix-unified'...

[15:59:01] ğŸ™ Cloned repository!
[15:59:01] ğŸ™ Pulling code changes from Github...
[15:59:02] ğŸ“¦ Processing dependencies...

â”€â”€â”€â”€â”€â”€â”€â”€â”€â”€â”€â”€â”€â”€â”€â”€â”€â”€â”€â”€â”€â”€â”€â”€â”€â”€â”€â”€â”€â”€â”€â”€â”€â”€â”€â”€â”€â”€â”€â”€ uv â”€â”€â”€â”€â”€â”€â”€â”€â”€â”€â”€â”€â”€â”€â”€â”€â”€â”€â”€â”€â”€â”€â”€â”€â”€â”€â”€â”€â”€â”€â”€â”€â”€â”€â”€â”€â”€â”€â”€â”€â”€â”€â”€

Using uv pip install.
Using Python 3.13.9 environment at /home/adminuser/venv
  Ã— No solution found when resolving dependencies:
  â•°â”€â–¶ Because tensorflow==2.14.0 has no wheels with a matching Python ABI
      tag and you require tensorflow==2.14.0, we can conclude that your
      requirements are unsatisfiable.
Checking if Streamlit is installed
Installing rich for an improved exception logging
Using uv pip install.
Using Python 3.13.9 environment at /home/adminuser/venv
Resolved 4 packages in 108ms
Prepared 4 packages in 154ms
Installed 4 packages in 15ms
 + markdown-it-py==4.0.0[2025-10-28 15:59:05.160715] 
 + mdurl==0.1.2
 + pygments==2.19.2
 + rich==14.2.0

â”€â”€â”€â”€â”€â”€â”€â”€â”€â”€â”€â”€â”€â”€â”€â”€â”€â”€â”€â”€â”€â”€â”€â”€â”€â”€â”€â”€â”€â”€â”€â”€â”€â”€â”€â”€â”€â”€â”€â”€â”€â”€â”€â”€â”€â”€â”€â”€â”€â”€â”€â”€â”€â”€â”€â”€â”€â”€â”€â”€â”€â”€â”€â”€â”€â”€â”€â”€â”€â”€â”€â”€â”€â”€â”€â”€â”€â”€â”€â”€â”€â”€â”€â”€â”€â”€â”€â”€


â”€â”€â”€â”€â”€â”€â”€â”€â”€â”€â”€â”€â”€â”€â”€â”€â”€â”€â”€â”€â”€â”€â”€â”€â”€â”€â”€â”€â”€â”€â”€â”€â”€â”€â”€â”€â”€â”€â”€â”€ pip â”€â”€â”€â”€â”€â”€â”€â”€â”€â”€â”€â”€â”€â”€â”€â”€â”€â”€â”€â”€â”€â”€â”€â”€â”€â”€â”€â”€â”€â”€â”€â”€â”€â”€â”€â”€â”€â”€â”€â”€â”€â”€â”€

Using standard pip install.
Collecting fastapi==0.115.0 (from -r /mount/src/helix-unified/requirements.txt (line 3))
  Downloading fastapi-0.115.0-py3-none-any.whl.metadata (27 kB)
Collecting uvicorn==0.32.0 (from uvicorn[standard]==0.32.0->-r /mount/src/helix-unified/requirements.txt (line 4))
  Downloading uvicorn-0.32.0-py3-none-any.whl.metadata (6.6 kB)
Collecting python-dotenv==1.0.1 (from -r /mount/src/helix-unified/requirements.txt (line 5))
  Downloading python_dotenv-1.0.1-py3-none-any.whl.metadata (23 kB)
Collecting discord.py==2.4.0 (from -r /mount/src/helix-unified/requirements.txt (line 8))
  Downloading discord.py-2.4.0-py3-none-any.whl.metadata (6.9 kB)
Collecting redis==5.2.0 (from redis[hiredis]==5.2.0->-r /mount/src/helix-unified/requirements.txt (line 11))
  Downloading redis-5.2.0-py3-none-any.whl.metadata (9.1 kB)
Collecting asyncpg==0.30.0 (from -r /mount/src/helix-unified/requirements.txt (line 12))
  Downloading asyncpg-0.30.0-cp313-cp313-manylinux_2_17_x86_64.manylinux2014_x86_64.whl.metadata (5.0 kB)
Collecting sqlalchemy==2.0.23 (from -r /mount/src/helix-unified/requirements.txt (line 13))
  Downloading SQLAlchemy-2.0.23-py3-none-any.whl.metadata (9.6 kB)
Collecting mega.py (from -r /mount/src/helix-unified/requirements.txt (line 15))
  Downloading mega.py-1.0.8-py2.py3-none-any.whl.metadata (6.5 kB)
Collecting pycryptodome (from -r /mount/src/helix-unified/requirements.txt (line 16))
  Downloading pycryptodome-3.23.0-cp37-abi3-manylinux_2_17_x86_64.manylinux2014_x86_64.whl.metadata (3.4 kB)
Collecting numpy==1.26.4 (from -r /mount/src/helix-unified/requirements.txt (line 19))
  Downloading numpy-1.26.4.tar.gz (15.8 MB)
     â”â”â”â”â”â”â”â”â”â”â”â”â”â”â”â”â”â”â”â”â”â”â”â”â”â”â”â”â”â”â”â”â”â”â”â”â”â”â” 15.8/15.8 MB 161.2 MB/s eta 0:00:00[2025-10-28 15:59:08.317382] 
  Installing build dependencies: started
  Installing build dependencies: finished with status 'done'
  Getting requirements to build wheel: started
  Getting requirements to build wheel: finished with status 'done'
  Installing backend dependencies: started
  Installing backend dependencies: finished with status 'done'
  Preparing metadata (pyproject.toml): started
  Preparing metadata (pyproject.toml): still running...
  Preparing metadata (pyproject.toml): still running...
  Preparing metadata (pyproject.toml): finished with status 'done'
Collecting pydub==0.25.1 (from -r /mount/src/helix-unified/requirements.txt (line 20))
  Downloading pydub-0.25.1-py2.py3-none-any.whl.metadata (1.4 kB)
Collecting httpx==0.28.0 (from -r /mount/src/helix-unified/requirements.txt (line 26))
  Downloading httpx-0.28.0-py3-none-any.whl.metadata (7.1 kB)
Collecting aiohttp==3.11.0 (from -r /mount/src/helix-unified/requirements.txt (line 27))
  Downloading aiohttp-3.11.0-cp313-cp313-manylinux_2_17_x86_64.manylinux2014_x86_64.whl.metadata (7.7 kB)
Collecting requests==2.31.0 (from -r /mount/src/helix-unified/requirements.txt (line 28))
  Downloading requests-2.31.0-py3-none-any.whl.metadata (4.6 kB)
Collecting aiofiles==23.2.1 (from -r /mount/src/helix-unified/requirements.txt (line 33))
  Downloading aiofiles-23.2.1-py3-none-any.whl.metadata (9.7 kB)
Collecting sentry-sdk==2.19.0 (from sentry-sdk[fastapi]==2.19.0->-r /mount/src/helix-unified/requirements.txt (line 36))
  Downloading sentry_sdk-2.19.0-py2.py3-none-any.whl.metadata (9.9 kB)
Collecting streamlit==1.40.0 (from -r /mount/src/helix-unified/requirements.txt (line 39))
  Downloading streamlit-1.40.0-py2.py3-none-any.whl.metadata (8.5 kB)
Collecting plotly==5.18.0 (from -r /mount/src/helix-unified/requirements.txt (line 40))
  Downloading plotly-5.18.0-py3-none-any.whl.metadata (7.0 kB)
Collecting pandas==2.1.3 (from -r /mount/src/helix-unified/requirements.txt (line 41))
  Downloading pandas-2.1.3.tar.gz (4.3 MB)
     â”â”â”â”â”â”â”â”â”â”â”â”â”â”â”â”â”â”â”â”â”â”â”â”â”â”â”â”â”â”â”â”â”â”â”â”â”â”â”â” 4.3/4.3 MB 205.6 MB/s eta 0:00:00[2025-10-28 16:01:21.083656] 
  Installing build dependencies: started
  Installing build dependencies: still running...
  Installing build dependencies: still running...
  Installing build dependencies: finished with status 'done'
  Getting requirements to build wheel: started
  Getting requirements to build wheel: finished with status 'done'
  Installing backend dependencies: started
  Installing backend dependencies: finished with status 'done'
  Preparing metadata (pyproject.toml): started
  Preparing metadata (pyproject.toml): finished with status 'error'
  error: subprocess-exited-with-error
  
  Ã— Preparing metadata (pyproject.toml) did not run successfully.
  â”‚ exit code: 1
  â•°â”€> [105 lines of output]
      + meson setup /tmp/pip-install-8pagrce3/pandas_d22964139d854cbbb2ae8237611aeb61 /tmp/pip-install-8pagrce3/pandas_d22964139d854cbbb2ae8237611aeb61/.mesonpy-w4rdfh2z/build -Dbuildtype=release -Db_ndebug=if-release -Db_vscrt=md --vsenv --native-file=/tmp/pip-install-8pagrce3/pandas_d22964139d854cbbb2ae8237611aeb61/.mesonpy-w4rdfh2z/build/meson-python-native-file.ini
      The Meson build system
      Version: 1.2.1
      Source dir: /tmp/pip-install-8pagrce3/pandas_d22964139d854cbbb2ae8237611aeb61
      Build dir: /tmp/pip-install-8pagrce3/pandas_d22964139d854cbbb2ae8237611aeb61/.mesonpy-w4rdfh2z/build
      Build type: native build
      Project name: pandas
      Project version: 2.1.3
      C compiler for the host machine: cc (gcc 12.2.0 "cc (Debian 12.2.0-14+deb12u1) 12.2.0")
      C linker for the host machine: cc ld.bfd 2.40
      C++ compiler for the host machine: c++ (gcc 12.2.0 "c++ (Debian 12.2.0-14+deb12u1) 12.2.0")
      C++ linker for the host machine: c++ ld.bfd 2.40
      Cython compiler for the host machine: cython (cython 0.29.37)
      Host machine cpu family: x86_64
      Host machine cpu: x86_64
      Program python found: YES (/home/adminuser/venv/bin/python)
      Did not find pkg-config by name 'pkg-config'
      Found Pkg-config: NO
      Run-time dependency python found: YES 3.13
      Build targets in project: 53
      
      pandas 2.1.3
      
        User defined options
          Native files: /tmp/pip-install-8pagrce3/pandas_d22964139d854cbbb2ae8237611aeb61/.mesonpy-w4rdfh2z/build/meson-python-native-file.ini
          buildtype   : release
          vsenv       : True
          b_ndebug    : if-release
          b_vscrt     : md
      
      Found ninja-1.13.0.git.kitware.jobserver-pipe-1 at /tmp/pip-build-env-rxkjf08n/normal/bin/ninja
      
      Visual Studio environment is needed to run Ninja. It is recommended to use Meson wrapper:
      /tmp/pip-build-env-rxkjf08n/overlay/bin/meson compile -C .
      + /tmp/pip-build-env-rxkjf08n/normal/bin/ninja
      [1/151] Generating pandas/_libs/khash_primitive_helper_pxi with a custom command
      [2/151] Generating pandas/_libs/algos_take_helper_pxi with a custom command
      [3/151] Generating pandas/_libs/intervaltree_helper_pxi with a custom command
      [4/151] Generating pandas/_libs/algos_common_helper_pxi with a custom command
      [5/151] Generating pandas/_libs/hashtable_func_helper_pxi with a custom command
      [6/151] Generating pandas/_libs/index_class_helper_pxi with a custom command
      [7/151] Generating pandas/_libs/sparse_op_helper_pxi with a custom command
      [8/151] Generating pandas/_libs/hashtable_class_helper_pxi with a custom command
      [9/151] Compiling Cython source /tmp/pip-install-8pagrce3/pandas_d22964139d854cbbb2ae8237611aeb61/pandas/_libs/tslibs/base.pyx
      [10/151] Compiling Cython source /tmp/pip-install-8pagrce3/pandas_d22964139d854cbbb2ae8237611aeb61/pandas/_libs/tslibs/ccalendar.pyx
      [11/151] Compiling Cython source /tmp/pip-install-8pagrce3/pandas_d22964139d854cbbb2ae8237611aeb61/pandas/_libs/tslibs/dtypes.pyx
      [12/151] Compiling Cython source /tmp/pip-install-8pagrce3/pandas_d22964139d854cbbb2ae8237611aeb61/pandas/_libs/arrays.pyx
      [13/151] Compiling Cython source /tmp/pip-install-8pagrce3/pandas_d22964139d854cbbb2ae8237611aeb61/pandas/_libs/tslibs/np_datetime.pyx
      [14/151] Compiling Cython source /tmp/pip-install-8pagrce3/pandas_d22964139d854cbbb2ae8237611aeb61/pandas/_libs/tslibs/nattype.pyx
      [15/151] Compiling Cython source /tmp/pip-install-8pagrce3/pandas_d22964139d854cbbb2ae8237611aeb61/pandas/_libs/indexing.pyx
      [16/151] Compiling Cython source /tmp/pip-install-8pagrce3/pandas_d22964139d854cbbb2ae8237611aeb61/pandas/_libs/tslibs/timezones.pyx
      [17/151] Compiling Cython source /tmp/pip-install-8pagrce3/pandas_d22964139d854cbbb2ae8237611aeb61/pandas/_libs/tslibs/vectorized.pyx
      [18/151] Compiling Cython source /tmp/pip-install-8pagrce3/pandas_d22964139d854cbbb2ae8237611aeb61/pandas/_libs/tslibs/parsing.pyx
      [19/151] Compiling Cython source /tmp/pip-install-8pagrce3/pandas_d22964139d854cbbb2ae8237611aeb61/pandas/_libs/tslibs/conversion.pyx
      [20/151] Compiling Cython source /tmp/pip-install-8pagrce3/pandas_d22964139d854cbbb2ae8237611aeb61/pandas/_libs/tslibs/tzconversion.pyx
      [21/151] Compiling Cython source /tmp/pip-install-8pagrce3/pandas_d22964139d854cbbb2ae8237611aeb61/pandas/_libs/tslibs/strptime.pyx
      [22/151] Compiling Cython source /tmp/pip-install-8pagrce3/pandas_d22964139d854cbbb2ae8237611aeb61/pandas/_libs/tslibs/fields.pyx
      [23/151] Compiling Cython source /tmp/pip-install-8pagrce3/pandas_d22964139d854cbbb2ae8237611aeb61/pandas/_libs/tslibs/timestamps.pyx
      [24/151] Compiling Cython source /tmp/pip-install-8pagrce3/pandas_d22964139d854cbbb2ae8237611aeb61/pandas/_libs/tslibs/offsets.pyx
      [25/151] Compiling Cython source /tmp/pip-install-8pagrce3/pandas_d22964139d854cbbb2ae8237611aeb61/pandas/_libs/ops_dispatch.pyx
      [26/151] Compiling Cython source /tmp/pip-install-8pagrce3/pandas_d22964139d854cbbb2ae8237611aeb61/pandas/_libs/missing.pyx
      [27/151] Compiling Cython source /tmp/pip-install-8pagrce3/pandas_d22964139d854cbbb2ae8237611aeb61/pandas/_libs/hashing.pyx
      [28/151] Compiling Cython source /tmp/pip-install-8pagrce3/pandas_d22964139d854cbbb2ae8237611aeb61/pandas/_libs/tslibs/timedeltas.pyx
      [29/151] Compiling Cython source /tmp/pip-install-8pagrce3/pandas_d22964139d854cbbb2ae8237611aeb61/pandas/_libs/tslibs/period.pyx
      [30/151] Compiling Cython source /tmp/pip-install-8pagrce3/pandas_d22964139d854cbbb2ae8237611aeb61/pandas/_libs/properties.pyx
      [31/151] Compiling Cython source /tmp/pip-install-8pagrce3/pandas_d22964139d854cbbb2ae8237611aeb61/pandas/_libs/byteswap.pyx
      [32/151] Compiling Cython source /tmp/pip-install-8pagrce3/pandas_d22964139d854cbbb2ae8237611aeb61/pandas/_libs/internals.pyx
      [33/151] Compiling C object pandas/_libs/tslibs/base.cpython-313-x86_64-linux-gnu.so.p/meson-generated_pandas__libs_tslibs_base.pyx.c.o
      FAILED: [code=1] pandas/_libs/tslibs/base.cpython-313-x86_64-linux-gnu.so.p/meson-generated_pandas__libs_tslibs_base.pyx.c.o
      cc -Ipandas/_libs/tslibs/base.cpython-313-x86_64-linux-gnu.so.p -Ipandas/_libs/tslibs -I../../pandas/_libs/tslibs -I../../../../pip-build-env-rxkjf08n/overlay/lib/python3.13/site-packages/numpy/core/include -I../../pandas/_libs/include -I/usr/local/include/python3.13 -fvisibility=hidden -fdiagnostics-color=always -DNDEBUG -D_FILE_OFFSET_BITS=64 -w -std=c99 -O3 -DNPY_NO_DEPRECATED_API=0 -DNPY_TARGET_VERSION=NPY_1_21_API_VERSION -fPIC -MD -MQ pandas/_libs/tslibs/base.cpython-313-x86_64-linux-gnu.so.p/meson-generated_pandas__libs_tslibs_base.pyx.c.o -MF pandas/_libs/tslibs/base.cpython-313-x86_64-linux-gnu.so.p/meson-generated_pandas__libs_tslibs_base.pyx.c.o.d -o pandas/_libs/tslibs/base.cpython-313-x86_64-linux-gnu.so.p/meson-generated_pandas__libs_tslibs_base.pyx.c.o -c pandas/_libs/tslibs/base.cpython-313-x86_64-linux-gnu.so.p/pandas/_libs/tslibs/base.pyx.c
      pandas/_libs/tslibs/base.cpython-313-x86_64-linux-gnu.so.p/pandas/_libs/tslibs/base.pyx.c: In function â€˜__Pyx_PyInt_As_longâ€™:
      pandas/_libs/tslibs/base.cpython-313-x86_64-linux-gnu.so.p/pandas/_libs/tslibs/base.pyx.c:5397:27: error: too few arguments to function â€˜_PyLong_AsByteArrayâ€™
       5397 |                 int ret = _PyLong_AsByteArray((PyLongObject *)v,
            |                           ^~~~~~~~~~~~~~~~~~~
      In file included from /usr/local/include/python3.13/longobject.h:107,
                       from /usr/local/include/python3.13/Python.h:82,
                       from pandas/_libs/tslibs/base.cpython-313-x86_64-linux-gnu.so.p/pandas/_libs/tslibs/base.pyx.c:6:
      /usr/local/include/python3.13/cpython/longobject.h:111:17: note: declared here
        111 | PyAPI_FUNC(int) _PyLong_AsByteArray(PyLongObject* v,
            |                 ^~~~~~~~~~~~~~~~~~~
      pandas/_libs/tslibs/base.cpython-313-x86_64-linux-gnu.so.p/pandas/_libs/tslibs/base.pyx.c: In function â€˜__Pyx_PyInt_As_intâ€™:
      pandas/_libs/tslibs/base.cpython-313-x86_64-linux-gnu.so.p/pandas/_libs/tslibs/base.pyx.c:5631:27: error: too few arguments to function â€˜_PyLong_AsByteArrayâ€™
       5631 |                 int ret = _PyLong_AsByteArray((PyLongObject *)v,
            |                           ^~~~~~~~~~~~~~~~~~~
      /usr/local/include/python3.13/cpython/longobject.h:111:17: note: declared here
        111 | PyAPI_FUNC(int) _PyLong_AsByteArray(PyLongObject* v,
            |                 ^~~~~~~~~~~~~~~~~~~
      [34/151] Compiling Cython source /tmp/pip-install-8pagrce3/pandas_d22964139d854cbbb2ae8237611aeb61/pandas/_libs/testing.pyx
      [35/151] Compiling Cython source /tmp/pip-install-8pagrce3/pandas_d22964139d854cbbb2ae8237611aeb61/pandas/_libs/ops.pyx
      [36/151] Compiling Cython source /tmp/pip-install-8pagrce3/pandas_d22964139d854cbbb2ae8237611aeb61/pandas/_libs/reshape.pyx
      [37/151] Compiling Cython source /tmp/pip-install-8pagrce3/pandas_d22964139d854cbbb2ae8237611aeb61/pandas/_libs/window/indexers.pyx
      [38/151] Compiling Cython source /tmp/pip-install-8pagrce3/pandas_d22964139d854cbbb2ae8237611aeb61/pandas/_libs/sas.pyx
      [39/151] Compiling Cython source /tmp/pip-install-8pagrce3/pandas_d22964139d854cbbb2ae8237611aeb61/pandas/_libs/index.pyx
      [40/151] Compiling Cython source /tmp/pip-install-8pagrce3/pandas_d22964139d854cbbb2ae8237611aeb61/pandas/_libs/tslib.pyx
      [41/151] Compiling Cython source /tmp/pip-install-8pagrce3/pandas_d22964139d854cbbb2ae8237611aeb61/pandas/_libs/parsers.pyx
      [42/151] Compiling Cython source /tmp/pip-install-8pagrce3/pandas_d22964139d854cbbb2ae8237611aeb61/pandas/_libs/writers.pyx
      [43/151] Compiling Cython source /tmp/pip-install-8pagrce3/pandas_d22964139d854cbbb2ae8237611aeb61/pandas/_libs/lib.pyx
      [44/151] Compiling Cython source /tmp/pip-install-8pagrce3/pandas_d22964139d854cbbb2ae8237611aeb61/pandas/_libs/interval.pyx
      [45/151] Compiling Cython source /tmp/pip-install-8pagrce3/pandas_d22964139d854cbbb2ae8237611aeb61/pandas/_libs/window/aggregations.pyx
      [46/151] Compiling Cython source /tmp/pip-install-8pagrce3/pandas_d22964139d854cbbb2ae8237611aeb61/pandas/_libs/sparse.pyx
      [47/151] Compiling Cython source /tmp/pip-install-8pagrce3/pandas_d22964139d854cbbb2ae8237611aeb61/pandas/_libs/algos.pyx
      [48/151] Compiling Cython source /tmp/pip-install-8pagrce3/pandas_d22964139d854cbbb2ae8237611aeb61/pandas/_libs/hashtable.pyx
      [49/151] Compiling Cython source /tmp/pip-install-8pagrce3/pandas_d22964139d854cbbb2ae8237611aeb61/pandas/_libs/groupby.pyx
      [50/151] Compiling Cython source /tmp/pip-install-8pagrce3/pandas_d22964139d854cbbb2ae8237611aeb61/pandas/_libs/join.pyx
      ninja: build stopped: subcommand failed.
      [end of output]
  
  note: This error originates from a subprocess, and is likely not a problem with pip.
error: metadata-generation-failed

Ã— Encountered error while generating package metadata.
â•°â”€> See above for output.

note: This is an issue with the package mentioned above, not pip.
hint: See above for details.

[notice] A new release of pip is available: 24.0 -> 25.3
[notice] To update, run: pip install --upgrade pip
Checking if Streamlit is installed
Installing rich for an improved exception logging
Using standard pip install.
Collecting rich>=10.14.0
  Downloading rich-14.2.0-py3-none-any.whl.metadata (18 kB)
Collecting markdown-it-py>=2.2.0 (from rich>=10.14.0)
  Downloading markdown_it_py-4.0.0-py3-none-any.whl.metadata (7.3 kB)
Collecting pygments<3.0.0,>=2.13.0 (from rich>=10.14.0)
  Downloading pygments-2.19.2-py3-none-any.whl.metadata (2.5 kB)
Collecting mdurl~=0.1 (from markdown-it-py>=2.2.0->rich>=10.14.0)
  Downloading mdurl-0.1.2-py3-none-any.whl.metadata (1.6 kB)
Downloading rich-14.2.0-py3-none-any.whl (243 kB)
   â”â”â”â”â”â”â”â”â”â”â”â”â”â”â”â”â”â”â”â”â”â”â”â”â”â”â”â”â”â”â”â”â”â”â”â”â”â”â”â” 243.4/243.4 kB 13.3 MB/s eta 0:00:00[2025-10-28 16:04:08.937259] 
Downloading markdown_it_py-4.0.0-py3-none-any.whl (87 kB)
   â”â”â”â”â”â”â”â”â”â”â”â”â”â”â”â”â”â”â”â”â”â”â”â”â”â”â”â”â”â”â”â”â”â”â”â”â”â”â”â” 87.3/87.3 kB 194.8 MB/s eta 0:00:00[2025-10-28 16:04:08.949631] 
Downloading pygments-2.19.2-py3-none-any.whl (1.2 MB)
   â”â”â”â”â”â”â”â”â”â”â”â”â”â”â”â”â”â”â”â”â”â”â”â”â”â”â”â”â”â”â”â”â”â”â”â”â”â”â”â” 1.2/1.2 MB 82.9 MB/s eta 0:00:00[2025-10-28 16:04:08.976185] 
Downloading mdurl-0.1.2-py3-none-any.whl (10.0 kB)
Installing collected packages: pygments, mdurl, markdown-it-py, rich
  Attempting uninstall: pygments
    Found existing installation: Pygments 2.19.2
    Uninstalling Pygments-2.19.2:
      Successfully uninstalled Pygments-2.19.2
  Attempting uninstall: mdurl
    Found existing installation: mdurl 0.1.2
    Uninstalling mdurl-0.1.2:
      Successfully uninstalled mdurl-0.1.2
  Attempting uninstall: markdown-it-py
    Found existing installation: markdown-it-py 4.0.0
    Uninstalling markdown-it-py-4.0.0:
      Successfully uninstalled markdown-it-py-4.0.0
  Attempting uninstall: rich
    Found existing installation: rich 14.2.0
    Uninstalling rich-14.2.0:
      Successfully uninstalled rich-14.2.0
Successfully installed markdown-it-py-4.0.0 mdurl-0.1.2 pygments-2.19.2 rich-14.2.0

[notice] A new release of pip is available: 24.0 -> 25.3
[notice] To update, run: pip install --upgrade pip

â”€â”€â”€â”€â”€â”€â”€â”€â”€â”€â”€â”€â”€â”€â”€â”€â”€â”€â”€â”€â”€â”€â”€â”€â”€â”€â”€â”€â”€â”€â”€â”€â”€â”€â”€â”€â”€â”€â”€â”€â”€â”€â”€â”€â”€â”€â”€â”€â”€â”€â”€â”€â”€â”€â”€â”€â”€â”€â”€â”€â”€â”€â”€â”€â”€â”€â”€â”€â”€â”€â”€â”€â”€â”€â”€â”€â”€â”€â”€â”€â”€â”€â”€â”€â”€â”€â”€â”€

[16:04:10] â—ï¸ installer returned a non-zero exit code
[16:04:10] â—ï¸ Error during processing dependencies! Please fix the error and push an update, or try restarting the app.
[16:04:10] ğŸ™ Pulling code changes from Github...
[16:04:11] ğŸ“¦ Processing dependencies...

â”€â”€â”€â”€â”€â”€â”€â”€â”€â”€â”€â”€â”€â”€â”€â”€â”€â”€â”€â”€â”€â”€â”€â”€â”€â”€â”€â”€â”€â”€â”€â”€â”€â”€â”€â”€â”€â”€â”€â”€ uv â”€â”€â”€â”€â”€â”€â”€â”€â”€â”€â”€â”€â”€â”€â”€â”€â”€â”€â”€â”€â”€â”€â”€â”€â”€â”€â”€â”€â”€â”€â”€â”€â”€â”€â”€â”€â”€â”€â”€â”€â”€â”€â”€

Using uv pip install.
Using Python 3.13.9 environment at /home/adminuser/venv[2025-10-28 16:04:12.214140] 
  Ã— No solution found when resolving dependencies:
  â•°â”€â–¶ Because tensorflow==2.14.0 has no wheels with a matching Python ABI
      tag and you require tensorflow==2.14.0, we can conclude that your
      requirements are unsatisfiable.
Checking if Streamlit is installed
Installing rich for an improved exception logging
Using uv pip install.
Using Python 3.13.9 environment at /home/adminuser/venv
Audited 1 package in 1ms

â”€â”€â”€â”€â”€â”€â”€â”€â”€â”€â”€â”€â”€â”€â”€â”€â”€â”€â”€â”€â”€â”€â”€â”€â”€â”€â”€â”€â”€â”€â”€â”€â”€â”€â”€â”€â”€â”€â”€â”€â”€â”€â”€â”€â”€â”€â”€â”€â”€â”€â”€â”€â”€â”€â”€â”€â”€â”€â”€â”€â”€â”€â”€â”€â”€â”€â”€â”€â”€â”€â”€â”€â”€â”€â”€â”€â”€â”€â”€â”€â”€â”€â”€â”€â”€â”€â”€â”€


â”€â”€â”€â”€â”€â”€â”€â”€â”€â”€â”€â”€â”€â”€â”€â”€â”€â”€â”€â”€â”€â”€â”€â”€â”€â”€â”€â”€â”€â”€â”€â”€â”€â”€â”€â”€â”€â”€â”€â”€ pip â”€â”€â”€â”€â”€â”€â”€â”€â”€â”€â”€â”€â”€â”€â”€â”€â”€â”€â”€â”€â”€â”€â”€â”€â”€â”€â”€â”€â”€â”€â”€â”€â”€â”€â”€â”€â”€â”€â”€â”€â”€â”€â”€

Using standard pip install.
Collecting fastapi==0.115.0 (from -r /mount/src/helix-unified/requirements.txt (line 3))
  Downloading fastapi-0.115.0-py3-none-any.whl.metadata (27 kB)
Collecting uvicorn==0.32.0 (from uvicorn[standard]==0.32.0->-r /mount/src/helix-unified/requirements.txt (line 4))
  Downloading uvicorn-0.32.0-py3-none-any.whl.metadata (6.6 kB)
Collecting python-dotenv==1.0.1 (from -r /mount/src/helix-unified/requirements.txt (line 5))
  Downloading python_dotenv-1.0.1-py3-none-any.whl.metadata (23 kB)
Collecting discord.py==2.4.0 (from -r /mount/src/helix-unified/requirements.txt (line 8))
  Downloading discord.py-2.4.0-py3-none-any.whl.metadata (6.9 kB)
Collecting redis==5.2.0 (from redis[hiredis]==5.2.0->-r /mount/src/helix-unified/requirements.txt (line 11))
  Downloading redis-5.2.0-py3-none-any.whl.metadata (9.1 kB)
Collecting asyncpg==0.30.0 (from -r /mount/src/helix-unified/requirements.txt (line 12))
  Downloading asyncpg-0.30.0-cp313-cp313-manylinux_2_17_x86_64.manylinux2014_x86_64.whl.metadata (5.0 kB)
Collecting sqlalchemy==2.0.23 (from -r /mount/src/helix-unified/requirements.txt (line 13))
  Downloading SQLAlchemy-2.0.23-py3-none-any.whl.metadata (9.6 kB)
Collecting mega.py (from -r /mount/src/helix-unified/requirements.txt (line 15))
  Downloading mega.py-1.0.8-py2.py3-none-any.whl.metadata (6.5 kB)
Collecting pycryptodome (from -r /mount/src/helix-unified/requirements.txt (line 16))
  Downloading pycryptodome-3.23.0-cp37-abi3-manylinux_2_17_x86_64.manylinux2014_x86_64.whl.metadata (3.4 kB)
Collecting numpy==1.26.4 (from -r /mount/src/helix-unified/requirements.txt (line 19))
  Downloading numpy-1.26.4.tar.gz (15.8 MB)
     â”â”â”â”â”â”â”â”â”â”â”â”â”â”â”â”â”â”â”â”â”â”â”â”â”â”â”â”â”â”â”â”â”â”â”â”â”â”â” 15.8/15.8 MB 127.1 MB/s eta 0:00:00[2025-10-28 16:04:15.746414] 
  Installing build dependencies: started
  Installing build dependencies: finished with status 'done'
  Getting requirements to build wheel: started
  Getting requirements to build wheel: finished with status 'done'
  Installing backend dependencies: started
  Installing backend dependencies: finished with status 'done'
  Preparing metadata (pyproject.toml): started
  Preparing metadata (pyproject.toml): still running...
  Preparing metadata (pyproject.toml): still running...
  Preparing metadata (pyproject.toml): finished with status 'done'
Collecting pydub==0.25.1 (from -r /mount/src/helix-unified/requirements.txt (line 20))
  Downloading pydub-0.25.1-py2.py3-none-any.whl.metadata (1.4 kB)
Collecting httpx==0.28.0 (from -r /mount/src/helix-unified/requirements.txt (line 26))
  Downloading httpx-0.28.0-py3-none-any.whl.metadata (7.1 kB)
Collecting aiohttp==3.11.0 (from -r /mount/src/helix-unified/requirements.txt (line 27))
  Downloading aiohttp-3.11.0-cp313-cp313-manylinux_2_17_x86_64.manylinux2014_x86_64.whl.metadata (7.7 kB)
Collecting requests==2.31.0 (from -r /mount/src/helix-unified/requirements.txt (line 28))
  Downloading requests-2.31.0-py3-none-any.whl.metadata (4.6 kB)
Collecting aiofiles==23.2.1 (from -r /mount/src/helix-unified/requirements.txt (line 33))
  Downloading aiofiles-23.2.1-py3-none-any.whl.metadata (9.7 kB)
Collecting sentry-sdk==2.19.0 (from sentry-sdk[fastapi]==2.19.0->-r /mount/src/helix-unified/requirements.txt (line 36))
  Downloading sentry_sdk-2.19.0-py2.py3-none-any.whl.metadata (9.9 kB)
Collecting streamlit==1.40.0 (from -r /mount/src/helix-unified/requirements.txt (line 39))
  Downloading streamlit-1.40.0-py2.py3-none-any.whl.metadata (8.5 kB)
Collecting plotly==5.18.0 (from -r /mount/src/helix-unified/requirements.txt (line 40))
  Downloading plotly-5.18.0-py3-none-any.whl.metadata (7.0 kB)
Collecting pandas==2.1.3 (from -r /mount/src/helix-unified/requirements.txt (line 41))
  Downloading pandas-2.1.3.tar.gz (4.3 MB)
     â”â”â”â”â”â”â”â”â”â”â”â”â”â”â”â”â”â”â”â”â”â”â”â”â”â”â”â”â”â”â”â”â”â”â”â”â”â”â”â” 4.3/4.3 MB 173.4 MB/s eta 0:00:00[2025-10-28 16:06:29.925749] 
  Installing build dependencies: started